

Microchip MPLAB XC8 Assembler V2.10 build 88905656 
                                                                                               Fri Sep 18 15:27:45 2020

Microchip MPLAB XC8 C Compiler v2.10 (Free license) build 20190730164152 Og1 
     1                           	processor	18F46K20
     2                           	fnconf	rparam,??,?,0
     3                           	opt	pw 120
     4                           	opt	flic
     5                           	psect	cinit,global,reloc=2,class=CODE,delta=1
     6                           	psect	cstackCOMRAM,global,class=COMRAM,space=1,delta=1,noexec
     7                           	psect	text0,global,reloc=2,class=CODE,delta=1
     8                           	psect	text1,global,reloc=2,class=CODE,delta=1
     9                           	psect	text2,global,reloc=2,class=CODE,delta=1
    10                           	psect	text3,global,reloc=2,class=CODE,delta=1
    11                           	psect	intsave_regs,global,class=BIGRAM,space=1,delta=1,noexec
    12                           	psect	rparam,global,class=COMRAM,space=1,delta=1,noexec
    13  0000                     
    14                           ; Version 2.10
    15                           ; Generated 31/07/2019 GMT
    16                           ; 
    17                           ; Copyright © 2019, Microchip Technology Inc. and its subsidiaries ("Microchip")
    18                           ; All rights reserved.
    19                           ; 
    20                           ; This software is developed by Microchip Technology Inc. and its subsidiaries ("Microch
      +                          ip").
    21                           ; 
    22                           ; Redistribution and use in source and binary forms, with or without modification, are
    23                           ; permitted provided that the following conditions are met:
    24                           ; 
    25                           ;     1. Redistributions of source code must retain the above copyright notice, this lis
      +                          t of
    26                           ;        conditions and the following disclaimer.
    27                           ; 
    28                           ;     2. Redistributions in binary form must reproduce the above copyright notice, this 
      +                          list
    29                           ;        of conditions and the following disclaimer in the documentation and/or other
    30                           ;        materials provided with the distribution.
    31                           ; 
    32                           ;     3. Microchip's name may not be used to endorse or promote products derived from th
      +                          is
    33                           ;        software without specific prior written permission.
    34                           ; 
    35                           ; THIS SOFTWARE IS PROVIDED BY MICROCHIP "AS IS" AND ANY EXPRESS OR IMPLIED WARRANTIES,
    36                           ; INCLUDING, BUT NOT LIMITED TO, THE IMPLIED WARRANTIES OF MERCHANTABILITY AND FITNESS F
      +                          OR
    37                           ; PURPOSE ARE DISCLAIMED.  IN NO EVENT SHALL MICROCHIP BE LIABLE FOR ANY DIRECT, INDIREC
      +                          T,
    38                           ; INCIDENTAL, SPECIAL, EXEMPLARY, OR CONSEQUENTIAL DAMAGES (INCLUDING BUT NOT LIMITED TO
    39                           ; PROCUREMENT OF SUBSTITUTE GOODS OR SERVICES; LOSS OF USE, DATA OR PROFITS; OR BUSINESS
    40                           ; INTERRUPTION) HOWSOEVER CAUSED AND ON ANY THEORY OF LIABILITY, WHETHER IN CONTRACT, ST
      +                          RICT
    41                           ; LIABILITY, OR TORT (INCLUDING NEGLIGENCE OR OTHERWISE) ARISING IN ANY WAY OUT OF THE U
      +                          SE OF
    42                           ; THIS SOFTWARE, EVEN IF ADVISED OF THE POSSIBILITY OF SUCH DAMAGE.
    43                           ; 
    44                           ; 
    45                           ; Code-generator required, PIC18F46K20 Definitions
    46                           ; 
    47                           ; SFR Addresses
    48  0000                     _PORTC	set	3970
    49  0000                     _OSCTUNE	set	3995
    50  0000                     _OSCCON	set	4051
    51  0000                     _INTCONbits	set	4082
    52  0000                     _INTCON2bits	set	4081
    53  0000                     _WPUB	set	3964
    54  0000                     _ANSELH	set	3967
    55  0000                     _ANSEL	set	3966
    56  0000                     _TRISD	set	3989
    57  0000                     _TRISC	set	3988
    58  0000                     _TRISB	set	3987
    59  0000                     _TRISA	set	3986
    60  0000                     _TRISE	set	3990
    61  0000                     _LATC	set	3979
    62  0000                     _LATB	set	3978
    63  0000                     _LATA	set	3977
    64  0000                     _LATD	set	3980
    65  0000                     _LATE	set	3981
    66                           
    67                           ; #config settings
    68  0000                     
    69                           	psect	cinit
    70  00FF92                     __pcinit:
    71                           	opt callstack 0
    72  00FF92                     start_initialization:
    73                           	opt callstack 0
    74  00FF92                     __initialization:
    75                           	opt callstack 0
    76  00FF92                     end_of_initialization:
    77                           	opt callstack 0
    78  00FF92                     __end_of__initialization:
    79                           	opt callstack 0
    80  00FF92  0100               	movlb	0
    81  00FF94  EFD6  F07F         	goto	_main	;jump to C main() function
    82                           
    83                           	psect	cstackCOMRAM
    84  000001                     __pcstackCOMRAM:
    85                           	opt callstack 0
    86  000001                     ??_main:
    87                           
    88                           ; 1 bytes @ 0x0
    89  000001                     	ds	2
    90                           
    91 ;;
    92 ;;Main: autosize = 0, tempsize = 2, incstack = 0, save=0
    93 ;;
    94 ;; *************** function _main *****************
    95 ;; Defined at:
    96 ;;		line 4 in file "main.c"
    97 ;; Parameters:    Size  Location     Type
    98 ;;		None
    99 ;; Auto vars:     Size  Location     Type
   100 ;;		None
   101 ;; Return value:  Size  Location     Type
   102 ;;                  1    wreg      void 
   103 ;; Registers used:
   104 ;;		wreg, status,2, status,0, cstack
   105 ;; Tracked objects:
   106 ;;		On entry : 0/0
   107 ;;		On exit  : 0/0
   108 ;;		Unchanged: 0/0
   109 ;; Data sizes:     COMRAM   BANK0   BANK1   BANK2   BANK3   BANK4   BANK5   BANK6   BANK7   BANK8   BANK9  BANK10  BANK1
      +1  BANK12  BANK13  BANK14  BANK15
   110 ;;      Params:         0       0       0       0       0       0       0       0       0       0       0       0       
      +0       0       0       0       0
   111 ;;      Locals:         0       0       0       0       0       0       0       0       0       0       0       0       
      +0       0       0       0       0
   112 ;;      Temps:          2       0       0       0       0       0       0       0       0       0       0       0       
      +0       0       0       0       0
   113 ;;      Totals:         2       0       0       0       0       0       0       0       0       0       0       0       
      +0       0       0       0       0
   114 ;;Total ram usage:        2 bytes
   115 ;; Hardware stack levels required when called:    2
   116 ;; This function calls:
   117 ;;		_SYSTEM_Initialize
   118 ;; This function is called by:
   119 ;;		Startup code after reset
   120 ;; This function uses a non-reentrant model
   121 ;;
   122                           
   123                           	psect	text0
   124  00FFAC                     __ptext0:
   125                           	opt callstack 0
   126  00FFAC                     _main:
   127                           	opt callstack 29
   128  00FFAC                     
   129                           ;main.c: 7:     SYSTEM_Initialize();
   130  00FFAC  ECD1  F07F         	call	_SYSTEM_Initialize	;wreg free
   131  00FFB0                     l760:
   132                           
   133                           ;main.c: 9:     {;main.c: 11:         PORTC =~ PORTC;
   134  00FFB0  1E82               	comf	130,f,c	;volatile
   135  00FFB2                     
   136                           ;main.c: 12:         _delay((unsigned long)((250)*(8000000/4000.0)));
   137  00FFB2  0E03               	movlw	3
   138  00FFB4  6E02               	movwf	(??_main+1)^0,c
   139  00FFB6  0E8A               	movlw	138
   140  00FFB8  6E01               	movwf	??_main^0,c
   141  00FFBA  0E56               	movlw	86
   142  00FFBC                     u17:
   143  00FFBC  2EE8               	decfsz	wreg,f,c
   144  00FFBE  D7FE               	bra	u17
   145  00FFC0  2E01               	decfsz	??_main^0,f,c
   146  00FFC2  D7FC               	bra	u17
   147  00FFC4  2E02               	decfsz	(??_main+1)^0,f,c
   148  00FFC6  D7FA               	bra	u17
   149  00FFC8  EFD8  F07F         	goto	l760
   150  00FFCC  EF00  F000         	goto	start
   151  00FFD0                     __end_of_main:
   152                           	opt callstack 0
   153                           
   154 ;; *************** function _SYSTEM_Initialize *****************
   155 ;; Defined at:
   156 ;;		line 50 in file "mcc_generated_files/mcc.c"
   157 ;; Parameters:    Size  Location     Type
   158 ;;		None
   159 ;; Auto vars:     Size  Location     Type
   160 ;;		None
   161 ;; Return value:  Size  Location     Type
   162 ;;                  1    wreg      void 
   163 ;; Registers used:
   164 ;;		wreg, status,2, cstack
   165 ;; Tracked objects:
   166 ;;		On entry : 0/0
   167 ;;		On exit  : 0/0
   168 ;;		Unchanged: 0/0
   169 ;; Data sizes:     COMRAM   BANK0   BANK1   BANK2   BANK3   BANK4   BANK5   BANK6   BANK7   BANK8   BANK9  BANK10  BANK1
      +1  BANK12  BANK13  BANK14  BANK15
   170 ;;      Params:         0       0       0       0       0       0       0       0       0       0       0       0       
      +0       0       0       0       0
   171 ;;      Locals:         0       0       0       0       0       0       0       0       0       0       0       0       
      +0       0       0       0       0
   172 ;;      Temps:          0       0       0       0       0       0       0       0       0       0       0       0       
      +0       0       0       0       0
   173 ;;      Totals:         0       0       0       0       0       0       0       0       0       0       0       0       
      +0       0       0       0       0
   174 ;;Total ram usage:        0 bytes
   175 ;; Hardware stack levels used:    1
   176 ;; Hardware stack levels required when called:    1
   177 ;; This function calls:
   178 ;;		_OSCILLATOR_Initialize
   179 ;;		_PIN_MANAGER_Initialize
   180 ;; This function is called by:
   181 ;;		_main
   182 ;; This function uses a non-reentrant model
   183 ;;
   184                           
   185                           	psect	text1
   186  00FFA2                     __ptext1:
   187                           	opt callstack 0
   188  00FFA2                     _SYSTEM_Initialize:
   189                           	opt callstack 29
   190  00FFA2                     
   191                           ;mcc_generated_files/mcc.c: 53:     PIN_MANAGER_Initialize();
   192  00FFA2  ECE8  F07F         	call	_PIN_MANAGER_Initialize	;wreg free
   193                           
   194                           ;mcc_generated_files/mcc.c: 54:     OSCILLATOR_Initialize();
   195  00FFA6  ECCC  F07F         	call	_OSCILLATOR_Initialize	;wreg free
   196  00FFAA  0012               	return		;funcret
   197  00FFAC                     __end_of_SYSTEM_Initialize:
   198                           	opt callstack 0
   199                           
   200 ;; *************** function _PIN_MANAGER_Initialize *****************
   201 ;; Defined at:
   202 ;;		line 55 in file "mcc_generated_files/pin_manager.c"
   203 ;; Parameters:    Size  Location     Type
   204 ;;		None
   205 ;; Auto vars:     Size  Location     Type
   206 ;;		None
   207 ;; Return value:  Size  Location     Type
   208 ;;                  1    wreg      void 
   209 ;; Registers used:
   210 ;;		wreg, status,2
   211 ;; Tracked objects:
   212 ;;		On entry : 0/0
   213 ;;		On exit  : 0/0
   214 ;;		Unchanged: 0/0
   215 ;; Data sizes:     COMRAM   BANK0   BANK1   BANK2   BANK3   BANK4   BANK5   BANK6   BANK7   BANK8   BANK9  BANK10  BANK1
      +1  BANK12  BANK13  BANK14  BANK15
   216 ;;      Params:         0       0       0       0       0       0       0       0       0       0       0       0       
      +0       0       0       0       0
   217 ;;      Locals:         0       0       0       0       0       0       0       0       0       0       0       0       
      +0       0       0       0       0
   218 ;;      Temps:          0       0       0       0       0       0       0       0       0       0       0       0       
      +0       0       0       0       0
   219 ;;      Totals:         0       0       0       0       0       0       0       0       0       0       0       0       
      +0       0       0       0       0
   220 ;;Total ram usage:        0 bytes
   221 ;; Hardware stack levels used:    1
   222 ;; This function calls:
   223 ;;		Nothing
   224 ;; This function is called by:
   225 ;;		_SYSTEM_Initialize
   226 ;; This function uses a non-reentrant model
   227 ;;
   228                           
   229                           	psect	text2
   230  00FFD0                     __ptext2:
   231                           	opt callstack 0
   232  00FFD0                     _PIN_MANAGER_Initialize:
   233                           	opt callstack 29
   234  00FFD0                     
   235                           ;mcc_generated_files/pin_manager.c: 60:     LATE = 0x00;
   236  00FFD0  0E00               	movlw	0
   237  00FFD2  6E8D               	movwf	141,c	;volatile
   238                           
   239                           ;mcc_generated_files/pin_manager.c: 61:     LATD = 0x00;
   240  00FFD4  0E00               	movlw	0
   241  00FFD6  6E8C               	movwf	140,c	;volatile
   242                           
   243                           ;mcc_generated_files/pin_manager.c: 62:     LATA = 0x00;
   244  00FFD8  0E00               	movlw	0
   245  00FFDA  6E89               	movwf	137,c	;volatile
   246                           
   247                           ;mcc_generated_files/pin_manager.c: 63:     LATB = 0x00;
   248  00FFDC  0E00               	movlw	0
   249  00FFDE  6E8A               	movwf	138,c	;volatile
   250                           
   251                           ;mcc_generated_files/pin_manager.c: 64:     LATC = 0x00;
   252  00FFE0  0E00               	movlw	0
   253  00FFE2  6E8B               	movwf	139,c	;volatile
   254                           
   255                           ;mcc_generated_files/pin_manager.c: 69:     TRISE = 0x07;
   256  00FFE4  0E07               	movlw	7
   257  00FFE6  6E96               	movwf	150,c	;volatile
   258  00FFE8                     
   259                           ;mcc_generated_files/pin_manager.c: 70:     TRISA = 0xFF;
   260  00FFE8  6892               	setf	146,c	;volatile
   261  00FFEA                     
   262                           ;mcc_generated_files/pin_manager.c: 71:     TRISB = 0xFF;
   263  00FFEA  6893               	setf	147,c	;volatile
   264                           
   265                           ;mcc_generated_files/pin_manager.c: 72:     TRISC = 0x00;
   266  00FFEC  0E00               	movlw	0
   267  00FFEE  6E94               	movwf	148,c	;volatile
   268  00FFF0                     
   269                           ;mcc_generated_files/pin_manager.c: 73:     TRISD = 0xFF;
   270  00FFF0  6895               	setf	149,c	;volatile
   271  00FFF2                     
   272                           ;mcc_generated_files/pin_manager.c: 78:     ANSEL = 0xFF;
   273  00FFF2  687E               	setf	126,c	;volatile
   274                           
   275                           ;mcc_generated_files/pin_manager.c: 79:     ANSELH = 0x1F;
   276  00FFF4  0E1F               	movlw	31
   277  00FFF6  6E7F               	movwf	127,c	;volatile
   278                           
   279                           ;mcc_generated_files/pin_manager.c: 84:     WPUB = 0x00;
   280  00FFF8  0E00               	movlw	0
   281  00FFFA  6E7C               	movwf	124,c	;volatile
   282  00FFFC                     
   283                           ;mcc_generated_files/pin_manager.c: 85:     INTCON2bits.nRBPU = 1;
   284  00FFFC  8EF1               	bsf	241,7,c	;volatile
   285  00FFFE  0012               	return		;funcret
   286  010000                     __end_of_PIN_MANAGER_Initialize:
   287                           	opt callstack 0
   288                           
   289 ;; *************** function _OSCILLATOR_Initialize *****************
   290 ;; Defined at:
   291 ;;		line 57 in file "mcc_generated_files/mcc.c"
   292 ;; Parameters:    Size  Location     Type
   293 ;;		None
   294 ;; Auto vars:     Size  Location     Type
   295 ;;		None
   296 ;; Return value:  Size  Location     Type
   297 ;;                  1    wreg      void 
   298 ;; Registers used:
   299 ;;		wreg, status,2
   300 ;; Tracked objects:
   301 ;;		On entry : 0/0
   302 ;;		On exit  : 0/0
   303 ;;		Unchanged: 0/0
   304 ;; Data sizes:     COMRAM   BANK0   BANK1   BANK2   BANK3   BANK4   BANK5   BANK6   BANK7   BANK8   BANK9  BANK10  BANK1
      +1  BANK12  BANK13  BANK14  BANK15
   305 ;;      Params:         0       0       0       0       0       0       0       0       0       0       0       0       
      +0       0       0       0       0
   306 ;;      Locals:         0       0       0       0       0       0       0       0       0       0       0       0       
      +0       0       0       0       0
   307 ;;      Temps:          0       0       0       0       0       0       0       0       0       0       0       0       
      +0       0       0       0       0
   308 ;;      Totals:         0       0       0       0       0       0       0       0       0       0       0       0       
      +0       0       0       0       0
   309 ;;Total ram usage:        0 bytes
   310 ;; Hardware stack levels used:    1
   311 ;; This function calls:
   312 ;;		Nothing
   313 ;; This function is called by:
   314 ;;		_SYSTEM_Initialize
   315 ;; This function uses a non-reentrant model
   316 ;;
   317                           
   318                           	psect	text3
   319  00FF98                     __ptext3:
   320                           	opt callstack 0
   321  00FF98                     _OSCILLATOR_Initialize:
   322                           	opt callstack 29
   323  00FF98                     
   324                           ;mcc_generated_files/mcc.c: 60:     OSCCON = 0x30;
   325  00FF98  0E30               	movlw	48
   326  00FF9A  6ED3               	movwf	211,c	;volatile
   327                           
   328                           ;mcc_generated_files/mcc.c: 62:     OSCTUNE = 0x00;
   329  00FF9C  0E00               	movlw	0
   330  00FF9E  6E9B               	movwf	155,c	;volatile
   331  00FFA0  0012               	return		;funcret
   332  00FFA2                     __end_of_OSCILLATOR_Initialize:
   333                           	opt callstack 0
   334  0000                     
   335                           	psect	rparam
   336  0000                     tosu	equ	0xFFF
   337                           tosh	equ	0xFFE
   338                           tosl	equ	0xFFD
   339                           stkptr	equ	0xFFC
   340                           pclatu	equ	0xFFB
   341                           pclath	equ	0xFFA
   342                           pcl	equ	0xFF9
   343                           tblptru	equ	0xFF8
   344                           tblptrh	equ	0xFF7
   345                           tblptrl	equ	0xFF6
   346                           tablat	equ	0xFF5
   347                           prodh	equ	0xFF4
   348                           prodl	equ	0xFF3
   349                           indf0	equ	0xFEF
   350                           postinc0	equ	0xFEE
   351                           postdec0	equ	0xFED
   352                           preinc0	equ	0xFEC
   353                           plusw0	equ	0xFEB
   354                           fsr0h	equ	0xFEA
   355                           fsr0l	equ	0xFE9
   356                           wreg	equ	0xFE8
   357                           indf1	equ	0xFE7
   358                           postinc1	equ	0xFE6
   359                           postdec1	equ	0xFE5
   360                           preinc1	equ	0xFE4
   361                           plusw1	equ	0xFE3
   362                           fsr1h	equ	0xFE2
   363                           fsr1l	equ	0xFE1
   364                           bsr	equ	0xFE0
   365                           indf2	equ	0xFDF
   366                           postinc2	equ	0xFDE
   367                           postdec2	equ	0xFDD
   368                           preinc2	equ	0xFDC
   369                           plusw2	equ	0xFDB
   370                           fsr2h	equ	0xFDA
   371                           fsr2l	equ	0xFD9
   372                           status	equ	0xFD8


Data Sizes:
    Strings     0
    Constant    0
    Data        0
    BSS         0
    Persistent  0
    Stack       0

Auto Spaces:
    Space          Size  Autos    Used
    COMRAM           95      2       2
    BANK0           160      0       0
    BANK1           256      0       0
    BANK2           256      0       0
    BANK3           256      0       0
    BANK4           256      0       0
    BANK5           256      0       0
    BANK6           256      0       0
    BANK7           256      0       0
    BANK8           256      0       0
    BANK9           256      0       0
    BANK10          256      0       0
    BANK11          256      0       0
    BANK12          256      0       0
    BANK13          256      0       0
    BANK14          256      0       0
    BANK15           96      0       0

Pointer List with Targets:

    None.

Critical Paths under _main in COMRAM

    None.

Critical Paths under _main in BANK0

    None.

Critical Paths under _main in BANK1

    None.

Critical Paths under _main in BANK2

    None.

Critical Paths under _main in BANK3

    None.

Critical Paths under _main in BANK4

    None.

Critical Paths under _main in BANK5

    None.

Critical Paths under _main in BANK6

    None.

Critical Paths under _main in BANK7

    None.

Critical Paths under _main in BANK8

    None.

Critical Paths under _main in BANK9

    None.

Critical Paths under _main in BANK10

    None.

Critical Paths under _main in BANK11

    None.

Critical Paths under _main in BANK12

    None.

Critical Paths under _main in BANK13

    None.

Critical Paths under _main in BANK14

    None.

Critical Paths under _main in BANK15

    None.

Call Graph Tables:

 ---------------------------------------------------------------------------------
 (Depth) Function   	        Calls       Base Space   Used Autos Params    Refs
 ---------------------------------------------------------------------------------
 (0) _main                                                 2     2      0       0
                                              0 COMRAM     2     2      0
                  _SYSTEM_Initialize
 ---------------------------------------------------------------------------------
 (1) _SYSTEM_Initialize                                    0     0      0       0
              _OSCILLATOR_Initialize
             _PIN_MANAGER_Initialize
 ---------------------------------------------------------------------------------
 (2) _PIN_MANAGER_Initialize                               0     0      0       0
 ---------------------------------------------------------------------------------
 (2) _OSCILLATOR_Initialize                                0     0      0       0
 ---------------------------------------------------------------------------------
 Estimated maximum stack depth 2
 ---------------------------------------------------------------------------------

 Call Graph Graphs:

 _main (ROOT)
   _SYSTEM_Initialize
     _OSCILLATOR_Initialize
     _PIN_MANAGER_Initialize

 Address spaces:
Name               Size   Autos  Total    Cost      Usage
BITCOMRAM           5F      0       0       0        0.0%
EEDATA             400      0       0       0        0.0%
NULL                 0      0       0       0        0.0%
CODE                 0      0       0       0        0.0%
COMRAM              5F      2       2       1        2.1%
STACK                0      0       0       2        0.0%
DATA                 0      0       0       3        0.0%
BITBANK0            A0      0       0       4        0.0%
BANK0               A0      0       0       5        0.0%
BITBANK1           100      0       0       6        0.0%
BANK1              100      0       0       7        0.0%
BITBANK2           100      0       0       8        0.0%
BANK2              100      0       0       9        0.0%
BITBANK3           100      0       0      10        0.0%
BANK3              100      0       0      11        0.0%
BITBANK4           100      0       0      12        0.0%
BANK4              100      0       0      13        0.0%
BITBANK5           100      0       0      14        0.0%
BANK5              100      0       0      15        0.0%
BITBANK6           100      0       0      16        0.0%
BANK6              100      0       0      17        0.0%
BITBANK7           100      0       0      18        0.0%
BANK7              100      0       0      19        0.0%
BITBANK8           100      0       0      20        0.0%
BANK8              100      0       0      21        0.0%
BITBANK9           100      0       0      22        0.0%
BANK9              100      0       0      23        0.0%
BITBANK10          100      0       0      24        0.0%
BANK10             100      0       0      25        0.0%
BITBANK11          100      0       0      26        0.0%
BANK11             100      0       0      27        0.0%
BITBANK12          100      0       0      28        0.0%
BANK12             100      0       0      29        0.0%
BITBANK13          100      0       0      30        0.0%
BANK13             100      0       0      31        0.0%
ABS                  0      0       0      32        0.0%
BITBANK14          100      0       0      33        0.0%
BANK14             100      0       0      34        0.0%
BITBANK15           60      0       0      35        0.0%
BANK15              60      0       0      36        0.0%
BIGRAM             F5F      0       0      37        0.0%
BITSFR               0      0       0     200        0.0%
SFR                  0      0       0     200        0.0%


Microchip Technology PIC18 Macro Assembler V2.10 build 88905656 
Symbol Table                                                                                   Fri Sep 18 15:27:45 2020

                             l33 FFFE                               l50 FFA0  
                             l47 FFAA                               u17 FFBC  
                   __CFG_CP0$OFF 000000                     __CFG_CP1$OFF 000000  
                   __CFG_CP2$OFF 000000                     __CFG_CP3$OFF 000000  
                    __CFG_LVP$ON 000000                              l740 FFD0  
                            l750 FFFC                              l742 FFE8  
                            l752 FF98                              l744 FFEA  
                            l760 FFB0                              l746 FFF0  
                            l754 FFA2                              l762 FFB2  
                            l748 FFF2                              l758 FFAC  
                   __CFG_CPB$OFF 000000                     __CFG_CPD$OFF 000000  
                   __CFG_BORV$18 000000                              wreg 000FE8  
                   __CFG_FOSC$HS 000000                             _LATA 000F89  
                           _LATB 000F8A                             _LATC 000F8B  
                           _LATD 000F8C                             _LATE 000F8D  
                           _WPUB 000F7C                             _main FFAC  
                           start 0000                    __CFG_IESO$OFF 000000  
                  __CFG_MCLRE$ON 000000                     ___param_bank 000000  
 __size_of_OSCILLATOR_Initialize 000A    __end_of_OSCILLATOR_Initialize FFA2  
                          ?_main 0001                            _ANSEL 000F7E  
                 __CFG_DEBUG$OFF 000000                            _PORTC 000F82  
                          _TRISA 000F92                            _TRISB 000F93  
                          _TRISC 000F94                            _TRISD 000F95  
                          _TRISE 000F96                    __CFG_PWRT$OFF 000000  
                  __CFG_WRT0$OFF 000000                    __CFG_WRT1$OFF 000000  
                  __CFG_WRT2$OFF 000000                    __CFG_WRT3$OFF 000000  
                 __CFG_EBTR0$OFF 000000                   __CFG_FCMEN$OFF 000000  
                 __CFG_EBTR1$OFF 000000                   __CFG_EBTR2$OFF 000000  
                 __CFG_EBTR3$OFF 000000                    __CFG_WRTB$OFF 000000  
                  __CFG_WRTC$OFF 000000                    __CFG_WRTD$OFF 000000  
                 __CFG_EBTRB$OFF 000000                   __CFG_HFOFST$ON 000000  
                 __CFG_PBADEN$ON 000000                  __initialization FF92  
                   __end_of_main FFD0                           ??_main 0001  
                  __activetblptr 000000                           _ANSELH 000F7F  
                 __CFG_WDTEN$OFF 000000                           _OSCCON 000FD3  
                 __CFG_XINST$OFF 000000                   __CFG_STVREN$ON 000000  
              _SYSTEM_Initialize FFA2                       __accesstop 0060  
        __end_of__initialization FF92               ?_SYSTEM_Initialize 0001  
                  ___rparam_used 000001                   __pcstackCOMRAM 0001  
            ??_SYSTEM_Initialize 0001        __end_of_SYSTEM_Initialize FFAC  
                        _OSCTUNE 000F9B                          __Hparam 0000  
                        __Lparam 0000                          __pcinit FF92  
                        __ramtop 1000                          __ptext0 FFAC  
                        __ptext1 FFA2                          __ptext2 FFD0  
                        __ptext3 FF98            _OSCILLATOR_Initialize FF98  
       ??_PIN_MANAGER_Initialize 0001       __size_of_SYSTEM_Initialize 000A  
           end_of_initialization FF92           ?_OSCILLATOR_Initialize 0001  
            start_initialization FF92  __size_of_PIN_MANAGER_Initialize 0030  
               __CFG_LPT1OSC$OFF 000000           _PIN_MANAGER_Initialize FFD0  
              __CFG_CCP2MX$PORTC 000000                 __CFG_WDTPS$32768 000000  
                    _INTCON2bits 000FF1                         __Hrparam 0000  
                       __Lrparam 0000               __CFG_BOREN$SBORDIS 000000  
        ??_OSCILLATOR_Initialize 0001                    __size_of_main 0024  
                     _INTCONbits 000FF2          ?_PIN_MANAGER_Initialize 0001  
 __end_of_PIN_MANAGER_Initialize 0000  
