

Microchip MPLAB XC8 Assembler V2.10 build 88905656 
                                                                                               Sat Sep 19 14:58:39 2020

Microchip MPLAB XC8 C Compiler v2.10 (Free license) build 20190730164152 Og1 
     1                           	processor	18F46K20
     2                           	fnconf	rparam,??,?,0
     3                           	opt	pw 120
     4                           	opt	flic
     5                           	psect	nvCOMRAM,global,class=COMRAM,space=1,delta=1,noexec
     6                           	psect	cinit,global,reloc=2,class=CODE,delta=1
     7                           	psect	cstackCOMRAM,global,class=COMRAM,space=1,delta=1,noexec
     8                           	psect	text0,global,reloc=2,class=CODE,delta=1
     9                           	psect	text1,global,reloc=2,class=CODE,delta=1
    10                           	psect	text2,global,reloc=2,class=CODE,delta=1
    11                           	psect	text3,global,reloc=2,class=CODE,delta=1
    12                           	psect	text4,global,reloc=2,class=CODE,delta=1
    13                           	psect	text5,global,reloc=2,class=CODE,delta=1
    14                           	psect	text6,global,reloc=2,class=CODE,delta=1
    15                           	psect	text7,global,reloc=2,class=CODE,delta=1
    16                           	psect	intcodelo,global,reloc=2,class=CODE,delta=1
    17                           	psect	text9,global,reloc=2,class=CODE,delta=1
    18                           	psect	text10,global,reloc=2,class=CODE,delta=1
    19                           	psect	text11,global,reloc=2,class=CODE,delta=1
    20                           	psect	intcode,global,reloc=2,class=CODE,delta=1
    21                           	psect	intcode_body,global,reloc=2,class=CODE,delta=1
    22                           	psect	text13,global,reloc=2,class=CODE,delta=1
    23                           	psect	text14,global,reloc=2,class=CODE,delta=1
    24                           	psect	text15,global,reloc=2,class=CODE,delta=1
    25                           	psect	intsave_regs,global,class=BIGRAM,space=1,delta=1,noexec
    26                           	psect	text16,global,reloc=2,class=CODE,delta=1
    27                           	psect	rparam,global,class=COMRAM,space=1,delta=1,noexec
    28                           	psect	temp,global,ovrld,common,class=COMRAM,space=1,delta=1
    29  0000                     
    30                           ; Version 2.10
    31                           ; Generated 31/07/2019 GMT
    32                           ; 
    33                           ; Copyright © 2019, Microchip Technology Inc. and its subsidiaries ("Microchip")
    34                           ; All rights reserved.
    35                           ; 
    36                           ; This software is developed by Microchip Technology Inc. and its subsidiaries ("Microch
      +                          ip").
    37                           ; 
    38                           ; Redistribution and use in source and binary forms, with or without modification, are
    39                           ; permitted provided that the following conditions are met:
    40                           ; 
    41                           ;     1. Redistributions of source code must retain the above copyright notice, this lis
      +                          t of
    42                           ;        conditions and the following disclaimer.
    43                           ; 
    44                           ;     2. Redistributions in binary form must reproduce the above copyright notice, this 
      +                          list
    45                           ;        of conditions and the following disclaimer in the documentation and/or other
    46                           ;        materials provided with the distribution.
    47                           ; 
    48                           ;     3. Microchip's name may not be used to endorse or promote products derived from th
      +                          is
    49                           ;        software without specific prior written permission.
    50                           ; 
    51                           ; THIS SOFTWARE IS PROVIDED BY MICROCHIP "AS IS" AND ANY EXPRESS OR IMPLIED WARRANTIES,
    52                           ; INCLUDING, BUT NOT LIMITED TO, THE IMPLIED WARRANTIES OF MERCHANTABILITY AND FITNESS F
      +                          OR
    53                           ; PURPOSE ARE DISCLAIMED.  IN NO EVENT SHALL MICROCHIP BE LIABLE FOR ANY DIRECT, INDIREC
      +                          T,
    54                           ; INCIDENTAL, SPECIAL, EXEMPLARY, OR CONSEQUENTIAL DAMAGES (INCLUDING BUT NOT LIMITED TO
    55                           ; PROCUREMENT OF SUBSTITUTE GOODS OR SERVICES; LOSS OF USE, DATA OR PROFITS; OR BUSINESS
    56                           ; INTERRUPTION) HOWSOEVER CAUSED AND ON ANY THEORY OF LIABILITY, WHETHER IN CONTRACT, ST
      +                          RICT
    57                           ; LIABILITY, OR TORT (INCLUDING NEGLIGENCE OR OTHERWISE) ARISING IN ANY WAY OUT OF THE U
      +                          SE OF
    58                           ; THIS SOFTWARE, EVEN IF ADVISED OF THE POSSIBILITY OF SUCH DAMAGE.
    59                           ; 
    60                           ; 
    61                           ; Code-generator required, PIC18F46K20 Definitions
    62                           ; 
    63                           ; SFR Addresses
    64  0000                     
    65                           	psect	nvCOMRAM
    66  00000E                     __pnvCOMRAM:
    67                           	opt callstack 0
    68  00000E                     _INT1_InterruptHandler:
    69                           	opt callstack 0
    70  00000E                     	ds	2
    71  000010                     _INT0_InterruptHandler:
    72                           	opt callstack 0
    73  000010                     	ds	2
    74  0000                     _PORTCbits	set	3970
    75  0000                     _INTCON3bits	set	4080
    76  0000                     _RCONbits	set	4048
    77  0000                     _OSCTUNE	set	3995
    78  0000                     _OSCCON	set	4051
    79  0000                     _INTCONbits	set	4082
    80  0000                     _INTCON2bits	set	4081
    81  0000                     _WPUB	set	3964
    82  0000                     _ANSELH	set	3967
    83  0000                     _ANSEL	set	3966
    84  0000                     _TRISD	set	3989
    85  0000                     _TRISC	set	3988
    86  0000                     _TRISB	set	3987
    87  0000                     _TRISA	set	3986
    88  0000                     _TRISE	set	3990
    89  0000                     _LATC	set	3979
    90  0000                     _LATB	set	3978
    91  0000                     _LATA	set	3977
    92  0000                     _LATD	set	3980
    93  0000                     _LATE	set	3981
    94                           
    95                           ; #config settings
    96  0000                     
    97                           	psect	cinit
    98  0001F4                     __pcinit:
    99                           	opt callstack 0
   100  0001F4                     start_initialization:
   101                           	opt callstack 0
   102  0001F4                     __initialization:
   103                           	opt callstack 0
   104  0001F4                     end_of_initialization:
   105                           	opt callstack 0
   106  0001F4                     __end_of__initialization:
   107                           	opt callstack 0
   108  0001F4  9012               	bcf	int$flags,0,c	;clear compiler interrupt flag (level 1)
   109  0001F6  9212               	bcf	int$flags,1,c	;clear compiler interrupt flag (level 2)
   110  0001F8  0E00               	movlw	low (__Lmediumconst shr (0+16))
   111  0001FA  6EF8               	movwf	tblptru,c
   112  0001FC  0100               	movlb	0
   113  0001FE  EF35  F000         	goto	_main	;jump to C main() function
   114                           
   115                           	psect	cstackCOMRAM
   116  000001                     __pcstackCOMRAM:
   117                           	opt callstack 0
   118  000001                     ??_INT0_DefaultInterruptHandler:
   119  000001                     
   120                           ; 1 bytes @ 0x0
   121  000001                     	ds	1
   122  000002                     ??_INTERRUPT_InterruptManagerHigh:
   123                           
   124                           ; 1 bytes @ 0x1
   125  000002                     	ds	2
   126  000004                     ??_INT1_DefaultInterruptHandler:
   127                           
   128                           ; 1 bytes @ 0x3
   129  000004                     	ds	1
   130  000005                     ??_INTERRUPT_InterruptManagerLow:
   131                           
   132                           ; 1 bytes @ 0x4
   133  000005                     	ds	5
   134  00000A                     INT0_SetInterruptHandler@InterruptHandler:
   135                           	opt callstack 0
   136  00000A                     INT1_SetInterruptHandler@InterruptHandler:
   137                           	opt callstack 0
   138                           
   139                           ; 2 bytes @ 0x9
   140  00000A                     	ds	2
   141  00000C                     ??_main:
   142                           
   143                           ; 1 bytes @ 0xB
   144  00000C                     	ds	2
   145                           
   146 ;;
   147 ;;Main: autosize = 0, tempsize = 2, incstack = 0, save=0
   148 ;;
   149 ;; *************** function _main *****************
   150 ;; Defined at:
   151 ;;		line 49 in file "main.c"
   152 ;; Parameters:    Size  Location     Type
   153 ;;		None
   154 ;; Auto vars:     Size  Location     Type
   155 ;;		None
   156 ;; Return value:  Size  Location     Type
   157 ;;                  1    wreg      void 
   158 ;; Registers used:
   159 ;;		wreg, status,2, status,0, cstack
   160 ;; Tracked objects:
   161 ;;		On entry : 0/0
   162 ;;		On exit  : 0/0
   163 ;;		Unchanged: 0/0
   164 ;; Data sizes:     COMRAM   BANK0   BANK1   BANK2   BANK3   BANK4   BANK5   BANK6   BANK7   BANK8   BANK9  BANK10  BANK1
      +1  BANK12  BANK13  BANK14  BANK15
   165 ;;      Params:         0       0       0       0       0       0       0       0       0       0       0       0       
      +0       0       0       0       0
   166 ;;      Locals:         0       0       0       0       0       0       0       0       0       0       0       0       
      +0       0       0       0       0
   167 ;;      Temps:          2       0       0       0       0       0       0       0       0       0       0       0       
      +0       0       0       0       0
   168 ;;      Totals:         2       0       0       0       0       0       0       0       0       0       0       0       
      +0       0       0       0       0
   169 ;;Total ram usage:        2 bytes
   170 ;; Hardware stack levels required when called:   11
   171 ;; This function calls:
   172 ;;		_SYSTEM_Initialize
   173 ;; This function is called by:
   174 ;;		Startup code after reset
   175 ;; This function uses a non-reentrant model
   176 ;;
   177                           
   178                           	psect	text0
   179  00006A                     __ptext0:
   180                           	opt callstack 0
   181  00006A                     _main:
   182                           	opt callstack 20
   183  00006A                     
   184                           ;main.c: 52:     SYSTEM_Initialize();
   185  00006A  ECF1  F000         	call	_SYSTEM_Initialize	;wreg free
   186  00006E                     
   187                           ;main.c: 58:     (INTCONbits.GIEH = 1);
   188  00006E  8EF2               	bsf	242,7,c	;volatile
   189  000070                     
   190                           ;main.c: 61:     (INTCONbits.GIEL = 1);
   191  000070  8CF2               	bsf	242,6,c	;volatile
   192  000072                     
   193                           ;main.c: 64:     (INTCONbits.PEIE = 1);
   194  000072  8CF2               	bsf	242,6,c	;volatile
   195  000074                     l934:
   196                           
   197                           ;main.c: 70:     {;main.c: 72:         PORTCbits.RC0 =~ PORTCbits.RC0;
   198  000074  B082               	btfsc	130,0,c	;volatile
   199  000076  EF3F  F000         	goto	u121
   200  00007A  EF42  F000         	goto	u120
   201  00007E                     u121:
   202  00007E  0E01               	movlw	1
   203  000080  EF43  F000         	goto	u126
   204  000084                     u120:
   205  000084  0E00               	movlw	0
   206  000086                     u126:
   207  000086  0AFF               	xorlw	255
   208  000088  6E0C               	movwf	??_main^0,c
   209  00008A  5082               	movf	130,w,c	;volatile
   210  00008C  180C               	xorwf	??_main^0,w,c
   211  00008E  0BFE               	andlw	-2
   212  000090  180C               	xorwf	??_main^0,w,c
   213  000092  6E82               	movwf	130,c	;volatile
   214  000094                     
   215                           ;main.c: 73:         _delay((unsigned long)((250)*(8000000/4000.0)));
   216  000094  0E03               	movlw	3
   217  000096  6E0D               	movwf	(??_main+1)^0,c
   218  000098  0E8A               	movlw	138
   219  00009A  6E0C               	movwf	??_main^0,c
   220  00009C  0E56               	movlw	86
   221  00009E                     u137:
   222  00009E  2EE8               	decfsz	wreg,f,c
   223  0000A0  D7FE               	bra	u137
   224  0000A2  2E0C               	decfsz	??_main^0,f,c
   225  0000A4  D7FC               	bra	u137
   226  0000A6  2E0D               	decfsz	(??_main+1)^0,f,c
   227  0000A8  D7FA               	bra	u137
   228  0000AA  EF3A  F000         	goto	l934
   229  0000AE  EF33  F000         	goto	start
   230  0000B2                     __end_of_main:
   231                           	opt callstack 0
   232                           
   233 ;; *************** function _SYSTEM_Initialize *****************
   234 ;; Defined at:
   235 ;;		line 50 in file "mcc_generated_files/mcc.c"
   236 ;; Parameters:    Size  Location     Type
   237 ;;		None
   238 ;; Auto vars:     Size  Location     Type
   239 ;;		None
   240 ;; Return value:  Size  Location     Type
   241 ;;                  1    wreg      void 
   242 ;; Registers used:
   243 ;;		wreg, status,2, status,0, cstack
   244 ;; Tracked objects:
   245 ;;		On entry : 0/0
   246 ;;		On exit  : 0/0
   247 ;;		Unchanged: 0/0
   248 ;; Data sizes:     COMRAM   BANK0   BANK1   BANK2   BANK3   BANK4   BANK5   BANK6   BANK7   BANK8   BANK9  BANK10  BANK1
      +1  BANK12  BANK13  BANK14  BANK15
   249 ;;      Params:         0       0       0       0       0       0       0       0       0       0       0       0       
      +0       0       0       0       0
   250 ;;      Locals:         0       0       0       0       0       0       0       0       0       0       0       0       
      +0       0       0       0       0
   251 ;;      Temps:          0       0       0       0       0       0       0       0       0       0       0       0       
      +0       0       0       0       0
   252 ;;      Totals:         0       0       0       0       0       0       0       0       0       0       0       0       
      +0       0       0       0       0
   253 ;;Total ram usage:        0 bytes
   254 ;; Hardware stack levels used:    1
   255 ;; Hardware stack levels required when called:   10
   256 ;; This function calls:
   257 ;;		_EXT_INT_Initialize
   258 ;;		_INTERRUPT_Initialize
   259 ;;		_OSCILLATOR_Initialize
   260 ;;		_PIN_MANAGER_Initialize
   261 ;; This function is called by:
   262 ;;		_main
   263 ;; This function uses a non-reentrant model
   264 ;;
   265                           
   266                           	psect	text1
   267  0001E2                     __ptext1:
   268                           	opt callstack 0
   269  0001E2                     _SYSTEM_Initialize:
   270                           	opt callstack 20
   271  0001E2                     
   272                           ;mcc_generated_files/mcc.c: 53:     INTERRUPT_Initialize();
   273  0001E2  EC18  F001         	call	_INTERRUPT_Initialize	;wreg free
   274  0001E6                     
   275                           ;mcc_generated_files/mcc.c: 54:     PIN_MANAGER_Initialize();
   276  0001E6  EC73  F000         	call	_PIN_MANAGER_Initialize	;wreg free
   277  0001EA                     
   278                           ;mcc_generated_files/mcc.c: 55:     OSCILLATOR_Initialize();
   279  0001EA  EC01  F001         	call	_OSCILLATOR_Initialize	;wreg free
   280  0001EE                     
   281                           ;mcc_generated_files/mcc.c: 56:     EXT_INT_Initialize();
   282  0001EE  ECB9  F000         	call	_EXT_INT_Initialize	;wreg free
   283  0001F2  0012               	return		;funcret
   284  0001F4                     __end_of_SYSTEM_Initialize:
   285                           	opt callstack 0
   286                           
   287 ;; *************** function _PIN_MANAGER_Initialize *****************
   288 ;; Defined at:
   289 ;;		line 55 in file "mcc_generated_files/pin_manager.c"
   290 ;; Parameters:    Size  Location     Type
   291 ;;		None
   292 ;; Auto vars:     Size  Location     Type
   293 ;;		None
   294 ;; Return value:  Size  Location     Type
   295 ;;                  1    wreg      void 
   296 ;; Registers used:
   297 ;;		wreg, status,2
   298 ;; Tracked objects:
   299 ;;		On entry : 0/0
   300 ;;		On exit  : 0/0
   301 ;;		Unchanged: 0/0
   302 ;; Data sizes:     COMRAM   BANK0   BANK1   BANK2   BANK3   BANK4   BANK5   BANK6   BANK7   BANK8   BANK9  BANK10  BANK1
      +1  BANK12  BANK13  BANK14  BANK15
   303 ;;      Params:         0       0       0       0       0       0       0       0       0       0       0       0       
      +0       0       0       0       0
   304 ;;      Locals:         0       0       0       0       0       0       0       0       0       0       0       0       
      +0       0       0       0       0
   305 ;;      Temps:          0       0       0       0       0       0       0       0       0       0       0       0       
      +0       0       0       0       0
   306 ;;      Totals:         0       0       0       0       0       0       0       0       0       0       0       0       
      +0       0       0       0       0
   307 ;;Total ram usage:        0 bytes
   308 ;; Hardware stack levels used:    1
   309 ;; Hardware stack levels required when called:    8
   310 ;; This function calls:
   311 ;;		Nothing
   312 ;; This function is called by:
   313 ;;		_SYSTEM_Initialize
   314 ;; This function uses a non-reentrant model
   315 ;;
   316                           
   317                           	psect	text2
   318  0000E6                     __ptext2:
   319                           	opt callstack 0
   320  0000E6                     _PIN_MANAGER_Initialize:
   321                           	opt callstack 21
   322  0000E6                     
   323                           ;mcc_generated_files/pin_manager.c: 60:     LATE = 0x00;
   324  0000E6  0E00               	movlw	0
   325  0000E8  6E8D               	movwf	141,c	;volatile
   326                           
   327                           ;mcc_generated_files/pin_manager.c: 61:     LATD = 0x00;
   328  0000EA  0E00               	movlw	0
   329  0000EC  6E8C               	movwf	140,c	;volatile
   330                           
   331                           ;mcc_generated_files/pin_manager.c: 62:     LATA = 0x00;
   332  0000EE  0E00               	movlw	0
   333  0000F0  6E89               	movwf	137,c	;volatile
   334                           
   335                           ;mcc_generated_files/pin_manager.c: 63:     LATB = 0x00;
   336  0000F2  0E00               	movlw	0
   337  0000F4  6E8A               	movwf	138,c	;volatile
   338                           
   339                           ;mcc_generated_files/pin_manager.c: 64:     LATC = 0x00;
   340  0000F6  0E00               	movlw	0
   341  0000F8  6E8B               	movwf	139,c	;volatile
   342                           
   343                           ;mcc_generated_files/pin_manager.c: 69:     TRISE = 0x07;
   344  0000FA  0E07               	movlw	7
   345  0000FC  6E96               	movwf	150,c	;volatile
   346  0000FE                     
   347                           ;mcc_generated_files/pin_manager.c: 70:     TRISA = 0xFF;
   348  0000FE  6892               	setf	146,c	;volatile
   349  000100                     
   350                           ;mcc_generated_files/pin_manager.c: 71:     TRISB = 0xFF;
   351  000100  6893               	setf	147,c	;volatile
   352                           
   353                           ;mcc_generated_files/pin_manager.c: 72:     TRISC = 0xF8;
   354  000102  0EF8               	movlw	248
   355  000104  6E94               	movwf	148,c	;volatile
   356  000106                     
   357                           ;mcc_generated_files/pin_manager.c: 73:     TRISD = 0xFF;
   358  000106  6895               	setf	149,c	;volatile
   359  000108                     
   360                           ;mcc_generated_files/pin_manager.c: 78:     ANSEL = 0xFF;
   361  000108  687E               	setf	126,c	;volatile
   362                           
   363                           ;mcc_generated_files/pin_manager.c: 79:     ANSELH = 0x0B;
   364  00010A  0E0B               	movlw	11
   365  00010C  6E7F               	movwf	127,c	;volatile
   366                           
   367                           ;mcc_generated_files/pin_manager.c: 84:     WPUB = 0x00;
   368  00010E  0E00               	movlw	0
   369  000110  6E7C               	movwf	124,c	;volatile
   370  000112                     
   371                           ;mcc_generated_files/pin_manager.c: 85:     INTCON2bits.nRBPU = 1;
   372  000112  8EF1               	bsf	241,7,c	;volatile
   373  000114  0012               	return		;funcret
   374  000116                     __end_of_PIN_MANAGER_Initialize:
   375                           	opt callstack 0
   376                           
   377 ;; *************** function _OSCILLATOR_Initialize *****************
   378 ;; Defined at:
   379 ;;		line 59 in file "mcc_generated_files/mcc.c"
   380 ;; Parameters:    Size  Location     Type
   381 ;;		None
   382 ;; Auto vars:     Size  Location     Type
   383 ;;		None
   384 ;; Return value:  Size  Location     Type
   385 ;;                  1    wreg      void 
   386 ;; Registers used:
   387 ;;		wreg, status,2
   388 ;; Tracked objects:
   389 ;;		On entry : 0/0
   390 ;;		On exit  : 0/0
   391 ;;		Unchanged: 0/0
   392 ;; Data sizes:     COMRAM   BANK0   BANK1   BANK2   BANK3   BANK4   BANK5   BANK6   BANK7   BANK8   BANK9  BANK10  BANK1
      +1  BANK12  BANK13  BANK14  BANK15
   393 ;;      Params:         0       0       0       0       0       0       0       0       0       0       0       0       
      +0       0       0       0       0
   394 ;;      Locals:         0       0       0       0       0       0       0       0       0       0       0       0       
      +0       0       0       0       0
   395 ;;      Temps:          0       0       0       0       0       0       0       0       0       0       0       0       
      +0       0       0       0       0
   396 ;;      Totals:         0       0       0       0       0       0       0       0       0       0       0       0       
      +0       0       0       0       0
   397 ;;Total ram usage:        0 bytes
   398 ;; Hardware stack levels used:    1
   399 ;; Hardware stack levels required when called:    8
   400 ;; This function calls:
   401 ;;		Nothing
   402 ;; This function is called by:
   403 ;;		_SYSTEM_Initialize
   404 ;; This function uses a non-reentrant model
   405 ;;
   406                           
   407                           	psect	text3
   408  000202                     __ptext3:
   409                           	opt callstack 0
   410  000202                     _OSCILLATOR_Initialize:
   411                           	opt callstack 21
   412  000202                     
   413                           ;mcc_generated_files/mcc.c: 62:     OSCCON = 0x30;
   414  000202  0E30               	movlw	48
   415  000204  6ED3               	movwf	211,c	;volatile
   416                           
   417                           ;mcc_generated_files/mcc.c: 64:     OSCTUNE = 0x00;
   418  000206  0E00               	movlw	0
   419  000208  6E9B               	movwf	155,c	;volatile
   420  00020A  0012               	return		;funcret
   421  00020C                     __end_of_OSCILLATOR_Initialize:
   422                           	opt callstack 0
   423                           
   424 ;; *************** function _INTERRUPT_Initialize *****************
   425 ;; Defined at:
   426 ;;		line 52 in file "mcc_generated_files/interrupt_manager.c"
   427 ;; Parameters:    Size  Location     Type
   428 ;;		None
   429 ;; Auto vars:     Size  Location     Type
   430 ;;		None
   431 ;; Return value:  Size  Location     Type
   432 ;;                  1    wreg      void 
   433 ;; Registers used:
   434 ;;		None
   435 ;; Tracked objects:
   436 ;;		On entry : 0/0
   437 ;;		On exit  : 0/0
   438 ;;		Unchanged: 0/0
   439 ;; Data sizes:     COMRAM   BANK0   BANK1   BANK2   BANK3   BANK4   BANK5   BANK6   BANK7   BANK8   BANK9  BANK10  BANK1
      +1  BANK12  BANK13  BANK14  BANK15
   440 ;;      Params:         0       0       0       0       0       0       0       0       0       0       0       0       
      +0       0       0       0       0
   441 ;;      Locals:         0       0       0       0       0       0       0       0       0       0       0       0       
      +0       0       0       0       0
   442 ;;      Temps:          0       0       0       0       0       0       0       0       0       0       0       0       
      +0       0       0       0       0
   443 ;;      Totals:         0       0       0       0       0       0       0       0       0       0       0       0       
      +0       0       0       0       0
   444 ;;Total ram usage:        0 bytes
   445 ;; Hardware stack levels used:    1
   446 ;; Hardware stack levels required when called:    8
   447 ;; This function calls:
   448 ;;		Nothing
   449 ;; This function is called by:
   450 ;;		_SYSTEM_Initialize
   451 ;; This function uses a non-reentrant model
   452 ;;
   453                           
   454                           	psect	text4
   455  000230                     __ptext4:
   456                           	opt callstack 0
   457  000230                     _INTERRUPT_Initialize:
   458                           	opt callstack 21
   459  000230                     
   460                           ;mcc_generated_files/interrupt_manager.c: 55:     RCONbits.IPEN = 1;
   461  000230  8ED0               	bsf	208,7,c	;volatile
   462                           
   463                           ;mcc_generated_files/interrupt_manager.c: 63:     INTCON3bits.INT1IP = 0;
   464  000232  9CF0               	bcf	240,6,c	;volatile
   465  000234  0012               	return		;funcret
   466  000236                     __end_of_INTERRUPT_Initialize:
   467                           	opt callstack 0
   468                           
   469 ;; *************** function _EXT_INT_Initialize *****************
   470 ;; Defined at:
   471 ;;		line 88 in file "mcc_generated_files/ext_int.c"
   472 ;; Parameters:    Size  Location     Type
   473 ;;		None
   474 ;; Auto vars:     Size  Location     Type
   475 ;;		None
   476 ;; Return value:  Size  Location     Type
   477 ;;                  1    wreg      void 
   478 ;; Registers used:
   479 ;;		wreg, status,2, status,0, cstack
   480 ;; Tracked objects:
   481 ;;		On entry : 0/0
   482 ;;		On exit  : 0/0
   483 ;;		Unchanged: 0/0
   484 ;; Data sizes:     COMRAM   BANK0   BANK1   BANK2   BANK3   BANK4   BANK5   BANK6   BANK7   BANK8   BANK9  BANK10  BANK1
      +1  BANK12  BANK13  BANK14  BANK15
   485 ;;      Params:         0       0       0       0       0       0       0       0       0       0       0       0       
      +0       0       0       0       0
   486 ;;      Locals:         0       0       0       0       0       0       0       0       0       0       0       0       
      +0       0       0       0       0
   487 ;;      Temps:          0       0       0       0       0       0       0       0       0       0       0       0       
      +0       0       0       0       0
   488 ;;      Totals:         0       0       0       0       0       0       0       0       0       0       0       0       
      +0       0       0       0       0
   489 ;;Total ram usage:        0 bytes
   490 ;; Hardware stack levels used:    1
   491 ;; Hardware stack levels required when called:    9
   492 ;; This function calls:
   493 ;;		_INT0_SetInterruptHandler
   494 ;;		_INT1_SetInterruptHandler
   495 ;; This function is called by:
   496 ;;		_SYSTEM_Initialize
   497 ;; This function uses a non-reentrant model
   498 ;;
   499                           
   500                           	psect	text5
   501  000172                     __ptext5:
   502                           	opt callstack 0
   503  000172                     _EXT_INT_Initialize:
   504                           	opt callstack 20
   505  000172                     
   506                           ;mcc_generated_files/ext_int.c: 93:     (INTCONbits.INT0IF = 0);
   507  000172  92F2               	bcf	242,1,c	;volatile
   508                           
   509                           ;mcc_generated_files/ext_int.c: 94:     (INTCON2bits.INTEDG0 = 1);
   510  000174  8CF1               	bsf	241,6,c	;volatile
   511  000176                     
   512                           ;mcc_generated_files/ext_int.c: 96:     INT0_SetInterruptHandler(INT0_DefaultInterruptHa
      +                          ndler);
   513  000176  0EBE               	movlw	low _INT0_DefaultInterruptHandler
   514  000178  6E0A               	movwf	INT0_SetInterruptHandler@InterruptHandler^0,c
   515  00017A  0E01               	movlw	high _INT0_DefaultInterruptHandler
   516  00017C  6E0B               	movwf	(INT0_SetInterruptHandler@InterruptHandler+1)^0,c
   517  00017E  EC0B  F001         	call	_INT0_SetInterruptHandler	;wreg free
   518  000182                     
   519                           ;mcc_generated_files/ext_int.c: 97:     (INTCONbits.INT0IE = 1);
   520  000182  88F2               	bsf	242,4,c	;volatile
   521  000184                     
   522                           ;mcc_generated_files/ext_int.c: 102:     (INTCON3bits.INT1IF = 0);
   523  000184  90F0               	bcf	240,0,c	;volatile
   524  000186                     
   525                           ;mcc_generated_files/ext_int.c: 103:     (INTCON2bits.INTEDG1 = 1);
   526  000186  8AF1               	bsf	241,5,c	;volatile
   527                           
   528                           ;mcc_generated_files/ext_int.c: 105:     INT1_SetInterruptHandler(INT1_DefaultInterruptH
      +                          andler);
   529  000188  0E98               	movlw	low _INT1_DefaultInterruptHandler
   530  00018A  6E0A               	movwf	INT1_SetInterruptHandler@InterruptHandler^0,c
   531  00018C  0E01               	movlw	high _INT1_DefaultInterruptHandler
   532  00018E  6E0B               	movwf	(INT1_SetInterruptHandler@InterruptHandler+1)^0,c
   533  000190  EC06  F001         	call	_INT1_SetInterruptHandler	;wreg free
   534  000194                     
   535                           ;mcc_generated_files/ext_int.c: 106:     (INTCON3bits.INT1IE = 1);
   536  000194  86F0               	bsf	240,3,c	;volatile
   537  000196  0012               	return		;funcret
   538  000198                     __end_of_EXT_INT_Initialize:
   539                           	opt callstack 0
   540                           
   541 ;; *************** function _INT1_SetInterruptHandler *****************
   542 ;; Defined at:
   543 ;;		line 78 in file "mcc_generated_files/ext_int.c"
   544 ;; Parameters:    Size  Location     Type
   545 ;;  InterruptHan    2    9[COMRAM] PTR FTN()void 
   546 ;;		 -> INT1_DefaultInterruptHandler(1), 
   547 ;; Auto vars:     Size  Location     Type
   548 ;;		None
   549 ;; Return value:  Size  Location     Type
   550 ;;                  1    wreg      void 
   551 ;; Registers used:
   552 ;;		wreg, status,2, status,0
   553 ;; Tracked objects:
   554 ;;		On entry : 0/0
   555 ;;		On exit  : 0/0
   556 ;;		Unchanged: 0/0
   557 ;; Data sizes:     COMRAM   BANK0   BANK1   BANK2   BANK3   BANK4   BANK5   BANK6   BANK7   BANK8   BANK9  BANK10  BANK1
      +1  BANK12  BANK13  BANK14  BANK15
   558 ;;      Params:         2       0       0       0       0       0       0       0       0       0       0       0       
      +0       0       0       0       0
   559 ;;      Locals:         0       0       0       0       0       0       0       0       0       0       0       0       
      +0       0       0       0       0
   560 ;;      Temps:          0       0       0       0       0       0       0       0       0       0       0       0       
      +0       0       0       0       0
   561 ;;      Totals:         2       0       0       0       0       0       0       0       0       0       0       0       
      +0       0       0       0       0
   562 ;;Total ram usage:        2 bytes
   563 ;; Hardware stack levels used:    1
   564 ;; Hardware stack levels required when called:    8
   565 ;; This function calls:
   566 ;;		Nothing
   567 ;; This function is called by:
   568 ;;		_EXT_INT_Initialize
   569 ;; This function uses a non-reentrant model
   570 ;;
   571                           
   572                           	psect	text6
   573  00020C                     __ptext6:
   574                           	opt callstack 0
   575  00020C                     _INT1_SetInterruptHandler:
   576                           	opt callstack 20
   577  00020C                     
   578                           ;mcc_generated_files/ext_int.c: 79:     INT1_InterruptHandler = InterruptHandler;
   579  00020C  C00A  F00E         	movff	INT1_SetInterruptHandler@InterruptHandler,_INT1_InterruptHandler
   580  000210  C00B  F00F         	movff	INT1_SetInterruptHandler@InterruptHandler+1,_INT1_InterruptHandler+1
   581  000214  0012               	return		;funcret
   582  000216                     __end_of_INT1_SetInterruptHandler:
   583                           	opt callstack 0
   584                           
   585 ;; *************** function _INT0_SetInterruptHandler *****************
   586 ;; Defined at:
   587 ;;		line 51 in file "mcc_generated_files/ext_int.c"
   588 ;; Parameters:    Size  Location     Type
   589 ;;  InterruptHan    2    9[COMRAM] PTR FTN()void 
   590 ;;		 -> INT0_DefaultInterruptHandler(1), 
   591 ;; Auto vars:     Size  Location     Type
   592 ;;		None
   593 ;; Return value:  Size  Location     Type
   594 ;;                  1    wreg      void 
   595 ;; Registers used:
   596 ;;		wreg, status,2, status,0
   597 ;; Tracked objects:
   598 ;;		On entry : 0/0
   599 ;;		On exit  : 0/0
   600 ;;		Unchanged: 0/0
   601 ;; Data sizes:     COMRAM   BANK0   BANK1   BANK2   BANK3   BANK4   BANK5   BANK6   BANK7   BANK8   BANK9  BANK10  BANK1
      +1  BANK12  BANK13  BANK14  BANK15
   602 ;;      Params:         2       0       0       0       0       0       0       0       0       0       0       0       
      +0       0       0       0       0
   603 ;;      Locals:         0       0       0       0       0       0       0       0       0       0       0       0       
      +0       0       0       0       0
   604 ;;      Temps:          0       0       0       0       0       0       0       0       0       0       0       0       
      +0       0       0       0       0
   605 ;;      Totals:         2       0       0       0       0       0       0       0       0       0       0       0       
      +0       0       0       0       0
   606 ;;Total ram usage:        2 bytes
   607 ;; Hardware stack levels used:    1
   608 ;; Hardware stack levels required when called:    8
   609 ;; This function calls:
   610 ;;		Nothing
   611 ;; This function is called by:
   612 ;;		_EXT_INT_Initialize
   613 ;; This function uses a non-reentrant model
   614 ;;
   615                           
   616                           	psect	text7
   617  000216                     __ptext7:
   618                           	opt callstack 0
   619  000216                     _INT0_SetInterruptHandler:
   620                           	opt callstack 20
   621  000216                     
   622                           ;mcc_generated_files/ext_int.c: 52:     INT0_InterruptHandler = InterruptHandler;
   623  000216  C00A  F010         	movff	INT0_SetInterruptHandler@InterruptHandler,_INT0_InterruptHandler
   624  00021A  C00B  F011         	movff	INT0_SetInterruptHandler@InterruptHandler+1,_INT0_InterruptHandler+1
   625  00021E  0012               	return		;funcret
   626  000220                     __end_of_INT0_SetInterruptHandler:
   627                           	opt callstack 0
   628                           
   629 ;; *************** function _INTERRUPT_InterruptManagerLow *****************
   630 ;; Defined at:
   631 ;;		line 76 in file "mcc_generated_files/interrupt_manager.c"
   632 ;; Parameters:    Size  Location     Type
   633 ;;		None
   634 ;; Auto vars:     Size  Location     Type
   635 ;;		None
   636 ;; Return value:  Size  Location     Type
   637 ;;                  1    wreg      void 
   638 ;; Registers used:
   639 ;;		wreg, status,2, status,0, pclath, tosl, cstack
   640 ;; Tracked objects:
   641 ;;		On entry : 0/0
   642 ;;		On exit  : 0/0
   643 ;;		Unchanged: 0/0
   644 ;; Data sizes:     COMRAM   BANK0   BANK1   BANK2   BANK3   BANK4   BANK5   BANK6   BANK7   BANK8   BANK9  BANK10  BANK1
      +1  BANK12  BANK13  BANK14  BANK15
   645 ;;      Params:         0       0       0       0       0       0       0       0       0       0       0       0       
      +0       0       0       0       0
   646 ;;      Locals:         0       0       0       0       0       0       0       0       0       0       0       0       
      +0       0       0       0       0
   647 ;;      Temps:          5       0       0       0       0       0       0       0       0       0       0       0       
      +0       0       0       0       0
   648 ;;      Totals:         5       0       0       0       0       0       0       0       0       0       0       0       
      +0       0       0       0       0
   649 ;;Total ram usage:        5 bytes
   650 ;; Hardware stack levels used:    1
   651 ;; Hardware stack levels required when called:    7
   652 ;; This function calls:
   653 ;;		_INT1_ISR
   654 ;; This function is called by:
   655 ;;		Interrupt level 1
   656 ;; This function uses a non-reentrant model
   657 ;;
   658                           
   659                           	psect	intcodelo
   660  000018                     __pintcodelo:
   661                           	opt callstack 0
   662  000018                     _INTERRUPT_InterruptManagerLow:
   663                           	opt callstack 20
   664                           
   665                           ;incstack = 0
   666  000018  8012               	bsf	int$flags,0,c	;set compiler interrupt flag (level 1)
   667  00001A  CFD8 F005          	movff	status,??_INTERRUPT_InterruptManagerLow
   668  00001E  CFE8 F006          	movff	wreg,??_INTERRUPT_InterruptManagerLow+1
   669  000022  CFE0 F007          	movff	bsr,??_INTERRUPT_InterruptManagerLow+2
   670  000026  CFFA F008          	movff	pclath,??_INTERRUPT_InterruptManagerLow+3
   671  00002A  CFFB F009          	movff	pclatu,??_INTERRUPT_InterruptManagerLow+4
   672  00002E                     
   673                           ;mcc_generated_files/interrupt_manager.c: 79:     if(INTCON3bits.INT1IE == 1 && INTCON3b
      +                          its.INT1IF == 1)
   674  00002E  A6F0               	btfss	240,3,c	;volatile
   675  000030  EF1C  F000         	goto	i1u9_21
   676  000034  EF1E  F000         	goto	i1u9_20
   677  000038                     i1u9_21:
   678  000038  EF27  F000         	goto	i1l79
   679  00003C                     i1u9_20:
   680  00003C  A0F0               	btfss	240,0,c	;volatile
   681  00003E  EF23  F000         	goto	i1u10_21
   682  000042  EF25  F000         	goto	i1u10_20
   683  000046                     i1u10_21:
   684  000046  EF27  F000         	goto	i1l79
   685  00004A                     i1u10_20:
   686  00004A                     
   687                           ;mcc_generated_files/interrupt_manager.c: 80:     {;mcc_generated_files/interrupt_manage
      +                          r.c: 81:         INT1_ISR();
   688  00004A  EC10  F001         	call	_INT1_ISR	;wreg free
   689  00004E                     i1l79:
   690  00004E  C009  FFFB         	movff	??_INTERRUPT_InterruptManagerLow+4,pclatu
   691  000052  C008  FFFA         	movff	??_INTERRUPT_InterruptManagerLow+3,pclath
   692  000056  C007  FFE0         	movff	??_INTERRUPT_InterruptManagerLow+2,bsr
   693  00005A  C006  FFE8         	movff	??_INTERRUPT_InterruptManagerLow+1,wreg
   694  00005E  C005  FFD8         	movff	??_INTERRUPT_InterruptManagerLow,status
   695  000062  9012               	bcf	int$flags,0,c	;clear compiler interrupt flag (level 1)
   696  000064  0010               	retfie	
   697  000066                     __end_of_INTERRUPT_InterruptManagerLow:
   698                           	opt callstack 0
   699                           
   700 ;; *************** function _INT1_ISR *****************
   701 ;; Defined at:
   702 ;;		line 60 in file "mcc_generated_files/ext_int.c"
   703 ;; Parameters:    Size  Location     Type
   704 ;;		None
   705 ;; Auto vars:     Size  Location     Type
   706 ;;		None
   707 ;; Return value:  Size  Location     Type
   708 ;;                  1    wreg      void 
   709 ;; Registers used:
   710 ;;		wreg, status,2, status,0, pclath, tosl, cstack
   711 ;; Tracked objects:
   712 ;;		On entry : 0/0
   713 ;;		On exit  : 0/0
   714 ;;		Unchanged: 0/0
   715 ;; Data sizes:     COMRAM   BANK0   BANK1   BANK2   BANK3   BANK4   BANK5   BANK6   BANK7   BANK8   BANK9  BANK10  BANK1
      +1  BANK12  BANK13  BANK14  BANK15
   716 ;;      Params:         0       0       0       0       0       0       0       0       0       0       0       0       
      +0       0       0       0       0
   717 ;;      Locals:         0       0       0       0       0       0       0       0       0       0       0       0       
      +0       0       0       0       0
   718 ;;      Temps:          0       0       0       0       0       0       0       0       0       0       0       0       
      +0       0       0       0       0
   719 ;;      Totals:         0       0       0       0       0       0       0       0       0       0       0       0       
      +0       0       0       0       0
   720 ;;Total ram usage:        0 bytes
   721 ;; Hardware stack levels used:    1
   722 ;; Hardware stack levels required when called:    6
   723 ;; This function calls:
   724 ;;		_INT1_CallBack
   725 ;; This function is called by:
   726 ;;		_INTERRUPT_InterruptManagerLow
   727 ;; This function uses a non-reentrant model
   728 ;;
   729                           
   730                           	psect	text9
   731  000220                     __ptext9:
   732                           	opt callstack 0
   733  000220                     _INT1_ISR:
   734                           	opt callstack 20
   735  000220                     
   736                           ;mcc_generated_files/ext_int.c: 62:     (INTCON3bits.INT1IF = 0);
   737  000220  90F0               	bcf	240,0,c	;volatile
   738  000222                     
   739                           ;mcc_generated_files/ext_int.c: 65:     INT1_CallBack();
   740  000222  EC8B  F000         	call	_INT1_CallBack	;wreg free
   741  000226  0012               	return		;funcret
   742  000228                     __end_of_INT1_ISR:
   743                           	opt callstack 0
   744                           
   745 ;; *************** function _INT1_CallBack *****************
   746 ;; Defined at:
   747 ;;		line 69 in file "mcc_generated_files/ext_int.c"
   748 ;; Parameters:    Size  Location     Type
   749 ;;		None
   750 ;; Auto vars:     Size  Location     Type
   751 ;;		None
   752 ;; Return value:  Size  Location     Type
   753 ;;                  1    wreg      void 
   754 ;; Registers used:
   755 ;;		wreg, status,2, status,0, pclath, tosl, cstack
   756 ;; Tracked objects:
   757 ;;		On entry : 0/0
   758 ;;		On exit  : 0/0
   759 ;;		Unchanged: 0/0
   760 ;; Data sizes:     COMRAM   BANK0   BANK1   BANK2   BANK3   BANK4   BANK5   BANK6   BANK7   BANK8   BANK9  BANK10  BANK1
      +1  BANK12  BANK13  BANK14  BANK15
   761 ;;      Params:         0       0       0       0       0       0       0       0       0       0       0       0       
      +0       0       0       0       0
   762 ;;      Locals:         0       0       0       0       0       0       0       0       0       0       0       0       
      +0       0       0       0       0
   763 ;;      Temps:          0       0       0       0       0       0       0       0       0       0       0       0       
      +0       0       0       0       0
   764 ;;      Totals:         0       0       0       0       0       0       0       0       0       0       0       0       
      +0       0       0       0       0
   765 ;;Total ram usage:        0 bytes
   766 ;; Hardware stack levels used:    1
   767 ;; Hardware stack levels required when called:    5
   768 ;; This function calls:
   769 ;;		Absolute function
   770 ;;		_INT1_DefaultInterruptHandler
   771 ;; This function is called by:
   772 ;;		_INT1_ISR
   773 ;; This function uses a non-reentrant model
   774 ;;
   775                           
   776                           	psect	text10
   777  000116                     __ptext10:
   778                           	opt callstack 0
   779  000116                     _INT1_CallBack:
   780                           	opt callstack 20
   781  000116                     
   782                           ;mcc_generated_files/ext_int.c: 72:     if(INT1_InterruptHandler)
   783  000116  500E               	movf	_INT1_InterruptHandler^0,w,c
   784  000118  100F               	iorwf	(_INT1_InterruptHandler+1)^0,w,c
   785  00011A  B4D8               	btfsc	status,2,c
   786  00011C  EF92  F000         	goto	i1u5_21
   787  000120  EF94  F000         	goto	i1u5_20
   788  000124                     i1u5_21:
   789  000124  EFA1  F000         	goto	i1l115
   790  000128                     i1u5_20:
   791  000128                     
   792                           ;mcc_generated_files/ext_int.c: 73:     {;mcc_generated_files/ext_int.c: 74:         INT
      +                          1_InterruptHandler();
   793  000128  D802               	call	i1u6_28
   794  00012A  EFA1  F000         	goto	i1u6_29
   795  00012E                     i1u6_28:
   796  00012E  0005               	push	
   797  000130  6EFA               	movwf	pclath,c
   798  000132  500E               	movf	_INT1_InterruptHandler^0,w,c
   799  000134  6EFD               	movwf	tosl,c
   800  000136  500F               	movf	(_INT1_InterruptHandler+1)^0,w,c
   801  000138  6EFE               	movwf	tosh,c
   802  00013A  50F8               	movf	tblptru,w,c
   803  00013C  6EFF               	movwf	tosu,c
   804  00013E  50FA               	movf	pclath,w,c
   805  000140  0012               	return		;indir
   806  000142                     i1u6_29:
   807  000142                     i1l115:
   808  000142  0012               	return		;funcret
   809  000144                     __end_of_INT1_CallBack:
   810                           	opt callstack 0
   811                           
   812 ;; *************** function _INT1_DefaultInterruptHandler *****************
   813 ;; Defined at:
   814 ;;		line 82 in file "mcc_generated_files/ext_int.c"
   815 ;; Parameters:    Size  Location     Type
   816 ;;		None
   817 ;; Auto vars:     Size  Location     Type
   818 ;;		None
   819 ;; Return value:  Size  Location     Type
   820 ;;                  1    wreg      void 
   821 ;; Registers used:
   822 ;;		wreg, status,2, status,0
   823 ;; Tracked objects:
   824 ;;		On entry : 0/0
   825 ;;		On exit  : 0/0
   826 ;;		Unchanged: 0/0
   827 ;; Data sizes:     COMRAM   BANK0   BANK1   BANK2   BANK3   BANK4   BANK5   BANK6   BANK7   BANK8   BANK9  BANK10  BANK1
      +1  BANK12  BANK13  BANK14  BANK15
   828 ;;      Params:         0       0       0       0       0       0       0       0       0       0       0       0       
      +0       0       0       0       0
   829 ;;      Locals:         0       0       0       0       0       0       0       0       0       0       0       0       
      +0       0       0       0       0
   830 ;;      Temps:          1       0       0       0       0       0       0       0       0       0       0       0       
      +0       0       0       0       0
   831 ;;      Totals:         1       0       0       0       0       0       0       0       0       0       0       0       
      +0       0       0       0       0
   832 ;;Total ram usage:        1 bytes
   833 ;; Hardware stack levels used:    1
   834 ;; Hardware stack levels required when called:    4
   835 ;; This function calls:
   836 ;;		Nothing
   837 ;; This function is called by:
   838 ;;		_EXT_INT_Initialize
   839 ;;		_INT1_CallBack
   840 ;; This function uses a non-reentrant model
   841 ;;
   842                           
   843                           	psect	text11
   844  000198                     __ptext11:
   845                           	opt callstack 0
   846  000198                     _INT1_DefaultInterruptHandler:
   847                           	opt callstack 20
   848  000198                     
   849                           ;mcc_generated_files/ext_int.c: 84:     PORTCbits.RC2 =~ PORTCbits.RC2;
   850  000198  B482               	btfsc	130,2,c	;volatile
   851  00019A  EFD1  F000         	goto	i1u2_21
   852  00019E  EFD4  F000         	goto	i1u2_20
   853  0001A2                     i1u2_21:
   854  0001A2  0E01               	movlw	1
   855  0001A4  EFD5  F000         	goto	i1u2_26
   856  0001A8                     i1u2_20:
   857  0001A8  0E00               	movlw	0
   858  0001AA                     i1u2_26:
   859  0001AA  0AFF               	xorlw	255
   860  0001AC  6E04               	movwf	??_INT1_DefaultInterruptHandler^0,c
   861  0001AE  4604               	rlncf	??_INT1_DefaultInterruptHandler^0,f,c
   862  0001B0  4604               	rlncf	??_INT1_DefaultInterruptHandler^0,f,c
   863  0001B2  5082               	movf	130,w,c	;volatile
   864  0001B4  1804               	xorwf	??_INT1_DefaultInterruptHandler^0,w,c
   865  0001B6  0BFB               	andlw	-5
   866  0001B8  1804               	xorwf	??_INT1_DefaultInterruptHandler^0,w,c
   867  0001BA  6E82               	movwf	130,c	;volatile
   868  0001BC  0012               	return		;funcret
   869  0001BE                     __end_of_INT1_DefaultInterruptHandler:
   870                           	opt callstack 0
   871                           
   872 ;; *************** function _INTERRUPT_InterruptManagerHigh *****************
   873 ;; Defined at:
   874 ;;		line 67 in file "mcc_generated_files/interrupt_manager.c"
   875 ;; Parameters:    Size  Location     Type
   876 ;;		None
   877 ;; Auto vars:     Size  Location     Type
   878 ;;		None
   879 ;; Return value:  Size  Location     Type
   880 ;;                  1    wreg      void 
   881 ;; Registers used:
   882 ;;		wreg, status,2, status,0, pclath, tosl, cstack
   883 ;; Tracked objects:
   884 ;;		On entry : 0/0
   885 ;;		On exit  : 0/0
   886 ;;		Unchanged: 0/0
   887 ;; Data sizes:     COMRAM   BANK0   BANK1   BANK2   BANK3   BANK4   BANK5   BANK6   BANK7   BANK8   BANK9  BANK10  BANK1
      +1  BANK12  BANK13  BANK14  BANK15
   888 ;;      Params:         0       0       0       0       0       0       0       0       0       0       0       0       
      +0       0       0       0       0
   889 ;;      Locals:         0       0       0       0       0       0       0       0       0       0       0       0       
      +0       0       0       0       0
   890 ;;      Temps:          2       0       0       0       0       0       0       0       0       0       0       0       
      +0       0       0       0       0
   891 ;;      Totals:         2       0       0       0       0       0       0       0       0       0       0       0       
      +0       0       0       0       0
   892 ;;Total ram usage:        2 bytes
   893 ;; Hardware stack levels used:    1
   894 ;; Hardware stack levels required when called:    3
   895 ;; This function calls:
   896 ;;		_INT0_ISR
   897 ;; This function is called by:
   898 ;;		Interrupt level 2
   899 ;; This function uses a non-reentrant model
   900 ;;
   901                           
   902                           	psect	intcode
   903  000008                     __pintcode:
   904                           	opt callstack 0
   905  000008                     _INTERRUPT_InterruptManagerHigh:
   906                           	opt callstack 20
   907                           
   908                           ;incstack = 0
   909  000008  8212               	bsf	int$flags,1,c	;set compiler interrupt flag (level 2)
   910  00000A  EF59  F000         	goto	int_func
   911                           
   912                           	psect	intcode_body
   913  0000B2                     __pintcode_body:
   914                           	opt callstack 20
   915  0000B2                     int_func:
   916                           	opt callstack 20
   917  0000B2  CFFA F002          	movff	pclath,??_INTERRUPT_InterruptManagerHigh
   918  0000B6  CFFB F003          	movff	pclatu,??_INTERRUPT_InterruptManagerHigh+1
   919  0000BA                     
   920                           ;mcc_generated_files/interrupt_manager.c: 70:     if(INTCONbits.INT0IE == 1 && INTCONbit
      +                          s.INT0IF == 1)
   921  0000BA  A8F2               	btfss	242,4,c	;volatile
   922  0000BC  EF62  F000         	goto	i2u7_41
   923  0000C0  EF64  F000         	goto	i2u7_40
   924  0000C4                     i2u7_41:
   925  0000C4  EF6D  F000         	goto	i2l73
   926  0000C8                     i2u7_40:
   927  0000C8  A2F2               	btfss	242,1,c	;volatile
   928  0000CA  EF69  F000         	goto	i2u8_41
   929  0000CE  EF6B  F000         	goto	i2u8_40
   930  0000D2                     i2u8_41:
   931  0000D2  EF6D  F000         	goto	i2l73
   932  0000D6                     i2u8_40:
   933  0000D6                     
   934                           ;mcc_generated_files/interrupt_manager.c: 71:     {;mcc_generated_files/interrupt_manage
      +                          r.c: 72:         INT0_ISR();
   935  0000D6  EC14  F001         	call	_INT0_ISR	;wreg free
   936  0000DA                     i2l73:
   937  0000DA  C003  FFFB         	movff	??_INTERRUPT_InterruptManagerHigh+1,pclatu
   938  0000DE  C002  FFFA         	movff	??_INTERRUPT_InterruptManagerHigh,pclath
   939  0000E2  9212               	bcf	int$flags,1,c	;clear compiler interrupt flag (level 2)
   940  0000E4  0011               	retfie		f
   941  0000E6                     __end_of_INTERRUPT_InterruptManagerHigh:
   942                           	opt callstack 0
   943                           
   944 ;; *************** function _INT0_ISR *****************
   945 ;; Defined at:
   946 ;;		line 33 in file "mcc_generated_files/ext_int.c"
   947 ;; Parameters:    Size  Location     Type
   948 ;;		None
   949 ;; Auto vars:     Size  Location     Type
   950 ;;		None
   951 ;; Return value:  Size  Location     Type
   952 ;;                  1    wreg      void 
   953 ;; Registers used:
   954 ;;		wreg, status,2, status,0, pclath, tosl, cstack
   955 ;; Tracked objects:
   956 ;;		On entry : 0/0
   957 ;;		On exit  : 0/0
   958 ;;		Unchanged: 0/0
   959 ;; Data sizes:     COMRAM   BANK0   BANK1   BANK2   BANK3   BANK4   BANK5   BANK6   BANK7   BANK8   BANK9  BANK10  BANK1
      +1  BANK12  BANK13  BANK14  BANK15
   960 ;;      Params:         0       0       0       0       0       0       0       0       0       0       0       0       
      +0       0       0       0       0
   961 ;;      Locals:         0       0       0       0       0       0       0       0       0       0       0       0       
      +0       0       0       0       0
   962 ;;      Temps:          0       0       0       0       0       0       0       0       0       0       0       0       
      +0       0       0       0       0
   963 ;;      Totals:         0       0       0       0       0       0       0       0       0       0       0       0       
      +0       0       0       0       0
   964 ;;Total ram usage:        0 bytes
   965 ;; Hardware stack levels used:    1
   966 ;; Hardware stack levels required when called:    2
   967 ;; This function calls:
   968 ;;		_INT0_CallBack
   969 ;; This function is called by:
   970 ;;		_INTERRUPT_InterruptManagerHigh
   971 ;; This function uses a non-reentrant model
   972 ;;
   973                           
   974                           	psect	text13
   975  000228                     __ptext13:
   976                           	opt callstack 0
   977  000228                     _INT0_ISR:
   978                           	opt callstack 20
   979  000228                     
   980                           ;mcc_generated_files/ext_int.c: 35:     (INTCONbits.INT0IF = 0);
   981  000228  92F2               	bcf	242,1,c	;volatile
   982  00022A                     
   983                           ;mcc_generated_files/ext_int.c: 38:     INT0_CallBack();
   984  00022A  ECA2  F000         	call	_INT0_CallBack	;wreg free
   985  00022E  0012               	return		;funcret
   986  000230                     __end_of_INT0_ISR:
   987                           	opt callstack 0
   988                           
   989 ;; *************** function _INT0_CallBack *****************
   990 ;; Defined at:
   991 ;;		line 42 in file "mcc_generated_files/ext_int.c"
   992 ;; Parameters:    Size  Location     Type
   993 ;;		None
   994 ;; Auto vars:     Size  Location     Type
   995 ;;		None
   996 ;; Return value:  Size  Location     Type
   997 ;;                  1    wreg      void 
   998 ;; Registers used:
   999 ;;		wreg, status,2, status,0, pclath, tosl, cstack
  1000 ;; Tracked objects:
  1001 ;;		On entry : 0/0
  1002 ;;		On exit  : 0/0
  1003 ;;		Unchanged: 0/0
  1004 ;; Data sizes:     COMRAM   BANK0   BANK1   BANK2   BANK3   BANK4   BANK5   BANK6   BANK7   BANK8   BANK9  BANK10  BANK1
      +1  BANK12  BANK13  BANK14  BANK15
  1005 ;;      Params:         0       0       0       0       0       0       0       0       0       0       0       0       
      +0       0       0       0       0
  1006 ;;      Locals:         0       0       0       0       0       0       0       0       0       0       0       0       
      +0       0       0       0       0
  1007 ;;      Temps:          0       0       0       0       0       0       0       0       0       0       0       0       
      +0       0       0       0       0
  1008 ;;      Totals:         0       0       0       0       0       0       0       0       0       0       0       0       
      +0       0       0       0       0
  1009 ;;Total ram usage:        0 bytes
  1010 ;; Hardware stack levels used:    1
  1011 ;; Hardware stack levels required when called:    1
  1012 ;; This function calls:
  1013 ;;		Absolute function
  1014 ;;		_INT0_DefaultInterruptHandler
  1015 ;; This function is called by:
  1016 ;;		_INT0_ISR
  1017 ;; This function uses a non-reentrant model
  1018 ;;
  1019                           
  1020                           	psect	text14
  1021  000144                     __ptext14:
  1022                           	opt callstack 0
  1023  000144                     _INT0_CallBack:
  1024                           	opt callstack 20
  1025  000144                     
  1026                           ;mcc_generated_files/ext_int.c: 45:     if(INT0_InterruptHandler)
  1027  000144  5010               	movf	_INT0_InterruptHandler^0,w,c
  1028  000146  1011               	iorwf	(_INT0_InterruptHandler+1)^0,w,c
  1029  000148  B4D8               	btfsc	status,2,c
  1030  00014A  EFA9  F000         	goto	i2u3_41
  1031  00014E  EFAB  F000         	goto	i2u3_40
  1032  000152                     i2u3_41:
  1033  000152  EFB8  F000         	goto	i2l102
  1034  000156                     i2u3_40:
  1035  000156                     
  1036                           ;mcc_generated_files/ext_int.c: 46:     {;mcc_generated_files/ext_int.c: 47:         INT
      +                          0_InterruptHandler();
  1037  000156  D802               	call	i2u4_48
  1038  000158  EFB8  F000         	goto	i2u4_49
  1039  00015C                     i2u4_48:
  1040  00015C  0005               	push	
  1041  00015E  6EFA               	movwf	pclath,c
  1042  000160  5010               	movf	_INT0_InterruptHandler^0,w,c
  1043  000162  6EFD               	movwf	tosl,c
  1044  000164  5011               	movf	(_INT0_InterruptHandler+1)^0,w,c
  1045  000166  6EFE               	movwf	tosh,c
  1046  000168  50F8               	movf	tblptru,w,c
  1047  00016A  6EFF               	movwf	tosu,c
  1048  00016C  50FA               	movf	pclath,w,c
  1049  00016E  0012               	return		;indir
  1050  000170                     i2u4_49:
  1051  000170                     i2l102:
  1052  000170  0012               	return		;funcret
  1053  000172                     __end_of_INT0_CallBack:
  1054                           	opt callstack 0
  1055                           
  1056 ;; *************** function _INT0_DefaultInterruptHandler *****************
  1057 ;; Defined at:
  1058 ;;		line 55 in file "mcc_generated_files/ext_int.c"
  1059 ;; Parameters:    Size  Location     Type
  1060 ;;		None
  1061 ;; Auto vars:     Size  Location     Type
  1062 ;;		None
  1063 ;; Return value:  Size  Location     Type
  1064 ;;                  1    wreg      void 
  1065 ;; Registers used:
  1066 ;;		wreg, status,2, status,0
  1067 ;; Tracked objects:
  1068 ;;		On entry : 0/0
  1069 ;;		On exit  : 0/0
  1070 ;;		Unchanged: 0/0
  1071 ;; Data sizes:     COMRAM   BANK0   BANK1   BANK2   BANK3   BANK4   BANK5   BANK6   BANK7   BANK8   BANK9  BANK10  BANK1
      +1  BANK12  BANK13  BANK14  BANK15
  1072 ;;      Params:         0       0       0       0       0       0       0       0       0       0       0       0       
      +0       0       0       0       0
  1073 ;;      Locals:         0       0       0       0       0       0       0       0       0       0       0       0       
      +0       0       0       0       0
  1074 ;;      Temps:          1       0       0       0       0       0       0       0       0       0       0       0       
      +0       0       0       0       0
  1075 ;;      Totals:         1       0       0       0       0       0       0       0       0       0       0       0       
      +0       0       0       0       0
  1076 ;;Total ram usage:        1 bytes
  1077 ;; Hardware stack levels used:    1
  1078 ;; This function calls:
  1079 ;;		Nothing
  1080 ;; This function is called by:
  1081 ;;		_EXT_INT_Initialize
  1082 ;;		_INT0_CallBack
  1083 ;; This function uses a non-reentrant model
  1084 ;;
  1085                           
  1086                           	psect	text15
  1087  0001BE                     __ptext15:
  1088                           	opt callstack 0
  1089  0001BE                     _INT0_DefaultInterruptHandler:
  1090                           	opt callstack 20
  1091  0001BE                     
  1092                           ;mcc_generated_files/ext_int.c: 57:     PORTCbits.RC1 =~ PORTCbits.RC1;
  1093  0001BE  B282               	btfsc	130,1,c	;volatile
  1094  0001C0  EFE4  F000         	goto	i2u1_41
  1095  0001C4  EFE7  F000         	goto	i2u1_40
  1096  0001C8                     i2u1_41:
  1097  0001C8  0E01               	movlw	1
  1098  0001CA  EFE8  F000         	goto	i2u1_46
  1099  0001CE                     i2u1_40:
  1100  0001CE  0E00               	movlw	0
  1101  0001D0                     i2u1_46:
  1102  0001D0  0AFF               	xorlw	255
  1103  0001D2  6E01               	movwf	??_INT0_DefaultInterruptHandler^0,c
  1104  0001D4  4601               	rlncf	??_INT0_DefaultInterruptHandler^0,f,c
  1105  0001D6  5082               	movf	130,w,c	;volatile
  1106  0001D8  1801               	xorwf	??_INT0_DefaultInterruptHandler^0,w,c
  1107  0001DA  0BFD               	andlw	-3
  1108  0001DC  1801               	xorwf	??_INT0_DefaultInterruptHandler^0,w,c
  1109  0001DE  6E82               	movwf	130,c	;volatile
  1110  0001E0  0012               	return		;funcret
  1111  0001E2                     __end_of_INT0_DefaultInterruptHandler:
  1112                           	opt callstack 0
  1113  0000                     
  1114                           	psect	text16
  1115  000000                     __ptext16:
  1116                           	opt callstack 0
  1117  000000                     
  1118                           	psect	rparam
  1119  0000                     
  1120                           	psect	temp
  1121  000012                     btemp:
  1122                           	opt callstack 0
  1123  000012                     	ds	1
  1124  0000                     int$flags	set	btemp
  1125  0000                     wtemp8	set	btemp+1
  1126  0000                     ttemp5	set	btemp+1
  1127  0000                     ttemp6	set	btemp+4
  1128  0000                     ttemp7	set	btemp+8
  1129                           tosu	equ	0xFFF
  1130                           tosh	equ	0xFFE
  1131                           tosl	equ	0xFFD
  1132                           stkptr	equ	0xFFC
  1133                           pclatu	equ	0xFFB
  1134                           pclath	equ	0xFFA
  1135                           pcl	equ	0xFF9
  1136                           tblptru	equ	0xFF8
  1137                           tblptrh	equ	0xFF7
  1138                           tblptrl	equ	0xFF6
  1139                           tablat	equ	0xFF5
  1140                           prodh	equ	0xFF4
  1141                           prodl	equ	0xFF3
  1142                           indf0	equ	0xFEF
  1143                           postinc0	equ	0xFEE
  1144                           postdec0	equ	0xFED
  1145                           preinc0	equ	0xFEC
  1146                           plusw0	equ	0xFEB
  1147                           fsr0h	equ	0xFEA
  1148                           fsr0l	equ	0xFE9
  1149                           wreg	equ	0xFE8
  1150                           indf1	equ	0xFE7
  1151                           postinc1	equ	0xFE6
  1152                           postdec1	equ	0xFE5
  1153                           preinc1	equ	0xFE4
  1154                           plusw1	equ	0xFE3
  1155                           fsr1h	equ	0xFE2
  1156                           fsr1l	equ	0xFE1
  1157                           bsr	equ	0xFE0
  1158                           indf2	equ	0xFDF
  1159                           postinc2	equ	0xFDE
  1160                           postdec2	equ	0xFDD
  1161                           preinc2	equ	0xFDC
  1162                           plusw2	equ	0xFDB
  1163                           fsr2h	equ	0xFDA
  1164                           fsr2l	equ	0xFD9
  1165                           status	equ	0xFD8


Data Sizes:
    Strings     0
    Constant    0
    Data        0
    BSS         0
    Persistent  4
    Stack       0

Auto Spaces:
    Space          Size  Autos    Used
    COMRAM           94     13      17
    BANK0           160      0       0
    BANK1           256      0       0
    BANK2           256      0       0
    BANK3           256      0       0
    BANK4           256      0       0
    BANK5           256      0       0
    BANK6           256      0       0
    BANK7           256      0       0
    BANK8           256      0       0
    BANK9           256      0       0
    BANK10          256      0       0
    BANK11          256      0       0
    BANK12          256      0       0
    BANK13          256      0       0
    BANK14          256      0       0
    BANK15           96      0       0

Pointer List with Targets:

    INT1_SetInterruptHandler@InterruptHandler	PTR FTN()void  size(2) Largest target is 1
		 -> INT1_DefaultInterruptHandler(), 

    INT1_InterruptHandler	PTR FTN()void  size(2) Largest target is 1
		 -> INT1_DefaultInterruptHandler(), Absolute function(), 

    INT0_SetInterruptHandler@InterruptHandler	PTR FTN()void  size(2) Largest target is 1
		 -> INT0_DefaultInterruptHandler(), 

    INT0_InterruptHandler	PTR FTN()void  size(2) Largest target is 1
		 -> INT0_DefaultInterruptHandler(), Absolute function(), 


Critical Paths under _main in COMRAM

    _EXT_INT_Initialize->_INT0_SetInterruptHandler
    _EXT_INT_Initialize->_INT1_SetInterruptHandler

Critical Paths under _INTERRUPT_InterruptManagerLow in COMRAM

    _INT1_CallBack->_INT1_DefaultInterruptHandler

Critical Paths under _INTERRUPT_InterruptManagerHigh in COMRAM

    _INT0_CallBack->_INT0_DefaultInterruptHandler

Critical Paths under _main in BANK0

    None.

Critical Paths under _INTERRUPT_InterruptManagerLow in BANK0

    None.

Critical Paths under _INTERRUPT_InterruptManagerHigh in BANK0

    None.

Critical Paths under _main in BANK1

    None.

Critical Paths under _INTERRUPT_InterruptManagerLow in BANK1

    None.

Critical Paths under _INTERRUPT_InterruptManagerHigh in BANK1

    None.

Critical Paths under _main in BANK2

    None.

Critical Paths under _INTERRUPT_InterruptManagerLow in BANK2

    None.

Critical Paths under _INTERRUPT_InterruptManagerHigh in BANK2

    None.

Critical Paths under _main in BANK3

    None.

Critical Paths under _INTERRUPT_InterruptManagerLow in BANK3

    None.

Critical Paths under _INTERRUPT_InterruptManagerHigh in BANK3

    None.

Critical Paths under _main in BANK4

    None.

Critical Paths under _INTERRUPT_InterruptManagerLow in BANK4

    None.

Critical Paths under _INTERRUPT_InterruptManagerHigh in BANK4

    None.

Critical Paths under _main in BANK5

    None.

Critical Paths under _INTERRUPT_InterruptManagerLow in BANK5

    None.

Critical Paths under _INTERRUPT_InterruptManagerHigh in BANK5

    None.

Critical Paths under _main in BANK6

    None.

Critical Paths under _INTERRUPT_InterruptManagerLow in BANK6

    None.

Critical Paths under _INTERRUPT_InterruptManagerHigh in BANK6

    None.

Critical Paths under _main in BANK7

    None.

Critical Paths under _INTERRUPT_InterruptManagerLow in BANK7

    None.

Critical Paths under _INTERRUPT_InterruptManagerHigh in BANK7

    None.

Critical Paths under _main in BANK8

    None.

Critical Paths under _INTERRUPT_InterruptManagerLow in BANK8

    None.

Critical Paths under _INTERRUPT_InterruptManagerHigh in BANK8

    None.

Critical Paths under _main in BANK9

    None.

Critical Paths under _INTERRUPT_InterruptManagerLow in BANK9

    None.

Critical Paths under _INTERRUPT_InterruptManagerHigh in BANK9

    None.

Critical Paths under _main in BANK10

    None.

Critical Paths under _INTERRUPT_InterruptManagerLow in BANK10

    None.

Critical Paths under _INTERRUPT_InterruptManagerHigh in BANK10

    None.

Critical Paths under _main in BANK11

    None.

Critical Paths under _INTERRUPT_InterruptManagerLow in BANK11

    None.

Critical Paths under _INTERRUPT_InterruptManagerHigh in BANK11

    None.

Critical Paths under _main in BANK12

    None.

Critical Paths under _INTERRUPT_InterruptManagerLow in BANK12

    None.

Critical Paths under _INTERRUPT_InterruptManagerHigh in BANK12

    None.

Critical Paths under _main in BANK13

    None.

Critical Paths under _INTERRUPT_InterruptManagerLow in BANK13

    None.

Critical Paths under _INTERRUPT_InterruptManagerHigh in BANK13

    None.

Critical Paths under _main in BANK14

    None.

Critical Paths under _INTERRUPT_InterruptManagerLow in BANK14

    None.

Critical Paths under _INTERRUPT_InterruptManagerHigh in BANK14

    None.

Critical Paths under _main in BANK15

    None.

Critical Paths under _INTERRUPT_InterruptManagerLow in BANK15

    None.

Critical Paths under _INTERRUPT_InterruptManagerHigh in BANK15

    None.

Call Graph Tables:

 ---------------------------------------------------------------------------------
 (Depth) Function   	        Calls       Base Space   Used Autos Params    Refs
 ---------------------------------------------------------------------------------
 (0) _main                                                 2     2      0     196
                                             11 COMRAM     2     2      0
                  _SYSTEM_Initialize
 ---------------------------------------------------------------------------------
 (1) _SYSTEM_Initialize                                    0     0      0     196
                 _EXT_INT_Initialize
               _INTERRUPT_Initialize
              _OSCILLATOR_Initialize
             _PIN_MANAGER_Initialize
 ---------------------------------------------------------------------------------
 (2) _PIN_MANAGER_Initialize                               0     0      0       0
 ---------------------------------------------------------------------------------
 (2) _OSCILLATOR_Initialize                                0     0      0       0
 ---------------------------------------------------------------------------------
 (2) _INTERRUPT_Initialize                                 0     0      0       0
 ---------------------------------------------------------------------------------
 (2) _EXT_INT_Initialize                                   0     0      0     196
           _INT0_SetInterruptHandler
           _INT1_SetInterruptHandler
 ---------------------------------------------------------------------------------
 (3) _INT1_SetInterruptHandler                             2     0      2      98
                                              9 COMRAM     2     0      2
 ---------------------------------------------------------------------------------
 (3) _INT0_SetInterruptHandler                             2     0      2      98
                                              9 COMRAM     2     0      2
 ---------------------------------------------------------------------------------
 Estimated maximum stack depth 3
 ---------------------------------------------------------------------------------
 (Depth) Function   	        Calls       Base Space   Used Autos Params    Refs
 ---------------------------------------------------------------------------------
 (4) _INTERRUPT_InterruptManagerLow                        5     5      0       0
                                              4 COMRAM     5     5      0
                           _INT1_ISR
 ---------------------------------------------------------------------------------
 (5) _INT1_ISR                                             0     0      0       0
                      _INT1_CallBack
 ---------------------------------------------------------------------------------
 (6) _INT1_CallBack                                        0     0      0       0
                   Absolute function *
       _INT1_DefaultInterruptHandler *
 ---------------------------------------------------------------------------------
 (7) _INT1_DefaultInterruptHandler                         1     1      0       0
                                              3 COMRAM     1     1      0
 ---------------------------------------------------------------------------------
 (11) Absolute function(Fake)                              0     0      0       0
 ---------------------------------------------------------------------------------
 Estimated maximum stack depth 11
 ---------------------------------------------------------------------------------
 (Depth) Function   	        Calls       Base Space   Used Autos Params    Refs
 ---------------------------------------------------------------------------------
 (8) _INTERRUPT_InterruptManagerHigh                       2     2      0       0
                                              1 COMRAM     2     2      0
                           _INT0_ISR
 ---------------------------------------------------------------------------------
 (9) _INT0_ISR                                             0     0      0       0
                      _INT0_CallBack
 ---------------------------------------------------------------------------------
 (10) _INT0_CallBack                                       0     0      0       0
                   Absolute function *
       _INT0_DefaultInterruptHandler *
 ---------------------------------------------------------------------------------
 (11) _INT0_DefaultInterruptHandler                        1     1      0       0
                                              0 COMRAM     1     1      0
 ---------------------------------------------------------------------------------
 (11) Absolute function(Fake)                              0     0      0       0
 ---------------------------------------------------------------------------------
 Estimated maximum stack depth 11
 ---------------------------------------------------------------------------------

 Call Graph Graphs:

 _main (ROOT)
   _SYSTEM_Initialize
     _EXT_INT_Initialize
       _INT0_SetInterruptHandler
       _INT1_SetInterruptHandler
     _INTERRUPT_Initialize
     _OSCILLATOR_Initialize
     _PIN_MANAGER_Initialize

 _INTERRUPT_InterruptManagerLow (ROOT)
   _INT1_ISR
     _INT1_CallBack
       Absolute function(Fake) *
       _INT1_DefaultInterruptHandler *

 _INTERRUPT_InterruptManagerHigh (ROOT)
   _INT0_ISR
     _INT0_CallBack
       Absolute function(Fake) *
       _INT0_DefaultInterruptHandler *

 Address spaces:
Name               Size   Autos  Total    Cost      Usage
BITCOMRAM           5E      0       0       0        0.0%
EEDATA             400      0       0       0        0.0%
NULL                 0      0       0       0        0.0%
CODE                 0      0       0       0        0.0%
COMRAM              5E      D      11       1       18.1%
STACK                0      0       0       2        0.0%
DATA                 0      0      11       3        0.0%
BITBANK0            A0      0       0       4        0.0%
BANK0               A0      0       0       5        0.0%
BITBANK1           100      0       0       6        0.0%
BANK1              100      0       0       7        0.0%
BITBANK2           100      0       0       8        0.0%
BANK2              100      0       0       9        0.0%
BITBANK3           100      0       0      10        0.0%
BANK3              100      0       0      11        0.0%
BITBANK4           100      0       0      12        0.0%
BANK4              100      0       0      13        0.0%
BITBANK5           100      0       0      14        0.0%
BANK5              100      0       0      15        0.0%
BITBANK6           100      0       0      16        0.0%
BANK6              100      0       0      17        0.0%
BITBANK7           100      0       0      18        0.0%
BANK7              100      0       0      19        0.0%
BITBANK8           100      0       0      20        0.0%
BANK8              100      0       0      21        0.0%
BITBANK9           100      0       0      22        0.0%
BANK9              100      0       0      23        0.0%
BITBANK10          100      0       0      24        0.0%
BANK10             100      0       0      25        0.0%
BITBANK11          100      0       0      26        0.0%
BANK11             100      0       0      27        0.0%
BITBANK12          100      0       0      28        0.0%
BANK12             100      0       0      29        0.0%
BITBANK13          100      0       0      30        0.0%
BANK13             100      0       0      31        0.0%
ABS                  0      0      11      32        0.0%
BITBANK14          100      0       0      33        0.0%
BANK14             100      0       0      34        0.0%
BITBANK15           60      0       0      35        0.0%
BANK15              60      0       0      36        0.0%
BIGRAM             F5F      0       0      37        0.0%
BITSFR               0      0       0     200        0.0%
SFR                  0      0       0     200        0.0%


Microchip Technology PIC18 Macro Assembler V2.10 build 88905656 
Symbol Table                                                                                   Sat Sep 19 14:58:39 2020

                                      l33 0114                                        l51 01F2  
                                      l54 020A                                        l67 0234  
                                      bsr 000FE0                              __CFG_CP0$OFF 000000  
                            __CFG_CP1$OFF 000000                              __CFG_CP2$OFF 000000  
                            __CFG_CP3$OFF 000000                               __CFG_LVP$ON 000000  
                                     l105 021E                                       l124 0196  
                                     l118 0214                                       l902 0216  
                                     l910 0182                                       l830 0106  
                                     l904 020C                                       l912 0184  
                                     l832 0108                                       l824 00E6  
                                     l920 01E6                                       l914 0186  
                                     l906 0172                                       l834 0112  
                                     l826 00FE                                       l922 01EA  
                                     l930 0070                                       l916 0194  
                                     l908 0176                                       l836 0230  
                                     l828 0100                                       l924 01EE  
                                     l932 0072                                       l838 0202  
                                     l918 01E2                                       l934 0074  
                                     l926 006A                                       l936 0094  
                                     l928 006E                              __CFG_CPB$OFF 000000  
                                     u120 0084                                       u121 007E  
                                     u126 0086                                       u137 009E  
                            __CFG_CPD$OFF 000000                ??_INT0_SetInterruptHandler 000C  
                            __CFG_BORV$18 000000                                       tosl 000FFD  
                                     wreg 000FE8                             _INT0_CallBack 0144  
                            __CFG_FOSC$HS 000000                             _INT1_CallBack 0116  
                                    _LATA 000F89                                      _LATB 000F8A  
                                    _LATC 000F8B                                      _LATD 000F8C  
                                    _LATE 000F8D                                      i1l79 004E  
                                    i2l73 00DA                                      i2l98 022E  
                                    _WPUB 000F7C                                      _main 006A  
                                    btemp 0012                                      start 0066  
                           __CFG_IESO$OFF 000000                             __CFG_MCLRE$ON 000000  
                            ___param_bank 000000                          __end_of_INT0_ISR 0230  
                        __end_of_INT1_ISR 0228            __size_of_OSCILLATOR_Initialize 000A  
           __end_of_OSCILLATOR_Initialize 020C                                     ?_main 0001  
                                   _ANSEL 000F7E                            __CFG_DEBUG$OFF 000000  
                                   i1l111 0226                                     i1l121 01BC  
                                   i1l115 0142                                     i2l102 0170  
                                   i2l108 01E0                                     i1l822 0198  
                                   i1l856 0116                                     i1l872 0220  
                                   i1l858 0128                                     i1l874 0222  
                                   i1l884 002E                                     i1l886 003C  
                                   i1l888 004A                                     i2l818 01BE  
                                   i2l852 0144                                     i2l854 0156  
                                   i2l870 022A                                     i2l880 00C8  
                                   i2l882 00D6                                     i2l868 0228  
                                   i2l878 00BA                                     _TRISA 000F92  
                                   _TRISB 000F93                            ?_INT0_CallBack 0001  
                                   _TRISC 000F94                                     _TRISD 000F95  
                                   _TRISE 000F96                             __CFG_PWRT$OFF 000000  
                           __CFG_WRT0$OFF 000000                             __CFG_WRT1$OFF 000000  
                           __CFG_WRT2$OFF 000000                             __CFG_WRT3$OFF 000000  
                          __CFG_EBTR0$OFF 000000                            __CFG_FCMEN$OFF 000000  
                          __CFG_EBTR1$OFF 000000                            __CFG_EBTR2$OFF 000000  
                          __CFG_EBTR3$OFF 000000                             __CFG_WRTB$OFF 000000  
                           __CFG_WRTC$OFF 000000                             __CFG_WRTD$OFF 000000  
                          ?_INT1_CallBack 0001                            __CFG_EBTRB$OFF 000000  
          ??_INT1_DefaultInterruptHandler 0004                  _INT1_SetInterruptHandler 020C  
                                   pclath 000FFA                                     ttemp5 0013  
                                   ttemp6 0016                                     ttemp7 001A  
                                   status 000FD8                                     wtemp8 0013  
                          __CFG_HFOFST$ON 000000            ?_INTERRUPT_InterruptManagerLow 0001  
                          __CFG_PBADEN$ON 000000                           __initialization 01F4  
                            __end_of_main 00B2                                    ??_main 000C  
                           __activetblptr 000002                                    _ANSELH 000F7F  
                          __CFG_WDTEN$OFF 000000                                    _OSCCON 000FD3  
                                  i1u2_20 01A8                                    i1u2_21 01A2  
                                  i1u2_26 01AA                                    i1u5_20 0128  
                                  i1u5_21 0124                                    i2u1_40 01CE  
                                  i2u1_41 01C8                                    i2u1_46 01D0  
                                  i1u6_28 012E                                    i1u6_29 0142  
                                  i2u3_40 0156                                    i2u3_41 0152  
                                  i1u9_20 003C                                    i1u9_21 0038  
                                  i2u4_48 015C                                    i2u4_49 0170  
                                  i2u7_40 00C8                                    i2u7_41 00C4  
                                  i2u8_40 00D6                                    i2u8_41 00D2  
                          __CFG_XINST$OFF 000000                            __CFG_STVREN$ON 000000  
                         ??_INT0_CallBack 0002                           ??_INT1_CallBack 0005  
                                  tblptru 000FF8  INT1_SetInterruptHandler@InterruptHandler 000A  
INT0_SetInterruptHandler@InterruptHandler 000A             __size_of_INTERRUPT_Initialize 0006  
        ??_INTERRUPT_InterruptManagerHigh 0002           ?_INTERRUPT_InterruptManagerHigh 0001  
                       _SYSTEM_Initialize 01E2                                __accesstop 0060  
                 __end_of__initialization 01F4                                 ?_INT0_ISR 0001  
                               ?_INT1_ISR 0001                        ?_SYSTEM_Initialize 0001  
                           ___rparam_used 000001                            __pcstackCOMRAM 0001  
                     ??_SYSTEM_Initialize 000C               __size_of_EXT_INT_Initialize 0026  
               __end_of_SYSTEM_Initialize 01F4                     _INT0_InterruptHandler 0010  
                              ??_INT0_ISR 0002                                ??_INT1_ISR 0005  
                              __pnvCOMRAM 000E                ??_INT1_SetInterruptHandler 000C  
                                 i1u10_20 004A                                   i1u10_21 0046  
                                 _OSCTUNE 000F9B         __size_of_INT0_SetInterruptHandler 000A  
               ?_INT0_SetInterruptHandler 000A                                   __Hparam 0000  
                                 __Lparam 0000                                   __pcinit 01F4  
                                 __ramtop 1000                                   __ptext0 006A  
                                 __ptext1 01E2                                   __ptext2 00E6  
                                 __ptext3 0202                                   __ptext4 0230  
                                 __ptext5 0172                                   __ptext6 020C  
                                 __ptext7 0216                                   __ptext9 0220  
                   _OSCILLATOR_Initialize 0202                  ??_PIN_MANAGER_Initialize 000A  
              __size_of_SYSTEM_Initialize 0012                            __pintcode_body 00B2  
                    end_of_initialization 01F4                             __Lmediumconst 0000  
                                 int_func 00B2                     _INT1_InterruptHandler 000E  
                               _PORTCbits 000F82                         __size_of_INT0_ISR 0008  
                       __size_of_INT1_ISR 0008              __end_of_INTERRUPT_Initialize 0236  
    __end_of_INT0_DefaultInterruptHandler 01E2     __size_of_INT0_DefaultInterruptHandler 0024  
            _INT0_DefaultInterruptHandler 01BE                    ?_OSCILLATOR_Initialize 0001  
                   __end_of_INT0_CallBack 0172                       start_initialization 01F4  
         __size_of_PIN_MANAGER_Initialize 0030                     __end_of_INT1_CallBack 0144  
                        __CFG_LPT1OSC$OFF 000000                __end_of_EXT_INT_Initialize 0198  
         fp__INT0_DefaultInterruptHandler 0000             ?_INT0_DefaultInterruptHandler 0001  
        __end_of_INT0_SetInterruptHandler 0220                    _PIN_MANAGER_Initialize 00E6  
                       __CFG_CCP2MX$PORTC 000000                                 __pintcode 0008  
                             __pintcodelo 0018                      _INTERRUPT_Initialize 0230  
                                _INT0_ISR 0228                                  _INT1_ISR 0220  
       __size_of_INT1_SetInterruptHandler 000A                 ?_INT1_SetInterruptHandler 000A  
                                _RCONbits 000FD0                          __CFG_WDTPS$32768 000000  
          ??_INT0_DefaultInterruptHandler 0001                               _INTCON2bits 000FF1  
                             _INTCON3bits 000FF0                     ?_INTERRUPT_Initialize 0001  
                _INT0_SetInterruptHandler 0216                                  __Hrparam 0000  
                                __Lrparam 0000                        __CFG_BOREN$SBORDIS 000000  
                 ??_OSCILLATOR_Initialize 000A           ??_INTERRUPT_InterruptManagerLow 0005  
                                __ptext10 0116                                  __ptext11 0198  
                                __ptext13 0228                                  __ptext14 0144  
                                __ptext15 01BE                                  __ptext16 0000  
                           __size_of_main 0048                                  int$flags 0012  
    __end_of_INT1_DefaultInterruptHandler 01BE     __size_of_INT1_DefaultInterruptHandler 0026  
            _INT1_DefaultInterruptHandler 0198                                _INTCONbits 000FF2  
                  ??_INTERRUPT_Initialize 000A                        _EXT_INT_Initialize 0172  
                                intlevel1 0000                                  intlevel2 0000  
                 ?_PIN_MANAGER_Initialize 0001                       ?_EXT_INT_Initialize 0001  
                  __size_of_INT0_CallBack 002E                    __size_of_INT1_CallBack 002E  
  __end_of_INTERRUPT_InterruptManagerHigh 00E6   __size_of_INTERRUPT_InterruptManagerHigh 00DE  
          _INTERRUPT_InterruptManagerHigh 0008                      ??_EXT_INT_Initialize 000C  
         fp__INT1_DefaultInterruptHandler 0000             ?_INT1_DefaultInterruptHandler 0001  
        __end_of_INT1_SetInterruptHandler 0216     __end_of_INTERRUPT_InterruptManagerLow 0066  
  __size_of_INTERRUPT_InterruptManagerLow 004E             _INTERRUPT_InterruptManagerLow 0018  
          __end_of_PIN_MANAGER_Initialize 0116  
