

Microchip MPLAB XC8 Assembler V2.10 build 88905656 
                                                                                               Fri Oct 09 14:57:27 2020

Microchip MPLAB XC8 C Compiler v2.10 (Free license) build 20190730164152 Og1 
     1                           	processor	18F46K20
     2                           	fnconf	rparam,??,?,0
     3                           	opt	pw 120
     4                           	opt	flic
     5                           	psect	idataCOMRAM,global,class=CODE,delta=1,noexec
     6                           	psect	cinit,global,reloc=2,class=CODE,delta=1
     7                           	psect	dataCOMRAM,global,class=COMRAM,space=1,delta=1,noexec
     8                           	psect	cstackCOMRAM,global,class=COMRAM,space=1,delta=1,noexec
     9                           	psect	text0,global,reloc=2,class=CODE,delta=1
    10                           	psect	text1,global,reloc=2,class=CODE,delta=1
    11                           	psect	text2,global,reloc=2,class=CODE,delta=1
    12                           	psect	text3,global,reloc=2,class=CODE,delta=1
    13                           	psect	intsave_regs,global,class=BIGRAM,space=1,delta=1,noexec
    14                           	psect	rparam,global,class=COMRAM,space=1,delta=1,noexec
    15  0000                     
    16                           ; Version 2.10
    17                           ; Generated 31/07/2019 GMT
    18                           ; 
    19                           ; Copyright © 2019, Microchip Technology Inc. and its subsidiaries ("Microchip")
    20                           ; All rights reserved.
    21                           ; 
    22                           ; This software is developed by Microchip Technology Inc. and its subsidiaries ("Microch
      +                          ip").
    23                           ; 
    24                           ; Redistribution and use in source and binary forms, with or without modification, are
    25                           ; permitted provided that the following conditions are met:
    26                           ; 
    27                           ;     1. Redistributions of source code must retain the above copyright notice, this lis
      +                          t of
    28                           ;        conditions and the following disclaimer.
    29                           ; 
    30                           ;     2. Redistributions in binary form must reproduce the above copyright notice, this 
      +                          list
    31                           ;        of conditions and the following disclaimer in the documentation and/or other
    32                           ;        materials provided with the distribution.
    33                           ; 
    34                           ;     3. Microchip's name may not be used to endorse or promote products derived from th
      +                          is
    35                           ;        software without specific prior written permission.
    36                           ; 
    37                           ; THIS SOFTWARE IS PROVIDED BY MICROCHIP "AS IS" AND ANY EXPRESS OR IMPLIED WARRANTIES,
    38                           ; INCLUDING, BUT NOT LIMITED TO, THE IMPLIED WARRANTIES OF MERCHANTABILITY AND FITNESS F
      +                          OR
    39                           ; PURPOSE ARE DISCLAIMED.  IN NO EVENT SHALL MICROCHIP BE LIABLE FOR ANY DIRECT, INDIREC
      +                          T,
    40                           ; INCIDENTAL, SPECIAL, EXEMPLARY, OR CONSEQUENTIAL DAMAGES (INCLUDING BUT NOT LIMITED TO
    41                           ; PROCUREMENT OF SUBSTITUTE GOODS OR SERVICES; LOSS OF USE, DATA OR PROFITS; OR BUSINESS
    42                           ; INTERRUPTION) HOWSOEVER CAUSED AND ON ANY THEORY OF LIABILITY, WHETHER IN CONTRACT, ST
      +                          RICT
    43                           ; LIABILITY, OR TORT (INCLUDING NEGLIGENCE OR OTHERWISE) ARISING IN ANY WAY OUT OF THE U
      +                          SE OF
    44                           ; THIS SOFTWARE, EVEN IF ADVISED OF THE POSSIBILITY OF SUCH DAMAGE.
    45                           ; 
    46                           ; 
    47                           ; Code-generator required, PIC18F46K20 Definitions
    48                           ; 
    49                           ; SFR Addresses
    50  0000                     
    51                           	psect	idataCOMRAM
    52  00FFAA                     __pidataCOMRAM:
    53                           	opt callstack 0
    54                           
    55                           ;initializer for _leds_seq1
    56  00FFAA  01                 	db	1
    57  00FFAB  00                 	db	0
    58  00FFAC  00                 	db	0
    59  00FFAD  00                 	db	0
    60  00FFAE  00                 	db	0
    61  00FFAF  00                 	db	0
    62  00FFB0  00                 	db	0
    63  00FFB1  01                 	db	1
    64  00FFB2  01                 	db	1
    65  00FFB3  01                 	db	1
    66  00FFB4  00                 	db	0
    67  00FFB5  00                 	db	0
    68  00FFB6  00                 	db	0
    69  00FFB7  00                 	db	0
    70  00FFB8  01                 	db	1
    71  00FFB9  01                 	db	1
    72  00FFBA  01                 	db	1
    73  00FFBB  01                 	db	1
    74  00FFBC  01                 	db	1
    75  00FFBD  00                 	db	0
    76  00FFBE  00                 	db	0
    77  00FFBF  01                 	db	1
    78  00FFC0  01                 	db	1
    79  00FFC1  01                 	db	1
    80  00FFC2  01                 	db	1
    81  00FFC3  01                 	db	1
    82  00FFC4  01                 	db	1
    83  00FFC5  01                 	db	1
    84  00FFC6  01                 	db	1
    85  00FFC7  01                 	db	1
    86  00FFC8  01                 	db	1
    87  00FFC9  01                 	db	1
    88                           
    89                           ;initializer for _leds
    90  00FFCA  02                 	db	2
    91  00FFCB  00                 	db	0
    92  00FFCC  00                 	db	0
    93  00FFCD  02                 	db	2
    94  00FFCE  01                 	db	1
    95  00FFCF  00                 	db	0
    96  00FFD0  02                 	db	2
    97  00FFD1  02                 	db	2
    98  00FFD2  00                 	db	0
    99  00FFD3  02                 	db	2
   100  00FFD4  03                 	db	3
   101  00FFD5  00                 	db	0
   102  00FFD6  02                 	db	2
   103  00FFD7  04                 	db	4
   104  00FFD8  00                 	db	0
   105  00FFD9  02                 	db	2
   106  00FFDA  05                 	db	5
   107  00FFDB  00                 	db	0
   108  00FFDC  02                 	db	2
   109  00FFDD  06                 	db	6
   110  00FFDE  00                 	db	0
   111  00FFDF  02                 	db	2
   112  00FFE0  07                 	db	7
   113  00FFE1  00                 	db	0
   114                           
   115                           ;initializer for _lat_reg
   116  00FFE2  89                 	db	137
   117  00FFE3  0F                 	db	15
   118  00FFE4  8A                 	db	138
   119  00FFE5  0F                 	db	15
   120  00FFE6  8B                 	db	139
   121  00FFE7  0F                 	db	15
   122  00FFE8  8C                 	db	140
   123  00FFE9  0F                 	db	15
   124  00FFEA  8D                 	db	141
   125  00FFEB  0F                 	db	15
   126                           
   127                           ;initializer for _tris_reg
   128  00FFEC  92                 	db	146
   129  00FFED  0F                 	db	15
   130  00FFEE  93                 	db	147
   131  00FFEF  0F                 	db	15
   132  00FFF0  94                 	db	148
   133  00FFF1  0F                 	db	15
   134  00FFF2  95                 	db	149
   135  00FFF3  0F                 	db	15
   136  00FFF4  96                 	db	150
   137  00FFF5  0F                 	db	15
   138                           
   139                           ;initializer for _port_reg
   140  00FFF6  80                 	db	128
   141  00FFF7  0F                 	db	15
   142  00FFF8  81                 	db	129
   143  00FFF9  0F                 	db	15
   144  00FFFA  82                 	db	130
   145  00FFFB  0F                 	db	15
   146  00FFFC  83                 	db	131
   147  00FFFD  0F                 	db	15
   148  00FFFE  84                 	db	132
   149  00FFFF  0F                 	db	15
   150  0000                     _OSCTUNE	set	3995
   151  0000                     _OSCCON	set	4051
   152  0000                     _INTCONbits	set	4082
   153  0000                     _INTCON2bits	set	4081
   154  0000                     _WPUB	set	3964
   155  0000                     _ANSELH	set	3967
   156  0000                     _ANSEL	set	3966
   157  0000                     _LATE	set	3981
   158  0000                     _LATD	set	3980
   159  0000                     _LATC	set	3979
   160  0000                     _LATB	set	3978
   161  0000                     _LATA	set	3977
   162  0000                     _TRISE	set	3990
   163  0000                     _TRISD	set	3989
   164  0000                     _TRISC	set	3988
   165  0000                     _TRISB	set	3987
   166  0000                     _TRISA	set	3986
   167  0000                     _PORTE	set	3972
   168  0000                     _PORTD	set	3971
   169  0000                     _PORTC	set	3970
   170  0000                     _PORTB	set	3969
   171  0000                     _PORTA	set	3968
   172                           
   173                           ; #config settings
   174  0000                     
   175                           	psect	cinit
   176  00FF50                     __pcinit:
   177                           	opt callstack 0
   178  00FF50                     start_initialization:
   179                           	opt callstack 0
   180  00FF50                     __initialization:
   181                           	opt callstack 0
   182                           
   183                           ; Initialize objects allocated to COMRAM (86 bytes)
   184                           ; load TBLPTR registers with __pidataCOMRAM
   185  00FF50  0EAA               	movlw	low __pidataCOMRAM
   186  00FF52  6EF6               	movwf	tblptrl,c
   187  00FF54  0EFF               	movlw	high __pidataCOMRAM
   188  00FF56  6EF7               	movwf	tblptrh,c
   189  00FF58  0E00               	movlw	low (__pidataCOMRAM shr (0+16))
   190  00FF5A  6EF8               	movwf	tblptru,c
   191  00FF5C  EE00  F001         	lfsr	0,__pdataCOMRAM
   192  00FF60  EE10 F056          	lfsr	1,86
   193  00FF64                     copy_data0:
   194  00FF64  0009               	tblrd		*+
   195  00FF66  CFF5 FFEE          	movff	tablat,postinc0
   196  00FF6A  50E5               	movf	postdec1,w,c
   197  00FF6C  50E1               	movf	fsr1l,w,c
   198  00FF6E  E1FA               	bnz	copy_data0
   199  00FF70                     end_of_initialization:
   200                           	opt callstack 0
   201  00FF70                     __end_of__initialization:
   202                           	opt callstack 0
   203  00FF70  0E00               	movlw	low (__Lmediumconst shr (0+16))
   204  00FF72  6EF8               	movwf	tblptru,c
   205  00FF74  0100               	movlb	0
   206  00FF76  EFA2  F07F         	goto	_main	;jump to C main() function
   207                           
   208                           	psect	dataCOMRAM
   209  000001                     __pdataCOMRAM:
   210                           	opt callstack 0
   211  000001                     _leds_seq1:
   212                           	opt callstack 0
   213  000001                     	ds	32
   214  000021                     _leds:
   215                           	opt callstack 0
   216  000021                     	ds	24
   217  000039                     _lat_reg:
   218                           	opt callstack 0
   219  000039                     	ds	10
   220  000043                     _tris_reg:
   221                           	opt callstack 0
   222  000043                     	ds	10
   223  00004D                     _port_reg:
   224                           	opt callstack 0
   225  00004D                     	ds	10
   226                           
   227                           	psect	cstackCOMRAM
   228  000000                     __pcstackCOMRAM:
   229                           	opt callstack 0
   230  000000                     
   231                           ; 1 bytes @ 0x0
   232 ;;
   233 ;;Main: autosize = 0, tempsize = 0, incstack = 0, save=0
   234 ;;
   235 ;; *************** function _main *****************
   236 ;; Defined at:
   237 ;;		line 26 in file "main.c"
   238 ;; Parameters:    Size  Location     Type
   239 ;;		None
   240 ;; Auto vars:     Size  Location     Type
   241 ;;		None
   242 ;; Return value:  Size  Location     Type
   243 ;;                  1    wreg      void 
   244 ;; Registers used:
   245 ;;		wreg, status,2, cstack
   246 ;; Tracked objects:
   247 ;;		On entry : 0/0
   248 ;;		On exit  : 0/0
   249 ;;		Unchanged: 0/0
   250 ;; Data sizes:     COMRAM   BANK0   BANK1   BANK2   BANK3   BANK4   BANK5   BANK6   BANK7   BANK8   BANK9  BANK10  BANK1
      +1  BANK12  BANK13  BANK14  BANK15
   251 ;;      Params:         0       0       0       0       0       0       0       0       0       0       0       0       
      +0       0       0       0       0
   252 ;;      Locals:         0       0       0       0       0       0       0       0       0       0       0       0       
      +0       0       0       0       0
   253 ;;      Temps:          0       0       0       0       0       0       0       0       0       0       0       0       
      +0       0       0       0       0
   254 ;;      Totals:         0       0       0       0       0       0       0       0       0       0       0       0       
      +0       0       0       0       0
   255 ;;Total ram usage:        0 bytes
   256 ;; Hardware stack levels required when called:    2
   257 ;; This function calls:
   258 ;;		_SYSTEM_Initialize
   259 ;; This function is called by:
   260 ;;		Startup code after reset
   261 ;; This function uses a non-reentrant model
   262 ;;
   263                           
   264                           	psect	text0
   265  00FF44                     __ptext0:
   266                           	opt callstack 0
   267  00FF44                     _main:
   268                           	opt callstack 29
   269  00FF44                     
   270                           ;main.c: 29:     SYSTEM_Initialize();
   271  00FF44  EC9D  F07F         	call	_SYSTEM_Initialize	;wreg free
   272  00FF48                     l213:
   273  00FF48  EFA4  F07F         	goto	l213
   274  00FF4C  EF00  F000         	goto	start
   275  00FF50                     __end_of_main:
   276                           	opt callstack 0
   277                           
   278 ;; *************** function _SYSTEM_Initialize *****************
   279 ;; Defined at:
   280 ;;		line 50 in file "mcc_generated_files/mcc.c"
   281 ;; Parameters:    Size  Location     Type
   282 ;;		None
   283 ;; Auto vars:     Size  Location     Type
   284 ;;		None
   285 ;; Return value:  Size  Location     Type
   286 ;;                  1    wreg      void 
   287 ;; Registers used:
   288 ;;		wreg, status,2, cstack
   289 ;; Tracked objects:
   290 ;;		On entry : 0/0
   291 ;;		On exit  : 0/0
   292 ;;		Unchanged: 0/0
   293 ;; Data sizes:     COMRAM   BANK0   BANK1   BANK2   BANK3   BANK4   BANK5   BANK6   BANK7   BANK8   BANK9  BANK10  BANK1
      +1  BANK12  BANK13  BANK14  BANK15
   294 ;;      Params:         0       0       0       0       0       0       0       0       0       0       0       0       
      +0       0       0       0       0
   295 ;;      Locals:         0       0       0       0       0       0       0       0       0       0       0       0       
      +0       0       0       0       0
   296 ;;      Temps:          0       0       0       0       0       0       0       0       0       0       0       0       
      +0       0       0       0       0
   297 ;;      Totals:         0       0       0       0       0       0       0       0       0       0       0       0       
      +0       0       0       0       0
   298 ;;Total ram usage:        0 bytes
   299 ;; Hardware stack levels used:    1
   300 ;; Hardware stack levels required when called:    1
   301 ;; This function calls:
   302 ;;		_OSCILLATOR_Initialize
   303 ;;		_PIN_MANAGER_Initialize
   304 ;; This function is called by:
   305 ;;		_main
   306 ;; This function uses a non-reentrant model
   307 ;;
   308                           
   309                           	psect	text1
   310  00FF3A                     __ptext1:
   311                           	opt callstack 0
   312  00FF3A                     _SYSTEM_Initialize:
   313                           	opt callstack 29
   314  00FF3A                     
   315                           ;mcc_generated_files/mcc.c: 53:     PIN_MANAGER_Initialize();
   316  00FF3A  ECBD  F07F         	call	_PIN_MANAGER_Initialize	;wreg free
   317                           
   318                           ;mcc_generated_files/mcc.c: 54:     OSCILLATOR_Initialize();
   319  00FF3E  EC98  F07F         	call	_OSCILLATOR_Initialize	;wreg free
   320  00FF42  0012               	return		;funcret
   321  00FF44                     __end_of_SYSTEM_Initialize:
   322                           	opt callstack 0
   323                           
   324 ;; *************** function _PIN_MANAGER_Initialize *****************
   325 ;; Defined at:
   326 ;;		line 55 in file "mcc_generated_files/pin_manager.c"
   327 ;; Parameters:    Size  Location     Type
   328 ;;		None
   329 ;; Auto vars:     Size  Location     Type
   330 ;;		None
   331 ;; Return value:  Size  Location     Type
   332 ;;                  1    wreg      void 
   333 ;; Registers used:
   334 ;;		wreg, status,2
   335 ;; Tracked objects:
   336 ;;		On entry : 0/0
   337 ;;		On exit  : 0/0
   338 ;;		Unchanged: 0/0
   339 ;; Data sizes:     COMRAM   BANK0   BANK1   BANK2   BANK3   BANK4   BANK5   BANK6   BANK7   BANK8   BANK9  BANK10  BANK1
      +1  BANK12  BANK13  BANK14  BANK15
   340 ;;      Params:         0       0       0       0       0       0       0       0       0       0       0       0       
      +0       0       0       0       0
   341 ;;      Locals:         0       0       0       0       0       0       0       0       0       0       0       0       
      +0       0       0       0       0
   342 ;;      Temps:          0       0       0       0       0       0       0       0       0       0       0       0       
      +0       0       0       0       0
   343 ;;      Totals:         0       0       0       0       0       0       0       0       0       0       0       0       
      +0       0       0       0       0
   344 ;;Total ram usage:        0 bytes
   345 ;; Hardware stack levels used:    1
   346 ;; This function calls:
   347 ;;		Nothing
   348 ;; This function is called by:
   349 ;;		_SYSTEM_Initialize
   350 ;; This function uses a non-reentrant model
   351 ;;
   352                           
   353                           	psect	text2
   354  00FF7A                     __ptext2:
   355                           	opt callstack 0
   356  00FF7A                     _PIN_MANAGER_Initialize:
   357                           	opt callstack 29
   358  00FF7A                     
   359                           ;mcc_generated_files/pin_manager.c: 60:     LATE = 0x00;
   360  00FF7A  0E00               	movlw	0
   361  00FF7C  6E8D               	movwf	141,c	;volatile
   362                           
   363                           ;mcc_generated_files/pin_manager.c: 61:     LATD = 0x00;
   364  00FF7E  0E00               	movlw	0
   365  00FF80  6E8C               	movwf	140,c	;volatile
   366                           
   367                           ;mcc_generated_files/pin_manager.c: 62:     LATA = 0x00;
   368  00FF82  0E00               	movlw	0
   369  00FF84  6E89               	movwf	137,c	;volatile
   370                           
   371                           ;mcc_generated_files/pin_manager.c: 63:     LATB = 0x00;
   372  00FF86  0E00               	movlw	0
   373  00FF88  6E8A               	movwf	138,c	;volatile
   374                           
   375                           ;mcc_generated_files/pin_manager.c: 64:     LATC = 0x00;
   376  00FF8A  0E00               	movlw	0
   377  00FF8C  6E8B               	movwf	139,c	;volatile
   378                           
   379                           ;mcc_generated_files/pin_manager.c: 69:     TRISE = 0x07;
   380  00FF8E  0E07               	movlw	7
   381  00FF90  6E96               	movwf	150,c	;volatile
   382  00FF92                     
   383                           ;mcc_generated_files/pin_manager.c: 70:     TRISA = 0xFF;
   384  00FF92  6892               	setf	146,c	;volatile
   385  00FF94                     
   386                           ;mcc_generated_files/pin_manager.c: 71:     TRISB = 0xFF;
   387  00FF94  6893               	setf	147,c	;volatile
   388                           
   389                           ;mcc_generated_files/pin_manager.c: 72:     TRISC = 0x00;
   390  00FF96  0E00               	movlw	0
   391  00FF98  6E94               	movwf	148,c	;volatile
   392  00FF9A                     
   393                           ;mcc_generated_files/pin_manager.c: 73:     TRISD = 0xFF;
   394  00FF9A  6895               	setf	149,c	;volatile
   395  00FF9C                     
   396                           ;mcc_generated_files/pin_manager.c: 78:     ANSEL = 0xFF;
   397  00FF9C  687E               	setf	126,c	;volatile
   398                           
   399                           ;mcc_generated_files/pin_manager.c: 79:     ANSELH = 0x1F;
   400  00FF9E  0E1F               	movlw	31
   401  00FFA0  6E7F               	movwf	127,c	;volatile
   402                           
   403                           ;mcc_generated_files/pin_manager.c: 84:     WPUB = 0x00;
   404  00FFA2  0E00               	movlw	0
   405  00FFA4  6E7C               	movwf	124,c	;volatile
   406  00FFA6                     
   407                           ;mcc_generated_files/pin_manager.c: 85:     INTCON2bits.nRBPU = 1;
   408  00FFA6  8EF1               	bsf	241,7,c	;volatile
   409  00FFA8  0012               	return		;funcret
   410  00FFAA                     __end_of_PIN_MANAGER_Initialize:
   411                           	opt callstack 0
   412                           
   413 ;; *************** function _OSCILLATOR_Initialize *****************
   414 ;; Defined at:
   415 ;;		line 57 in file "mcc_generated_files/mcc.c"
   416 ;; Parameters:    Size  Location     Type
   417 ;;		None
   418 ;; Auto vars:     Size  Location     Type
   419 ;;		None
   420 ;; Return value:  Size  Location     Type
   421 ;;                  1    wreg      void 
   422 ;; Registers used:
   423 ;;		wreg, status,2
   424 ;; Tracked objects:
   425 ;;		On entry : 0/0
   426 ;;		On exit  : 0/0
   427 ;;		Unchanged: 0/0
   428 ;; Data sizes:     COMRAM   BANK0   BANK1   BANK2   BANK3   BANK4   BANK5   BANK6   BANK7   BANK8   BANK9  BANK10  BANK1
      +1  BANK12  BANK13  BANK14  BANK15
   429 ;;      Params:         0       0       0       0       0       0       0       0       0       0       0       0       
      +0       0       0       0       0
   430 ;;      Locals:         0       0       0       0       0       0       0       0       0       0       0       0       
      +0       0       0       0       0
   431 ;;      Temps:          0       0       0       0       0       0       0       0       0       0       0       0       
      +0       0       0       0       0
   432 ;;      Totals:         0       0       0       0       0       0       0       0       0       0       0       0       
      +0       0       0       0       0
   433 ;;Total ram usage:        0 bytes
   434 ;; Hardware stack levels used:    1
   435 ;; This function calls:
   436 ;;		Nothing
   437 ;; This function is called by:
   438 ;;		_SYSTEM_Initialize
   439 ;; This function uses a non-reentrant model
   440 ;;
   441                           
   442                           	psect	text3
   443  00FF30                     __ptext3:
   444                           	opt callstack 0
   445  00FF30                     _OSCILLATOR_Initialize:
   446                           	opt callstack 29
   447  00FF30                     
   448                           ;mcc_generated_files/mcc.c: 60:     OSCCON = 0x30;
   449  00FF30  0E30               	movlw	48
   450  00FF32  6ED3               	movwf	211,c	;volatile
   451                           
   452                           ;mcc_generated_files/mcc.c: 62:     OSCTUNE = 0x00;
   453  00FF34  0E00               	movlw	0
   454  00FF36  6E9B               	movwf	155,c	;volatile
   455  00FF38  0012               	return		;funcret
   456  00FF3A                     __end_of_OSCILLATOR_Initialize:
   457                           	opt callstack 0
   458  0000                     
   459                           	psect	rparam
   460  0000                     tosu	equ	0xFFF
   461                           tosh	equ	0xFFE
   462                           tosl	equ	0xFFD
   463                           stkptr	equ	0xFFC
   464                           pclatu	equ	0xFFB
   465                           pclath	equ	0xFFA
   466                           pcl	equ	0xFF9
   467                           tblptru	equ	0xFF8
   468                           tblptrh	equ	0xFF7
   469                           tblptrl	equ	0xFF6
   470                           tablat	equ	0xFF5
   471                           prodh	equ	0xFF4
   472                           prodl	equ	0xFF3
   473                           indf0	equ	0xFEF
   474                           postinc0	equ	0xFEE
   475                           postdec0	equ	0xFED
   476                           preinc0	equ	0xFEC
   477                           plusw0	equ	0xFEB
   478                           fsr0h	equ	0xFEA
   479                           fsr0l	equ	0xFE9
   480                           wreg	equ	0xFE8
   481                           indf1	equ	0xFE7
   482                           postinc1	equ	0xFE6
   483                           postdec1	equ	0xFE5
   484                           preinc1	equ	0xFE4
   485                           plusw1	equ	0xFE3
   486                           fsr1h	equ	0xFE2
   487                           fsr1l	equ	0xFE1
   488                           bsr	equ	0xFE0
   489                           indf2	equ	0xFDF
   490                           postinc2	equ	0xFDE
   491                           postdec2	equ	0xFDD
   492                           preinc2	equ	0xFDC
   493                           plusw2	equ	0xFDB
   494                           fsr2h	equ	0xFDA
   495                           fsr2l	equ	0xFD9
   496                           status	equ	0xFD8


Data Sizes:
    Strings     0
    Constant    0
    Data        86
    BSS         0
    Persistent  0
    Stack       0

Auto Spaces:
    Space          Size  Autos    Used
    COMRAM           95      0      86
    BANK0           160      0       0
    BANK1           256      0       0
    BANK2           256      0       0
    BANK3           256      0       0
    BANK4           256      0       0
    BANK5           256      0       0
    BANK6           256      0       0
    BANK7           256      0       0
    BANK8           256      0       0
    BANK9           256      0       0
    BANK10          256      0       0
    BANK11          256      0       0
    BANK12          256      0       0
    BANK13          256      0       0
    BANK14          256      0       0
    BANK15           96      0       0

Pointer List with Targets:

    lat_reg	PTR volatile unsigned char [5] size(2) Largest target is 1
		 -> LATE(SFR[1]), LATD(SFR[1]), LATC(SFR[1]), LATB(SFR[1]), 
		 -> LATA(SFR[1]), 

    tris_reg	PTR volatile unsigned char [5] size(2) Largest target is 1
		 -> TRISE(SFR[1]), TRISD(SFR[1]), TRISC(SFR[1]), TRISB(SFR[1]), 
		 -> TRISA(SFR[1]), 

    port_reg	PTR volatile unsigned char [5] size(2) Largest target is 1
		 -> PORTE(SFR[1]), PORTD(SFR[1]), PORTC(SFR[1]), PORTB(SFR[1]), 
		 -> PORTA(SFR[1]), 


Critical Paths under _main in COMRAM

    None.

Critical Paths under _main in BANK0

    None.

Critical Paths under _main in BANK1

    None.

Critical Paths under _main in BANK2

    None.

Critical Paths under _main in BANK3

    None.

Critical Paths under _main in BANK4

    None.

Critical Paths under _main in BANK5

    None.

Critical Paths under _main in BANK6

    None.

Critical Paths under _main in BANK7

    None.

Critical Paths under _main in BANK8

    None.

Critical Paths under _main in BANK9

    None.

Critical Paths under _main in BANK10

    None.

Critical Paths under _main in BANK11

    None.

Critical Paths under _main in BANK12

    None.

Critical Paths under _main in BANK13

    None.

Critical Paths under _main in BANK14

    None.

Critical Paths under _main in BANK15

    None.

Call Graph Tables:

 ---------------------------------------------------------------------------------
 (Depth) Function   	        Calls       Base Space   Used Autos Params    Refs
 ---------------------------------------------------------------------------------
 (0) _main                                                 0     0      0       0
                  _SYSTEM_Initialize
 ---------------------------------------------------------------------------------
 (1) _SYSTEM_Initialize                                    0     0      0       0
              _OSCILLATOR_Initialize
             _PIN_MANAGER_Initialize
 ---------------------------------------------------------------------------------
 (2) _PIN_MANAGER_Initialize                               0     0      0       0
 ---------------------------------------------------------------------------------
 (2) _OSCILLATOR_Initialize                                0     0      0       0
 ---------------------------------------------------------------------------------
 Estimated maximum stack depth 2
 ---------------------------------------------------------------------------------

 Call Graph Graphs:

 _main (ROOT)
   _SYSTEM_Initialize
     _OSCILLATOR_Initialize
     _PIN_MANAGER_Initialize

 Address spaces:
Name               Size   Autos  Total    Cost      Usage
BIGRAM             F5F      0       0      37        0.0%
EEDATA             400      0       0       0        0.0%
BITBANK14          100      0       0      33        0.0%
BANK14             100      0       0      34        0.0%
BITBANK13          100      0       0      30        0.0%
BANK13             100      0       0      31        0.0%
BITBANK12          100      0       0      28        0.0%
BANK12             100      0       0      29        0.0%
BITBANK11          100      0       0      26        0.0%
BANK11             100      0       0      27        0.0%
BITBANK10          100      0       0      24        0.0%
BANK10             100      0       0      25        0.0%
BITBANK9           100      0       0      22        0.0%
BANK9              100      0       0      23        0.0%
BITBANK8           100      0       0      20        0.0%
BANK8              100      0       0      21        0.0%
BITBANK7           100      0       0      18        0.0%
BANK7              100      0       0      19        0.0%
BITBANK6           100      0       0      16        0.0%
BANK6              100      0       0      17        0.0%
BITBANK5           100      0       0      14        0.0%
BANK5              100      0       0      15        0.0%
BITBANK4           100      0       0      12        0.0%
BANK4              100      0       0      13        0.0%
BITBANK3           100      0       0      10        0.0%
BANK3              100      0       0      11        0.0%
BITBANK2           100      0       0       8        0.0%
BANK2              100      0       0       9        0.0%
BITBANK1           100      0       0       6        0.0%
BANK1              100      0       0       7        0.0%
BITBANK0            A0      0       0       4        0.0%
BANK0               A0      0       0       5        0.0%
BITBANK15           60      0       0      35        0.0%
BANK15              60      0       0      36        0.0%
BITCOMRAM           5F      0       0       0        0.0%
COMRAM              5F      0      56       1       90.5%
BITSFR               0      0       0     200        0.0%
SFR                  0      0       0     200        0.0%
STACK                0      0       0       2        0.0%
NULL                 0      0       0       0        0.0%
ABS                  0      0      56      32        0.0%
DATA                 0      0      56       3        0.0%
CODE                 0      0       0       0        0.0%


Microchip Technology PIC18 Macro Assembler V2.10 build 88905656 
Symbol Table                                                                                   Fri Oct 09 14:57:27 2020

                   __CFG_CP0$OFF 000000                     __CFG_CP1$OFF 000000  
                   __CFG_CP2$OFF 000000                     __CFG_CP3$OFF 000000  
                    __CFG_LVP$ON 000000                              l202 FF38  
                            l213 FF48                              l214 FF48  
                            l185 FFA8                              l199 FF42  
                            l900 FF9C                              l902 FFA6  
                            l910 FF3A                              l904 FF30  
                            l892 FF7A                              l894 FF92  
                            l896 FF94                              l898 FF9A  
                   __CFG_CPB$OFF 000000                     __CFG_CPD$OFF 000000  
                   __CFG_BORV$18 000000                     __CFG_FOSC$HS 000000  
                           l1092 FF44                             _LATA 000F89  
                           _LATB 000F8A                             _LATC 000F8B  
                           _LATD 000F8C                             _LATE 000F8D  
                           _WPUB 000F7C                             _main FF44  
                           _leds 0021                             fsr1l 000FE1  
                           start 0000                    __CFG_IESO$OFF 000000  
                  __CFG_MCLRE$ON 000000                     ___param_bank 000000  
 __size_of_OSCILLATOR_Initialize 000A    __end_of_OSCILLATOR_Initialize FF3A  
                          ?_main 0000                            _ANSEL 000F7E  
                 __CFG_DEBUG$OFF 000000                            _PORTA 000F80  
                          _PORTB 000F81                            _PORTC 000F82  
                          _PORTD 000F83                            _PORTE 000F84  
                          _TRISA 000F92                            _TRISB 000F93  
                          _TRISC 000F94                            _TRISD 000F95  
                          _TRISE 000F96                    __CFG_PWRT$OFF 000000  
                  __CFG_WRT0$OFF 000000                    __CFG_WRT1$OFF 000000  
                  __CFG_WRT2$OFF 000000                    __CFG_WRT3$OFF 000000  
                 __CFG_EBTR0$OFF 000000                   __CFG_FCMEN$OFF 000000  
                 __CFG_EBTR1$OFF 000000                   __CFG_EBTR2$OFF 000000  
                 __CFG_EBTR3$OFF 000000                    __CFG_WRTB$OFF 000000  
                  __CFG_WRTC$OFF 000000                    __CFG_WRTD$OFF 000000  
                 __CFG_EBTRB$OFF 000000                            tablat 000FF5  
                 __CFG_HFOFST$ON 000000                   __CFG_PBADEN$ON 000000  
                __initialization FF50                     __end_of_main FF50  
                         ??_main 0000                    __activetblptr 000002  
                         _ANSELH 000F7F                   __CFG_WDTEN$OFF 000000  
                         _OSCCON 000FD3                   __CFG_XINST$OFF 000000  
                 __CFG_STVREN$ON 000000                     __pdataCOMRAM 0001  
                         tblptrh 000FF7                           tblptrl 000FF6  
                         tblptru 000FF8                _SYSTEM_Initialize FF3A  
                     __accesstop 0060          __end_of__initialization FF70  
             ?_SYSTEM_Initialize 0000                    ___rparam_used 000001  
                 __pcstackCOMRAM 0000              ??_SYSTEM_Initialize 0000  
      __end_of_SYSTEM_Initialize FF44                          _OSCTUNE 000F9B  
                        __Hparam 0000                          __Lparam 0000  
                        __pcinit FF50                          __ramtop 1000  
                        __ptext0 FF44                          __ptext1 FF3A  
                        __ptext2 FF7A                          __ptext3 FF30  
                        _lat_reg 0039            _OSCILLATOR_Initialize FF30  
       ??_PIN_MANAGER_Initialize 0000       __size_of_SYSTEM_Initialize 000A  
           end_of_initialization FF70                    __Lmediumconst 0000  
                        postdec1 000FE5                          postinc0 000FEE  
                  __pidataCOMRAM FFAA           ?_OSCILLATOR_Initialize 0000  
            start_initialization FF50  __size_of_PIN_MANAGER_Initialize 0030  
               __CFG_LPT1OSC$OFF 000000           _PIN_MANAGER_Initialize FF7A  
              __CFG_CCP2MX$PORTC 000000                        _leds_seq1 0001  
               __CFG_WDTPS$32768 000000                      _INTCON2bits 000FF1  
                      copy_data0 FF64                         __Hrparam 0000  
                       __Lrparam 0000               __CFG_BOREN$SBORDIS 000000  
        ??_OSCILLATOR_Initialize 0000                    __size_of_main 000C  
                       _port_reg 004D                         _tris_reg 0043  
                     _INTCONbits 000FF2          ?_PIN_MANAGER_Initialize 0000  
 __end_of_PIN_MANAGER_Initialize FFAA  
