

Microchip MPLAB XC8 Assembler V2.10 build 88905656 
                                                                                               Fri Sep 18 17:46:35 2020

Microchip MPLAB XC8 C Compiler v2.10 (Free license) build 20190730164152 Og1 
     1                           	processor	18F46K20
     2                           	fnconf	rparam,??,?,0
     3                           	opt	pw 120
     4                           	opt	flic
     5                           	psect	nvCOMRAM,global,class=COMRAM,space=1,delta=1,noexec
     6                           	psect	cinit,global,reloc=2,class=CODE,delta=1
     7                           	psect	cstackCOMRAM,global,class=COMRAM,space=1,delta=1,noexec
     8                           	psect	text0,global,reloc=2,class=CODE,delta=1
     9                           	psect	text1,global,reloc=2,class=CODE,delta=1
    10                           	psect	text2,global,reloc=2,class=CODE,delta=1
    11                           	psect	text3,global,reloc=2,class=CODE,delta=1
    12                           	psect	text4,global,reloc=2,class=CODE,delta=1
    13                           	psect	text5,global,reloc=2,class=CODE,delta=1
    14                           	psect	text6,global,reloc=2,class=CODE,delta=1
    15                           	psect	intcode,global,reloc=2,class=CODE,delta=1
    16                           	psect	text8,global,reloc=2,class=CODE,delta=1
    17                           	psect	text9,global,reloc=2,class=CODE,delta=1
    18                           	psect	text10,global,reloc=2,class=CODE,delta=1
    19                           	psect	intsave_regs,global,class=BIGRAM,space=1,delta=1,noexec
    20                           	psect	text11,global,reloc=2,class=CODE,delta=1
    21                           	psect	rparam,global,class=COMRAM,space=1,delta=1,noexec
    22                           	psect	temp,global,ovrld,common,class=COMRAM,space=1,delta=1
    23  0000                     
    24                           ; Version 2.10
    25                           ; Generated 31/07/2019 GMT
    26                           ; 
    27                           ; Copyright © 2019, Microchip Technology Inc. and its subsidiaries ("Microchip")
    28                           ; All rights reserved.
    29                           ; 
    30                           ; This software is developed by Microchip Technology Inc. and its subsidiaries ("Microch
      +                          ip").
    31                           ; 
    32                           ; Redistribution and use in source and binary forms, with or without modification, are
    33                           ; permitted provided that the following conditions are met:
    34                           ; 
    35                           ;     1. Redistributions of source code must retain the above copyright notice, this lis
      +                          t of
    36                           ;        conditions and the following disclaimer.
    37                           ; 
    38                           ;     2. Redistributions in binary form must reproduce the above copyright notice, this 
      +                          list
    39                           ;        of conditions and the following disclaimer in the documentation and/or other
    40                           ;        materials provided with the distribution.
    41                           ; 
    42                           ;     3. Microchip's name may not be used to endorse or promote products derived from th
      +                          is
    43                           ;        software without specific prior written permission.
    44                           ; 
    45                           ; THIS SOFTWARE IS PROVIDED BY MICROCHIP "AS IS" AND ANY EXPRESS OR IMPLIED WARRANTIES,
    46                           ; INCLUDING, BUT NOT LIMITED TO, THE IMPLIED WARRANTIES OF MERCHANTABILITY AND FITNESS F
      +                          OR
    47                           ; PURPOSE ARE DISCLAIMED.  IN NO EVENT SHALL MICROCHIP BE LIABLE FOR ANY DIRECT, INDIREC
      +                          T,
    48                           ; INCIDENTAL, SPECIAL, EXEMPLARY, OR CONSEQUENTIAL DAMAGES (INCLUDING BUT NOT LIMITED TO
    49                           ; PROCUREMENT OF SUBSTITUTE GOODS OR SERVICES; LOSS OF USE, DATA OR PROFITS; OR BUSINESS
    50                           ; INTERRUPTION) HOWSOEVER CAUSED AND ON ANY THEORY OF LIABILITY, WHETHER IN CONTRACT, ST
      +                          RICT
    51                           ; LIABILITY, OR TORT (INCLUDING NEGLIGENCE OR OTHERWISE) ARISING IN ANY WAY OUT OF THE U
      +                          SE OF
    52                           ; THIS SOFTWARE, EVEN IF ADVISED OF THE POSSIBILITY OF SUCH DAMAGE.
    53                           ; 
    54                           ; 
    55                           ; Code-generator required, PIC18F46K20 Definitions
    56                           ; 
    57                           ; SFR Addresses
    58  0000                     
    59                           	psect	nvCOMRAM
    60  000001                     __pnvCOMRAM:
    61                           	opt callstack 0
    62  000001                     _main_ptr:
    63                           	opt callstack 0
    64  000001                     	ds	2
    65  000003                     _INT0_InterruptHandler_ptr:
    66                           	opt callstack 0
    67  000003                     	ds	2
    68  000005                     _INT0_InterruptHandler:
    69                           	opt callstack 0
    70  000005                     	ds	2
    71  0000                     _PORTCbits	set	3970
    72  0000                     _RCONbits	set	4048
    73  0000                     _OSCTUNE	set	3995
    74  0000                     _OSCCON	set	4051
    75  0000                     _INTCONbits	set	4082
    76  0000                     _INTCON2bits	set	4081
    77  0000                     _WPUB	set	3964
    78  0000                     _ANSELH	set	3967
    79  0000                     _ANSEL	set	3966
    80  0000                     _TRISD	set	3989
    81  0000                     _TRISC	set	3988
    82  0000                     _TRISB	set	3987
    83  0000                     _TRISA	set	3986
    84  0000                     _TRISE	set	3990
    85  0000                     _LATC	set	3979
    86  0000                     _LATB	set	3978
    87  0000                     _LATA	set	3977
    88  0000                     _LATD	set	3980
    89  0000                     _LATE	set	3981
    90                           
    91                           ; #config settings
    92  0000                     
    93                           	psect	cinit
    94  000130                     __pcinit:
    95                           	opt callstack 0
    96  000130                     start_initialization:
    97                           	opt callstack 0
    98  000130                     __initialization:
    99                           	opt callstack 0
   100  000130                     end_of_initialization:
   101                           	opt callstack 0
   102  000130                     __end_of__initialization:
   103                           	opt callstack 0
   104  000130  900D               	bcf	int$flags,0,c	;clear compiler interrupt flag (level 1)
   105  000132  920D               	bcf	int$flags,1,c	;clear compiler interrupt flag (level 2)
   106  000134  0E00               	movlw	low (__Lmediumconst shr (0+16))
   107  000136  6EF8               	movwf	tblptru,c
   108  000138  0100               	movlb	0
   109  00013A  EF21  F000         	goto	_main	;jump to C main() function
   110                           
   111                           	psect	cstackCOMRAM
   112  000007                     __pcstackCOMRAM:
   113                           	opt callstack 0
   114  000007                     ??_INT0_DefaultInterruptHandler:
   115  000007                     
   116                           ; 1 bytes @ 0x0
   117  000007                     	ds	1
   118  000008                     ??_INTERRUPT_InterruptManagerHigh:
   119                           
   120                           ; 1 bytes @ 0x1
   121  000008                     	ds	2
   122  00000A                     INT0_SetInterruptHandler@InterruptHandler:
   123                           	opt callstack 0
   124                           
   125                           ; 2 bytes @ 0x3
   126  00000A                     	ds	2
   127  00000C                     ??_main:
   128                           
   129                           ; 1 bytes @ 0x5
   130  00000C                     	ds	1
   131                           
   132 ;;
   133 ;;Main: autosize = 0, tempsize = 1, incstack = 0, save=0
   134 ;;
   135 ;; *************** function _main *****************
   136 ;; Defined at:
   137 ;;		line 52 in file "main.c"
   138 ;; Parameters:    Size  Location     Type
   139 ;;		None
   140 ;; Auto vars:     Size  Location     Type
   141 ;;		None
   142 ;; Return value:  Size  Location     Type
   143 ;;                  1    wreg      void 
   144 ;; Registers used:
   145 ;;		wreg, status,2, status,0, cstack
   146 ;; Tracked objects:
   147 ;;		On entry : 0/0
   148 ;;		On exit  : 0/0
   149 ;;		Unchanged: 0/0
   150 ;; Data sizes:     COMRAM   BANK0   BANK1   BANK2   BANK3   BANK4   BANK5   BANK6   BANK7   BANK8   BANK9  BANK10  BANK1
      +1  BANK12  BANK13  BANK14  BANK15
   151 ;;      Params:         0       0       0       0       0       0       0       0       0       0       0       0       
      +0       0       0       0       0
   152 ;;      Locals:         0       0       0       0       0       0       0       0       0       0       0       0       
      +0       0       0       0       0
   153 ;;      Temps:          1       0       0       0       0       0       0       0       0       0       0       0       
      +0       0       0       0       0
   154 ;;      Totals:         1       0       0       0       0       0       0       0       0       0       0       0       
      +0       0       0       0       0
   155 ;;Total ram usage:        1 bytes
   156 ;; Hardware stack levels required when called:    7
   157 ;; This function calls:
   158 ;;		_SYSTEM_Initialize
   159 ;; This function is called by:
   160 ;; This function uses a non-reentrant model
   161 ;;
   162                           
   163                           	psect	text0
   164  000042                     __ptext0:
   165                           	opt callstack 0
   166  000042                     _main:
   167                           	opt callstack 24
   168  000042                     
   169                           ;main.c: 55:     SYSTEM_Initialize();
   170  000042  EC8F  F000         	call	_SYSTEM_Initialize	;wreg free
   171  000046                     
   172                           ;main.c: 56:     INT0_InterruptHandler_ptr = &INT0_DefaultInterruptHandler;
   173  000046  0EE6               	movlw	low _INT0_DefaultInterruptHandler
   174  000048  6E03               	movwf	_INT0_InterruptHandler_ptr^0,c
   175  00004A  0E00               	movlw	high _INT0_DefaultInterruptHandler
   176  00004C  6E04               	movwf	(_INT0_InterruptHandler_ptr+1)^0,c
   177  00004E                     
   178                           ;main.c: 57:     main_ptr = &main;
   179  00004E  0E42               	movlw	low _main
   180  000050  6E01               	movwf	_main_ptr^0,c
   181  000052  0E00               	movlw	high _main
   182  000054  6E02               	movwf	(_main_ptr+1)^0,c
   183  000056                     
   184                           ;main.c: 63:     (INTCONbits.GIEH = 1);
   185  000056  8EF2               	bsf	242,7,c	;volatile
   186  000058                     
   187                           ;main.c: 66:     (INTCONbits.GIEL = 1);
   188  000058  8CF2               	bsf	242,6,c	;volatile
   189  00005A                     
   190                           ;main.c: 69:     (INTCONbits.PEIE = 1);
   191  00005A  8CF2               	bsf	242,6,c	;volatile
   192  00005C                     l887:
   193                           
   194                           ;main.c: 75:     {;main.c: 77:         PORTCbits.RC0 =~ PORTCbits.RC0;
   195  00005C  B082               	btfsc	130,0,c	;volatile
   196  00005E  EF33  F000         	goto	u71
   197  000062  EF36  F000         	goto	u70
   198  000066                     u71:
   199  000066  0E01               	movlw	1
   200  000068  EF37  F000         	goto	u76
   201  00006C                     u70:
   202  00006C  0E00               	movlw	0
   203  00006E                     u76:
   204  00006E  0AFF               	xorlw	255
   205  000070  6E0C               	movwf	??_main^0,c
   206  000072  5082               	movf	130,w,c	;volatile
   207  000074  180C               	xorwf	??_main^0,w,c
   208  000076  0BFE               	andlw	-2
   209  000078  180C               	xorwf	??_main^0,w,c
   210  00007A  6E82               	movwf	130,c	;volatile
   211  00007C                     
   212                           ;main.c: 78:         _delay((unsigned long)((1)*(8000000/4000000.0)));
   213  00007C  F000 F000          	nop2		;2 cycle nop
   214  000080  EF2E  F000         	goto	l887
   215  000084  EF1F  F000         	goto	start
   216  000088                     __end_of_main:
   217                           	opt callstack 0
   218                           
   219 ;; *************** function _SYSTEM_Initialize *****************
   220 ;; Defined at:
   221 ;;		line 50 in file "mcc_generated_files/mcc.c"
   222 ;; Parameters:    Size  Location     Type
   223 ;;		None
   224 ;; Auto vars:     Size  Location     Type
   225 ;;		None
   226 ;; Return value:  Size  Location     Type
   227 ;;                  1    wreg      void 
   228 ;; Registers used:
   229 ;;		wreg, status,2, status,0, cstack
   230 ;; Tracked objects:
   231 ;;		On entry : 0/0
   232 ;;		On exit  : 0/0
   233 ;;		Unchanged: 0/0
   234 ;; Data sizes:     COMRAM   BANK0   BANK1   BANK2   BANK3   BANK4   BANK5   BANK6   BANK7   BANK8   BANK9  BANK10  BANK1
      +1  BANK12  BANK13  BANK14  BANK15
   235 ;;      Params:         0       0       0       0       0       0       0       0       0       0       0       0       
      +0       0       0       0       0
   236 ;;      Locals:         0       0       0       0       0       0       0       0       0       0       0       0       
      +0       0       0       0       0
   237 ;;      Temps:          0       0       0       0       0       0       0       0       0       0       0       0       
      +0       0       0       0       0
   238 ;;      Totals:         0       0       0       0       0       0       0       0       0       0       0       0       
      +0       0       0       0       0
   239 ;;Total ram usage:        0 bytes
   240 ;; Hardware stack levels used:    1
   241 ;; Hardware stack levels required when called:    6
   242 ;; This function calls:
   243 ;;		_EXT_INT_Initialize
   244 ;;		_INTERRUPT_Initialize
   245 ;;		_OSCILLATOR_Initialize
   246 ;;		_PIN_MANAGER_Initialize
   247 ;; This function is called by:
   248 ;;		_main
   249 ;; This function uses a non-reentrant model
   250 ;;
   251                           
   252                           	psect	text1
   253  00011E                     __ptext1:
   254                           	opt callstack 0
   255  00011E                     _SYSTEM_Initialize:
   256                           	opt callstack 24
   257  00011E                     
   258                           ;mcc_generated_files/mcc.c: 53:     INTERRUPT_Initialize();
   259  00011E  ECAD  F000         	call	_INTERRUPT_Initialize	;wreg free
   260  000122                     
   261                           ;mcc_generated_files/mcc.c: 54:     PIN_MANAGER_Initialize();
   262  000122  EC44  F000         	call	_PIN_MANAGER_Initialize	;wreg free
   263  000126                     
   264                           ;mcc_generated_files/mcc.c: 55:     OSCILLATOR_Initialize();
   265  000126  EC9F  F000         	call	_OSCILLATOR_Initialize	;wreg free
   266  00012A                     
   267                           ;mcc_generated_files/mcc.c: 56:     EXT_INT_Initialize();
   268  00012A  EC85  F000         	call	_EXT_INT_Initialize	;wreg free
   269  00012E  0012               	return		;funcret
   270  000130                     __end_of_SYSTEM_Initialize:
   271                           	opt callstack 0
   272                           
   273 ;; *************** function _PIN_MANAGER_Initialize *****************
   274 ;; Defined at:
   275 ;;		line 55 in file "mcc_generated_files/pin_manager.c"
   276 ;; Parameters:    Size  Location     Type
   277 ;;		None
   278 ;; Auto vars:     Size  Location     Type
   279 ;;		None
   280 ;; Return value:  Size  Location     Type
   281 ;;                  1    wreg      void 
   282 ;; Registers used:
   283 ;;		wreg, status,2
   284 ;; Tracked objects:
   285 ;;		On entry : 0/0
   286 ;;		On exit  : 0/0
   287 ;;		Unchanged: 0/0
   288 ;; Data sizes:     COMRAM   BANK0   BANK1   BANK2   BANK3   BANK4   BANK5   BANK6   BANK7   BANK8   BANK9  BANK10  BANK1
      +1  BANK12  BANK13  BANK14  BANK15
   289 ;;      Params:         0       0       0       0       0       0       0       0       0       0       0       0       
      +0       0       0       0       0
   290 ;;      Locals:         0       0       0       0       0       0       0       0       0       0       0       0       
      +0       0       0       0       0
   291 ;;      Temps:          0       0       0       0       0       0       0       0       0       0       0       0       
      +0       0       0       0       0
   292 ;;      Totals:         0       0       0       0       0       0       0       0       0       0       0       0       
      +0       0       0       0       0
   293 ;;Total ram usage:        0 bytes
   294 ;; Hardware stack levels used:    1
   295 ;; Hardware stack levels required when called:    4
   296 ;; This function calls:
   297 ;;		Nothing
   298 ;; This function is called by:
   299 ;;		_SYSTEM_Initialize
   300 ;; This function uses a non-reentrant model
   301 ;;
   302                           
   303                           	psect	text2
   304  000088                     __ptext2:
   305                           	opt callstack 0
   306  000088                     _PIN_MANAGER_Initialize:
   307                           	opt callstack 25
   308  000088                     
   309                           ;mcc_generated_files/pin_manager.c: 60:     LATE = 0x00;
   310  000088  0E00               	movlw	0
   311  00008A  6E8D               	movwf	141,c	;volatile
   312                           
   313                           ;mcc_generated_files/pin_manager.c: 61:     LATD = 0x00;
   314  00008C  0E00               	movlw	0
   315  00008E  6E8C               	movwf	140,c	;volatile
   316                           
   317                           ;mcc_generated_files/pin_manager.c: 62:     LATA = 0x00;
   318  000090  0E00               	movlw	0
   319  000092  6E89               	movwf	137,c	;volatile
   320                           
   321                           ;mcc_generated_files/pin_manager.c: 63:     LATB = 0x00;
   322  000094  0E00               	movlw	0
   323  000096  6E8A               	movwf	138,c	;volatile
   324                           
   325                           ;mcc_generated_files/pin_manager.c: 64:     LATC = 0x00;
   326  000098  0E00               	movlw	0
   327  00009A  6E8B               	movwf	139,c	;volatile
   328                           
   329                           ;mcc_generated_files/pin_manager.c: 69:     TRISE = 0x07;
   330  00009C  0E07               	movlw	7
   331  00009E  6E96               	movwf	150,c	;volatile
   332  0000A0                     
   333                           ;mcc_generated_files/pin_manager.c: 70:     TRISA = 0xFF;
   334  0000A0  6892               	setf	146,c	;volatile
   335  0000A2                     
   336                           ;mcc_generated_files/pin_manager.c: 71:     TRISB = 0xFF;
   337  0000A2  6893               	setf	147,c	;volatile
   338                           
   339                           ;mcc_generated_files/pin_manager.c: 72:     TRISC = 0xF8;
   340  0000A4  0EF8               	movlw	248
   341  0000A6  6E94               	movwf	148,c	;volatile
   342  0000A8                     
   343                           ;mcc_generated_files/pin_manager.c: 73:     TRISD = 0xFF;
   344  0000A8  6895               	setf	149,c	;volatile
   345  0000AA                     
   346                           ;mcc_generated_files/pin_manager.c: 78:     ANSEL = 0xFF;
   347  0000AA  687E               	setf	126,c	;volatile
   348                           
   349                           ;mcc_generated_files/pin_manager.c: 79:     ANSELH = 0x0F;
   350  0000AC  0E0F               	movlw	15
   351  0000AE  6E7F               	movwf	127,c	;volatile
   352                           
   353                           ;mcc_generated_files/pin_manager.c: 84:     WPUB = 0x00;
   354  0000B0  0E00               	movlw	0
   355  0000B2  6E7C               	movwf	124,c	;volatile
   356  0000B4                     
   357                           ;mcc_generated_files/pin_manager.c: 85:     INTCON2bits.nRBPU = 1;
   358  0000B4  8EF1               	bsf	241,7,c	;volatile
   359  0000B6  0012               	return		;funcret
   360  0000B8                     __end_of_PIN_MANAGER_Initialize:
   361                           	opt callstack 0
   362                           
   363 ;; *************** function _OSCILLATOR_Initialize *****************
   364 ;; Defined at:
   365 ;;		line 59 in file "mcc_generated_files/mcc.c"
   366 ;; Parameters:    Size  Location     Type
   367 ;;		None
   368 ;; Auto vars:     Size  Location     Type
   369 ;;		None
   370 ;; Return value:  Size  Location     Type
   371 ;;                  1    wreg      void 
   372 ;; Registers used:
   373 ;;		wreg, status,2
   374 ;; Tracked objects:
   375 ;;		On entry : 0/0
   376 ;;		On exit  : 0/0
   377 ;;		Unchanged: 0/0
   378 ;; Data sizes:     COMRAM   BANK0   BANK1   BANK2   BANK3   BANK4   BANK5   BANK6   BANK7   BANK8   BANK9  BANK10  BANK1
      +1  BANK12  BANK13  BANK14  BANK15
   379 ;;      Params:         0       0       0       0       0       0       0       0       0       0       0       0       
      +0       0       0       0       0
   380 ;;      Locals:         0       0       0       0       0       0       0       0       0       0       0       0       
      +0       0       0       0       0
   381 ;;      Temps:          0       0       0       0       0       0       0       0       0       0       0       0       
      +0       0       0       0       0
   382 ;;      Totals:         0       0       0       0       0       0       0       0       0       0       0       0       
      +0       0       0       0       0
   383 ;;Total ram usage:        0 bytes
   384 ;; Hardware stack levels used:    1
   385 ;; Hardware stack levels required when called:    4
   386 ;; This function calls:
   387 ;;		Nothing
   388 ;; This function is called by:
   389 ;;		_SYSTEM_Initialize
   390 ;; This function uses a non-reentrant model
   391 ;;
   392                           
   393                           	psect	text3
   394  00013E                     __ptext3:
   395                           	opt callstack 0
   396  00013E                     _OSCILLATOR_Initialize:
   397                           	opt callstack 25
   398  00013E                     
   399                           ;mcc_generated_files/mcc.c: 62:     OSCCON = 0x30;
   400  00013E  0E30               	movlw	48
   401  000140  6ED3               	movwf	211,c	;volatile
   402                           
   403                           ;mcc_generated_files/mcc.c: 64:     OSCTUNE = 0x00;
   404  000142  0E00               	movlw	0
   405  000144  6E9B               	movwf	155,c	;volatile
   406  000146  0012               	return		;funcret
   407  000148                     __end_of_OSCILLATOR_Initialize:
   408                           	opt callstack 0
   409                           
   410 ;; *************** function _INTERRUPT_Initialize *****************
   411 ;; Defined at:
   412 ;;		line 52 in file "mcc_generated_files/interrupt_manager.c"
   413 ;; Parameters:    Size  Location     Type
   414 ;;		None
   415 ;; Auto vars:     Size  Location     Type
   416 ;;		None
   417 ;; Return value:  Size  Location     Type
   418 ;;                  1    wreg      void 
   419 ;; Registers used:
   420 ;;		None
   421 ;; Tracked objects:
   422 ;;		On entry : 0/0
   423 ;;		On exit  : 0/0
   424 ;;		Unchanged: 0/0
   425 ;; Data sizes:     COMRAM   BANK0   BANK1   BANK2   BANK3   BANK4   BANK5   BANK6   BANK7   BANK8   BANK9  BANK10  BANK1
      +1  BANK12  BANK13  BANK14  BANK15
   426 ;;      Params:         0       0       0       0       0       0       0       0       0       0       0       0       
      +0       0       0       0       0
   427 ;;      Locals:         0       0       0       0       0       0       0       0       0       0       0       0       
      +0       0       0       0       0
   428 ;;      Temps:          0       0       0       0       0       0       0       0       0       0       0       0       
      +0       0       0       0       0
   429 ;;      Totals:         0       0       0       0       0       0       0       0       0       0       0       0       
      +0       0       0       0       0
   430 ;;Total ram usage:        0 bytes
   431 ;; Hardware stack levels used:    1
   432 ;; Hardware stack levels required when called:    4
   433 ;; This function calls:
   434 ;;		Nothing
   435 ;; This function is called by:
   436 ;;		_SYSTEM_Initialize
   437 ;; This function uses a non-reentrant model
   438 ;;
   439                           
   440                           	psect	text4
   441  00015A                     __ptext4:
   442                           	opt callstack 0
   443  00015A                     _INTERRUPT_Initialize:
   444                           	opt callstack 25
   445  00015A                     
   446                           ;mcc_generated_files/interrupt_manager.c: 55:     RCONbits.IPEN = 1;
   447  00015A  8ED0               	bsf	208,7,c	;volatile
   448  00015C  0012               	return		;funcret
   449  00015E                     __end_of_INTERRUPT_Initialize:
   450                           	opt callstack 0
   451                           
   452 ;; *************** function _EXT_INT_Initialize *****************
   453 ;; Defined at:
   454 ;;		line 60 in file "mcc_generated_files/ext_int.c"
   455 ;; Parameters:    Size  Location     Type
   456 ;;		None
   457 ;; Auto vars:     Size  Location     Type
   458 ;;		None
   459 ;; Return value:  Size  Location     Type
   460 ;;                  1    wreg      void 
   461 ;; Registers used:
   462 ;;		wreg, status,2, status,0, cstack
   463 ;; Tracked objects:
   464 ;;		On entry : 0/0
   465 ;;		On exit  : 0/0
   466 ;;		Unchanged: 0/0
   467 ;; Data sizes:     COMRAM   BANK0   BANK1   BANK2   BANK3   BANK4   BANK5   BANK6   BANK7   BANK8   BANK9  BANK10  BANK1
      +1  BANK12  BANK13  BANK14  BANK15
   468 ;;      Params:         0       0       0       0       0       0       0       0       0       0       0       0       
      +0       0       0       0       0
   469 ;;      Locals:         0       0       0       0       0       0       0       0       0       0       0       0       
      +0       0       0       0       0
   470 ;;      Temps:          0       0       0       0       0       0       0       0       0       0       0       0       
      +0       0       0       0       0
   471 ;;      Totals:         0       0       0       0       0       0       0       0       0       0       0       0       
      +0       0       0       0       0
   472 ;;Total ram usage:        0 bytes
   473 ;; Hardware stack levels used:    1
   474 ;; Hardware stack levels required when called:    5
   475 ;; This function calls:
   476 ;;		_INT0_SetInterruptHandler
   477 ;; This function is called by:
   478 ;;		_SYSTEM_Initialize
   479 ;; This function uses a non-reentrant model
   480 ;;
   481                           
   482                           	psect	text5
   483  00010A                     __ptext5:
   484                           	opt callstack 0
   485  00010A                     _EXT_INT_Initialize:
   486                           	opt callstack 24
   487  00010A                     
   488                           ;mcc_generated_files/ext_int.c: 65:     (INTCONbits.INT0IF = 0);
   489  00010A  92F2               	bcf	242,1,c	;volatile
   490                           
   491                           ;mcc_generated_files/ext_int.c: 66:     (INTCON2bits.INTEDG0 = 1);
   492  00010C  8CF1               	bsf	241,6,c	;volatile
   493  00010E                     
   494                           ;mcc_generated_files/ext_int.c: 68:     INT0_SetInterruptHandler(INT0_DefaultInterruptHa
      +                          ndler);
   495  00010E  0EE6               	movlw	low _INT0_DefaultInterruptHandler
   496  000110  6E0A               	movwf	INT0_SetInterruptHandler@InterruptHandler^0,c
   497  000112  0E00               	movlw	high _INT0_DefaultInterruptHandler
   498  000114  6E0B               	movwf	(INT0_SetInterruptHandler@InterruptHandler+1)^0,c
   499  000116  ECA4  F000         	call	_INT0_SetInterruptHandler	;wreg free
   500  00011A                     
   501                           ;mcc_generated_files/ext_int.c: 69:     (INTCONbits.INT0IE = 1);
   502  00011A  88F2               	bsf	242,4,c	;volatile
   503  00011C  0012               	return		;funcret
   504  00011E                     __end_of_EXT_INT_Initialize:
   505                           	opt callstack 0
   506                           
   507 ;; *************** function _INT0_SetInterruptHandler *****************
   508 ;; Defined at:
   509 ;;		line 50 in file "mcc_generated_files/ext_int.c"
   510 ;; Parameters:    Size  Location     Type
   511 ;;  InterruptHan    2    3[COMRAM] PTR FTN()void 
   512 ;;		 -> INT0_DefaultInterruptHandler(1), 
   513 ;; Auto vars:     Size  Location     Type
   514 ;;		None
   515 ;; Return value:  Size  Location     Type
   516 ;;                  1    wreg      void 
   517 ;; Registers used:
   518 ;;		wreg, status,2, status,0
   519 ;; Tracked objects:
   520 ;;		On entry : 0/0
   521 ;;		On exit  : 0/0
   522 ;;		Unchanged: 0/0
   523 ;; Data sizes:     COMRAM   BANK0   BANK1   BANK2   BANK3   BANK4   BANK5   BANK6   BANK7   BANK8   BANK9  BANK10  BANK1
      +1  BANK12  BANK13  BANK14  BANK15
   524 ;;      Params:         2       0       0       0       0       0       0       0       0       0       0       0       
      +0       0       0       0       0
   525 ;;      Locals:         0       0       0       0       0       0       0       0       0       0       0       0       
      +0       0       0       0       0
   526 ;;      Temps:          0       0       0       0       0       0       0       0       0       0       0       0       
      +0       0       0       0       0
   527 ;;      Totals:         2       0       0       0       0       0       0       0       0       0       0       0       
      +0       0       0       0       0
   528 ;;Total ram usage:        2 bytes
   529 ;; Hardware stack levels used:    1
   530 ;; Hardware stack levels required when called:    4
   531 ;; This function calls:
   532 ;;		Nothing
   533 ;; This function is called by:
   534 ;;		_EXT_INT_Initialize
   535 ;; This function uses a non-reentrant model
   536 ;;
   537                           
   538                           	psect	text6
   539  000148                     __ptext6:
   540                           	opt callstack 0
   541  000148                     _INT0_SetInterruptHandler:
   542                           	opt callstack 24
   543  000148                     
   544                           ;mcc_generated_files/ext_int.c: 51:     INT0_InterruptHandler = InterruptHandler;
   545  000148  C00A  F005         	movff	INT0_SetInterruptHandler@InterruptHandler,_INT0_InterruptHandler
   546  00014C  C00B  F006         	movff	INT0_SetInterruptHandler@InterruptHandler+1,_INT0_InterruptHandler+1
   547  000150  0012               	return		;funcret
   548  000152                     __end_of_INT0_SetInterruptHandler:
   549                           	opt callstack 0
   550                           
   551 ;; *************** function _INTERRUPT_InterruptManagerHigh *****************
   552 ;; Defined at:
   553 ;;		line 64 in file "mcc_generated_files/interrupt_manager.c"
   554 ;; Parameters:    Size  Location     Type
   555 ;;		None
   556 ;; Auto vars:     Size  Location     Type
   557 ;;		None
   558 ;; Return value:  Size  Location     Type
   559 ;;                  1    wreg      void 
   560 ;; Registers used:
   561 ;;		wreg, status,2, status,0, pclath, tosl, cstack
   562 ;; Tracked objects:
   563 ;;		On entry : 0/0
   564 ;;		On exit  : 0/0
   565 ;;		Unchanged: 0/0
   566 ;; Data sizes:     COMRAM   BANK0   BANK1   BANK2   BANK3   BANK4   BANK5   BANK6   BANK7   BANK8   BANK9  BANK10  BANK1
      +1  BANK12  BANK13  BANK14  BANK15
   567 ;;      Params:         0       0       0       0       0       0       0       0       0       0       0       0       
      +0       0       0       0       0
   568 ;;      Locals:         0       0       0       0       0       0       0       0       0       0       0       0       
      +0       0       0       0       0
   569 ;;      Temps:          2       0       0       0       0       0       0       0       0       0       0       0       
      +0       0       0       0       0
   570 ;;      Totals:         2       0       0       0       0       0       0       0       0       0       0       0       
      +0       0       0       0       0
   571 ;;Total ram usage:        2 bytes
   572 ;; Hardware stack levels used:    1
   573 ;; Hardware stack levels required when called:    3
   574 ;; This function calls:
   575 ;;		_INT0_ISR
   576 ;; This function is called by:
   577 ;;		Interrupt level 2
   578 ;; This function uses a non-reentrant model
   579 ;;
   580                           
   581                           	psect	intcode
   582  000008                     __pintcode:
   583                           	opt callstack 0
   584  000008                     _INTERRUPT_InterruptManagerHigh:
   585                           	opt callstack 24
   586                           
   587                           ;incstack = 0
   588  000008  820D               	bsf	int$flags,1,c	;set compiler interrupt flag (level 2)
   589  00000A  CFFA F008          	movff	pclath,??_INTERRUPT_InterruptManagerHigh
   590  00000E  CFFB F009          	movff	pclatu,??_INTERRUPT_InterruptManagerHigh+1
   591  000012                     
   592                           ;mcc_generated_files/interrupt_manager.c: 67:     if(INTCONbits.INT0IE == 1 && INTCONbit
      +                          s.INT0IF == 1)
   593  000012  A8F2               	btfss	242,4,c	;volatile
   594  000014  EF0E  F000         	goto	i2u4_41
   595  000018  EF10  F000         	goto	i2u4_40
   596  00001C                     i2u4_41:
   597  00001C  EF19  F000         	goto	i2l69
   598  000020                     i2u4_40:
   599  000020  A2F2               	btfss	242,1,c	;volatile
   600  000022  EF15  F000         	goto	i2u5_41
   601  000026  EF17  F000         	goto	i2u5_40
   602  00002A                     i2u5_41:
   603  00002A  EF19  F000         	goto	i2l69
   604  00002E                     i2u5_40:
   605  00002E                     
   606                           ;mcc_generated_files/interrupt_manager.c: 68:     {;mcc_generated_files/interrupt_manage
      +                          r.c: 69:         INT0_ISR();
   607  00002E  ECA9  F000         	call	_INT0_ISR	;wreg free
   608  000032                     i2l69:
   609  000032  C009  FFFB         	movff	??_INTERRUPT_InterruptManagerHigh+1,pclatu
   610  000036  C008  FFFA         	movff	??_INTERRUPT_InterruptManagerHigh,pclath
   611  00003A  920D               	bcf	int$flags,1,c	;clear compiler interrupt flag (level 2)
   612  00003C  0011               	retfie		f
   613  00003E                     __end_of_INTERRUPT_InterruptManagerHigh:
   614                           	opt callstack 0
   615                           
   616 ;; *************** function _INT0_ISR *****************
   617 ;; Defined at:
   618 ;;		line 32 in file "mcc_generated_files/ext_int.c"
   619 ;; Parameters:    Size  Location     Type
   620 ;;		None
   621 ;; Auto vars:     Size  Location     Type
   622 ;;		None
   623 ;; Return value:  Size  Location     Type
   624 ;;                  1    wreg      void 
   625 ;; Registers used:
   626 ;;		wreg, status,2, status,0, pclath, tosl, cstack
   627 ;; Tracked objects:
   628 ;;		On entry : 0/0
   629 ;;		On exit  : 0/0
   630 ;;		Unchanged: 0/0
   631 ;; Data sizes:     COMRAM   BANK0   BANK1   BANK2   BANK3   BANK4   BANK5   BANK6   BANK7   BANK8   BANK9  BANK10  BANK1
      +1  BANK12  BANK13  BANK14  BANK15
   632 ;;      Params:         0       0       0       0       0       0       0       0       0       0       0       0       
      +0       0       0       0       0
   633 ;;      Locals:         0       0       0       0       0       0       0       0       0       0       0       0       
      +0       0       0       0       0
   634 ;;      Temps:          0       0       0       0       0       0       0       0       0       0       0       0       
      +0       0       0       0       0
   635 ;;      Totals:         0       0       0       0       0       0       0       0       0       0       0       0       
      +0       0       0       0       0
   636 ;;Total ram usage:        0 bytes
   637 ;; Hardware stack levels used:    1
   638 ;; Hardware stack levels required when called:    2
   639 ;; This function calls:
   640 ;;		_INT0_CallBack
   641 ;; This function is called by:
   642 ;;		_INTERRUPT_InterruptManagerHigh
   643 ;; This function uses a non-reentrant model
   644 ;;
   645                           
   646                           	psect	text8
   647  000152                     __ptext8:
   648                           	opt callstack 0
   649  000152                     _INT0_ISR:
   650                           	opt callstack 24
   651  000152                     
   652                           ;mcc_generated_files/ext_int.c: 34:     (INTCONbits.INT0IF = 0);
   653  000152  92F2               	bcf	242,1,c	;volatile
   654  000154                     
   655                           ;mcc_generated_files/ext_int.c: 37:     INT0_CallBack();
   656  000154  EC5C  F000         	call	_INT0_CallBack	;wreg free
   657  000158  0012               	return		;funcret
   658  00015A                     __end_of_INT0_ISR:
   659                           	opt callstack 0
   660                           
   661 ;; *************** function _INT0_CallBack *****************
   662 ;; Defined at:
   663 ;;		line 41 in file "mcc_generated_files/ext_int.c"
   664 ;; Parameters:    Size  Location     Type
   665 ;;		None
   666 ;; Auto vars:     Size  Location     Type
   667 ;;		None
   668 ;; Return value:  Size  Location     Type
   669 ;;                  1    wreg      void 
   670 ;; Registers used:
   671 ;;		wreg, status,2, status,0, pclath, tosl, cstack
   672 ;; Tracked objects:
   673 ;;		On entry : 0/0
   674 ;;		On exit  : 0/0
   675 ;;		Unchanged: 0/0
   676 ;; Data sizes:     COMRAM   BANK0   BANK1   BANK2   BANK3   BANK4   BANK5   BANK6   BANK7   BANK8   BANK9  BANK10  BANK1
      +1  BANK12  BANK13  BANK14  BANK15
   677 ;;      Params:         0       0       0       0       0       0       0       0       0       0       0       0       
      +0       0       0       0       0
   678 ;;      Locals:         0       0       0       0       0       0       0       0       0       0       0       0       
      +0       0       0       0       0
   679 ;;      Temps:          0       0       0       0       0       0       0       0       0       0       0       0       
      +0       0       0       0       0
   680 ;;      Totals:         0       0       0       0       0       0       0       0       0       0       0       0       
      +0       0       0       0       0
   681 ;;Total ram usage:        0 bytes
   682 ;; Hardware stack levels used:    1
   683 ;; Hardware stack levels required when called:    1
   684 ;; This function calls:
   685 ;;		Absolute function
   686 ;;		_INT0_DefaultInterruptHandler
   687 ;; This function is called by:
   688 ;;		_INT0_ISR
   689 ;; This function uses a non-reentrant model
   690 ;;
   691                           
   692                           	psect	text9
   693  0000B8                     __ptext9:
   694                           	opt callstack 0
   695  0000B8                     _INT0_CallBack:
   696                           	opt callstack 24
   697  0000B8                     
   698                           ;mcc_generated_files/ext_int.c: 44:     if(INT0_InterruptHandler)
   699  0000B8  5005               	movf	_INT0_InterruptHandler^0,w,c
   700  0000BA  1006               	iorwf	(_INT0_InterruptHandler+1)^0,w,c
   701  0000BC  B4D8               	btfsc	status,2,c
   702  0000BE  EF63  F000         	goto	i2u2_41
   703  0000C2  EF65  F000         	goto	i2u2_40
   704  0000C6                     i2u2_41:
   705  0000C6  EF72  F000         	goto	i2l86
   706  0000CA                     i2u2_40:
   707  0000CA                     
   708                           ;mcc_generated_files/ext_int.c: 45:     {;mcc_generated_files/ext_int.c: 46:         INT
      +                          0_InterruptHandler();
   709  0000CA  D802               	call	i2u3_48
   710  0000CC  EF72  F000         	goto	i2u3_49
   711  0000D0                     i2u3_48:
   712  0000D0  0005               	push	
   713  0000D2  6EFA               	movwf	pclath,c
   714  0000D4  5005               	movf	_INT0_InterruptHandler^0,w,c
   715  0000D6  6EFD               	movwf	tosl,c
   716  0000D8  5006               	movf	(_INT0_InterruptHandler+1)^0,w,c
   717  0000DA  6EFE               	movwf	tosh,c
   718  0000DC  50F8               	movf	tblptru,w,c
   719  0000DE  6EFF               	movwf	tosu,c
   720  0000E0  50FA               	movf	pclath,w,c
   721  0000E2  0012               	return		;indir
   722  0000E4                     i2u3_49:
   723  0000E4                     i2l86:
   724  0000E4  0012               	return		;funcret
   725  0000E6                     __end_of_INT0_CallBack:
   726                           	opt callstack 0
   727                           
   728 ;; *************** function _INT0_DefaultInterruptHandler *****************
   729 ;; Defined at:
   730 ;;		line 54 in file "mcc_generated_files/ext_int.c"
   731 ;; Parameters:    Size  Location     Type
   732 ;;		None
   733 ;; Auto vars:     Size  Location     Type
   734 ;;		None
   735 ;; Return value:  Size  Location     Type
   736 ;;                  1    wreg      void 
   737 ;; Registers used:
   738 ;;		wreg, status,2, status,0
   739 ;; Tracked objects:
   740 ;;		On entry : 0/0
   741 ;;		On exit  : 0/0
   742 ;;		Unchanged: 0/0
   743 ;; Data sizes:     COMRAM   BANK0   BANK1   BANK2   BANK3   BANK4   BANK5   BANK6   BANK7   BANK8   BANK9  BANK10  BANK1
      +1  BANK12  BANK13  BANK14  BANK15
   744 ;;      Params:         0       0       0       0       0       0       0       0       0       0       0       0       
      +0       0       0       0       0
   745 ;;      Locals:         0       0       0       0       0       0       0       0       0       0       0       0       
      +0       0       0       0       0
   746 ;;      Temps:          1       0       0       0       0       0       0       0       0       0       0       0       
      +0       0       0       0       0
   747 ;;      Totals:         1       0       0       0       0       0       0       0       0       0       0       0       
      +0       0       0       0       0
   748 ;;Total ram usage:        1 bytes
   749 ;; Hardware stack levels used:    1
   750 ;; This function calls:
   751 ;;		Nothing
   752 ;; This function is called by:
   753 ;;		_EXT_INT_Initialize
   754 ;;		_main
   755 ;;		_INT0_CallBack
   756 ;; This function uses a non-reentrant model
   757 ;;
   758                           
   759                           	psect	text10
   760  0000E6                     __ptext10:
   761                           	opt callstack 0
   762  0000E6                     _INT0_DefaultInterruptHandler:
   763                           	opt callstack 24
   764  0000E6                     
   765                           ;mcc_generated_files/ext_int.c: 56:     PORTCbits.RC1 =~ PORTCbits.RC1;
   766  0000E6  B282               	btfsc	130,1,c	;volatile
   767  0000E8  EF78  F000         	goto	i2u1_41
   768  0000EC  EF7B  F000         	goto	i2u1_40
   769  0000F0                     i2u1_41:
   770  0000F0  0E01               	movlw	1
   771  0000F2  EF7C  F000         	goto	i2u1_46
   772  0000F6                     i2u1_40:
   773  0000F6  0E00               	movlw	0
   774  0000F8                     i2u1_46:
   775  0000F8  0AFF               	xorlw	255
   776  0000FA  6E07               	movwf	??_INT0_DefaultInterruptHandler^0,c
   777  0000FC  4607               	rlncf	??_INT0_DefaultInterruptHandler^0,f,c
   778  0000FE  5082               	movf	130,w,c	;volatile
   779  000100  1807               	xorwf	??_INT0_DefaultInterruptHandler^0,w,c
   780  000102  0BFD               	andlw	-3
   781  000104  1807               	xorwf	??_INT0_DefaultInterruptHandler^0,w,c
   782  000106  6E82               	movwf	130,c	;volatile
   783  000108  0012               	return		;funcret
   784  00010A                     __end_of_INT0_DefaultInterruptHandler:
   785                           	opt callstack 0
   786  0000                     
   787                           	psect	text11
   788  000000                     __ptext11:
   789                           	opt callstack 0
   790  000000                     
   791                           	psect	rparam
   792  0000                     
   793                           	psect	temp
   794  00000D                     btemp:
   795                           	opt callstack 0
   796  00000D                     	ds	1
   797  0000                     int$flags	set	btemp
   798  0000                     wtemp8	set	btemp+1
   799  0000                     ttemp5	set	btemp+1
   800  0000                     ttemp6	set	btemp+4
   801  0000                     ttemp7	set	btemp+8
   802                           tosu	equ	0xFFF
   803                           tosh	equ	0xFFE
   804                           tosl	equ	0xFFD
   805                           stkptr	equ	0xFFC
   806                           pclatu	equ	0xFFB
   807                           pclath	equ	0xFFA
   808                           pcl	equ	0xFF9
   809                           tblptru	equ	0xFF8
   810                           tblptrh	equ	0xFF7
   811                           tblptrl	equ	0xFF6
   812                           tablat	equ	0xFF5
   813                           prodh	equ	0xFF4
   814                           prodl	equ	0xFF3
   815                           indf0	equ	0xFEF
   816                           postinc0	equ	0xFEE
   817                           postdec0	equ	0xFED
   818                           preinc0	equ	0xFEC
   819                           plusw0	equ	0xFEB
   820                           fsr0h	equ	0xFEA
   821                           fsr0l	equ	0xFE9
   822                           wreg	equ	0xFE8
   823                           indf1	equ	0xFE7
   824                           postinc1	equ	0xFE6
   825                           postdec1	equ	0xFE5
   826                           preinc1	equ	0xFE4
   827                           plusw1	equ	0xFE3
   828                           fsr1h	equ	0xFE2
   829                           fsr1l	equ	0xFE1
   830                           bsr	equ	0xFE0
   831                           indf2	equ	0xFDF
   832                           postinc2	equ	0xFDE
   833                           postdec2	equ	0xFDD
   834                           preinc2	equ	0xFDC
   835                           plusw2	equ	0xFDB
   836                           fsr2h	equ	0xFDA
   837                           fsr2l	equ	0xFD9
   838                           status	equ	0xFD8


Data Sizes:
    Strings     0
    Constant    0
    Data        0
    BSS         0
    Persistent  6
    Stack       0

Auto Spaces:
    Space          Size  Autos    Used
    COMRAM           94      6      12
    BANK0           160      0       0
    BANK1           256      0       0
    BANK2           256      0       0
    BANK3           256      0       0
    BANK4           256      0       0
    BANK5           256      0       0
    BANK6           256      0       0
    BANK7           256      0       0
    BANK8           256      0       0
    BANK9           256      0       0
    BANK10          256      0       0
    BANK11          256      0       0
    BANK12          256      0       0
    BANK13          256      0       0
    BANK14          256      0       0
    BANK15           96      0       0

Pointer List with Targets:

    main_ptr	PTR FTN()void  size(2) Largest target is 1
		 -> main(), Absolute function(), 

    INT0_InterruptHandler_ptr	PTR FTN()void  size(2) Largest target is 1
		 -> INT0_DefaultInterruptHandler(), Absolute function(), 

    INT0_SetInterruptHandler@InterruptHandler	PTR FTN()void  size(2) Largest target is 1
		 -> INT0_DefaultInterruptHandler(), 

    INT0_InterruptHandler	PTR FTN()void  size(2) Largest target is 1
		 -> INT0_DefaultInterruptHandler(), Absolute function(), 


Critical Paths under _main in COMRAM

    _EXT_INT_Initialize->_INT0_SetInterruptHandler

Critical Paths under _INTERRUPT_InterruptManagerHigh in COMRAM

    _INT0_CallBack->_INT0_DefaultInterruptHandler

Critical Paths under _main in BANK0

    None.

Critical Paths under _INTERRUPT_InterruptManagerHigh in BANK0

    None.

Critical Paths under _main in BANK1

    None.

Critical Paths under _INTERRUPT_InterruptManagerHigh in BANK1

    None.

Critical Paths under _main in BANK2

    None.

Critical Paths under _INTERRUPT_InterruptManagerHigh in BANK2

    None.

Critical Paths under _main in BANK3

    None.

Critical Paths under _INTERRUPT_InterruptManagerHigh in BANK3

    None.

Critical Paths under _main in BANK4

    None.

Critical Paths under _INTERRUPT_InterruptManagerHigh in BANK4

    None.

Critical Paths under _main in BANK5

    None.

Critical Paths under _INTERRUPT_InterruptManagerHigh in BANK5

    None.

Critical Paths under _main in BANK6

    None.

Critical Paths under _INTERRUPT_InterruptManagerHigh in BANK6

    None.

Critical Paths under _main in BANK7

    None.

Critical Paths under _INTERRUPT_InterruptManagerHigh in BANK7

    None.

Critical Paths under _main in BANK8

    None.

Critical Paths under _INTERRUPT_InterruptManagerHigh in BANK8

    None.

Critical Paths under _main in BANK9

    None.

Critical Paths under _INTERRUPT_InterruptManagerHigh in BANK9

    None.

Critical Paths under _main in BANK10

    None.

Critical Paths under _INTERRUPT_InterruptManagerHigh in BANK10

    None.

Critical Paths under _main in BANK11

    None.

Critical Paths under _INTERRUPT_InterruptManagerHigh in BANK11

    None.

Critical Paths under _main in BANK12

    None.

Critical Paths under _INTERRUPT_InterruptManagerHigh in BANK12

    None.

Critical Paths under _main in BANK13

    None.

Critical Paths under _INTERRUPT_InterruptManagerHigh in BANK13

    None.

Critical Paths under _main in BANK14

    None.

Critical Paths under _INTERRUPT_InterruptManagerHigh in BANK14

    None.

Critical Paths under _main in BANK15

    None.

Critical Paths under _INTERRUPT_InterruptManagerHigh in BANK15

    None.

Call Graph Tables:

 ---------------------------------------------------------------------------------
 (Depth) Function   	        Calls       Base Space   Used Autos Params    Refs
 ---------------------------------------------------------------------------------
 (0) _main                                                 1     1      0      98
                                              5 COMRAM     1     1      0
                  _SYSTEM_Initialize
 ---------------------------------------------------------------------------------
 (1) _SYSTEM_Initialize                                    0     0      0      98
                 _EXT_INT_Initialize
               _INTERRUPT_Initialize
              _OSCILLATOR_Initialize
             _PIN_MANAGER_Initialize
 ---------------------------------------------------------------------------------
 (2) _PIN_MANAGER_Initialize                               0     0      0       0
 ---------------------------------------------------------------------------------
 (2) _OSCILLATOR_Initialize                                0     0      0       0
 ---------------------------------------------------------------------------------
 (2) _INTERRUPT_Initialize                                 0     0      0       0
 ---------------------------------------------------------------------------------
 (2) _EXT_INT_Initialize                                   0     0      0      98
           _INT0_SetInterruptHandler
 ---------------------------------------------------------------------------------
 (3) _INT0_SetInterruptHandler                             2     0      2      98
                                              3 COMRAM     2     0      2
 ---------------------------------------------------------------------------------
 Estimated maximum stack depth 3
 ---------------------------------------------------------------------------------
 (Depth) Function   	        Calls       Base Space   Used Autos Params    Refs
 ---------------------------------------------------------------------------------
 (4) _INTERRUPT_InterruptManagerHigh                       2     2      0       0
                                              1 COMRAM     2     2      0
                           _INT0_ISR
 ---------------------------------------------------------------------------------
 (5) _INT0_ISR                                             0     0      0       0
                      _INT0_CallBack
 ---------------------------------------------------------------------------------
 (6) _INT0_CallBack                                        0     0      0       0
                   Absolute function *
       _INT0_DefaultInterruptHandler *
 ---------------------------------------------------------------------------------
 (7) _INT0_DefaultInterruptHandler                         1     1      0       0
                                              0 COMRAM     1     1      0
 ---------------------------------------------------------------------------------
 (7) Absolute function(Fake)                               0     0      0       0
 ---------------------------------------------------------------------------------
 Estimated maximum stack depth 7
 ---------------------------------------------------------------------------------

 Call Graph Graphs:

 _main (ROOT)
   _SYSTEM_Initialize
     _EXT_INT_Initialize
       _INT0_SetInterruptHandler
     _INTERRUPT_Initialize
     _OSCILLATOR_Initialize
     _PIN_MANAGER_Initialize

 _INTERRUPT_InterruptManagerHigh (ROOT)
   _INT0_ISR
     _INT0_CallBack
       Absolute function(Fake) *
       _INT0_DefaultInterruptHandler *

 Address spaces:
Name               Size   Autos  Total    Cost      Usage
BITCOMRAM           5E      0       0       0        0.0%
EEDATA             400      0       0       0        0.0%
NULL                 0      0       0       0        0.0%
CODE                 0      0       0       0        0.0%
COMRAM              5E      6       C       1       12.8%
STACK                0      0       0       2        0.0%
DATA                 0      0       C       3        0.0%
BITBANK0            A0      0       0       4        0.0%
BANK0               A0      0       0       5        0.0%
BITBANK1           100      0       0       6        0.0%
BANK1              100      0       0       7        0.0%
BITBANK2           100      0       0       8        0.0%
BANK2              100      0       0       9        0.0%
BITBANK3           100      0       0      10        0.0%
BANK3              100      0       0      11        0.0%
BITBANK4           100      0       0      12        0.0%
BANK4              100      0       0      13        0.0%
BITBANK5           100      0       0      14        0.0%
BANK5              100      0       0      15        0.0%
BITBANK6           100      0       0      16        0.0%
BANK6              100      0       0      17        0.0%
BITBANK7           100      0       0      18        0.0%
BANK7              100      0       0      19        0.0%
BITBANK8           100      0       0      20        0.0%
BANK8              100      0       0      21        0.0%
BITBANK9           100      0       0      22        0.0%
BANK9              100      0       0      23        0.0%
BITBANK10          100      0       0      24        0.0%
BANK10             100      0       0      25        0.0%
BITBANK11          100      0       0      26        0.0%
BANK11             100      0       0      27        0.0%
BITBANK12          100      0       0      28        0.0%
BANK12             100      0       0      29        0.0%
BITBANK13          100      0       0      30        0.0%
BANK13             100      0       0      31        0.0%
ABS                  0      0       C      32        0.0%
BITBANK14          100      0       0      33        0.0%
BANK14             100      0       0      34        0.0%
BITBANK15           60      0       0      35        0.0%
BANK15              60      0       0      36        0.0%
BIGRAM             F5F      0       0      37        0.0%
BITSFR               0      0       0     200        0.0%
SFR                  0      0       0     200        0.0%


Microchip Technology PIC18 Macro Assembler V2.10 build 88905656 
Symbol Table                                                                                   Fri Sep 18 17:46:35 2020

                                      l33 00B6                                        l51 012E  
                                      l54 0146                                        l63 015C  
                                      l95 011C                                        l89 0150  
                                      u70 006C                                        u71 0066  
                                      u76 006E                              __CFG_CP0$OFF 000000  
                            __CFG_CP1$OFF 000000                              __CFG_CP2$OFF 000000  
                            __CFG_CP3$OFF 000000                               __CFG_LVP$ON 000000  
                                     l801 00A2                                       l811 013E  
                                     l803 00A8                                       l805 00AA  
                                     l807 00B4                                       l809 015A  
                                     l861 010A                                       l863 010E  
                                     l871 0126                                       l865 011A  
                                     l873 012A                                       l881 0056  
                                     l859 0148                                       l867 011E  
                                     l883 0058                                       l875 0042  
                                     l797 0088                                       l869 0122  
                                     l885 005A                                       l877 0046  
                                     l799 00A0                                       l887 005C  
                                     l879 004E                                       l889 007C  
                            __CFG_CPB$OFF 000000                              __CFG_CPD$OFF 000000  
              ??_INT0_SetInterruptHandler 000C                              __CFG_BORV$18 000000  
                                     tosl 000FFD                             _INT0_CallBack 00B8  
                            __CFG_FOSC$HS 000000                                      _LATA 000F89  
                                    _LATB 000F8A                                      _LATC 000F8B  
                                    _LATD 000F8C                                      _LATE 000F8D  
                                    i2l82 0158                                      i2l92 0108  
                                    i2l69 0032                                      i2l86 00E4  
                                    _WPUB 000F7C                                      _main 0042  
                                    btemp 000D                                      start 003E  
                           __CFG_IESO$OFF 000000                             __CFG_MCLRE$ON 000000  
                            ___param_bank 000000                          __end_of_INT0_ISR 015A  
          __size_of_OSCILLATOR_Initialize 000A             __end_of_OSCILLATOR_Initialize 0148  
                                   ?_main 0007                                     _ANSEL 000F7E  
                          __CFG_DEBUG$OFF 000000                                     i2l821 00CA  
                                   i2l831 0152                                     i2l833 0154  
                                   i2l841 002E                                     i2l819 00B8  
                                   i2l837 0012                                     i2l839 0020  
                                   i2l795 00E6                                     _TRISA 000F92  
                                   _TRISB 000F93                            ?_INT0_CallBack 0007  
                                   _TRISC 000F94                                     _TRISD 000F95  
                                   _TRISE 000F96                             __CFG_PWRT$OFF 000000  
                           __CFG_WRT0$OFF 000000                             __CFG_WRT1$OFF 000000  
                           __CFG_WRT2$OFF 000000                             __CFG_WRT3$OFF 000000  
                          __CFG_EBTR0$OFF 000000                            __CFG_FCMEN$OFF 000000  
                          __CFG_EBTR1$OFF 000000                            __CFG_EBTR2$OFF 000000  
                          __CFG_EBTR3$OFF 000000                             __CFG_WRTB$OFF 000000  
                           __CFG_WRTC$OFF 000000                             __CFG_WRTD$OFF 000000  
                          __CFG_EBTRB$OFF 000000                                     pclath 000FFA  
                                   ttemp5 000E                                     ttemp6 0011  
                                   ttemp7 0015                                     status 000FD8  
                                   wtemp8 000E                            __CFG_HFOFST$ON 000000  
                          __CFG_PBADEN$ON 000000                           __initialization 0130  
                            __end_of_main 0088                                    ??_main 000C  
                           __activetblptr 000002                                    _ANSELH 000F7F  
                          __CFG_WDTEN$OFF 000000                                    _OSCCON 000FD3  
                                  i2u1_40 00F6                                    i2u1_41 00F0  
                                  i2u1_46 00F8                                    i2u2_40 00CA  
                                  i2u2_41 00C6                                    i2u3_48 00D0  
                                  i2u4_40 0020                                    i2u3_49 00E4  
                                  i2u4_41 001C                                    i2u5_40 002E  
                                  i2u5_41 002A                            __CFG_XINST$OFF 000000  
                          __CFG_STVREN$ON 000000                           ??_INT0_CallBack 0008  
                                  tblptru 000FF8  INT0_SetInterruptHandler@InterruptHandler 000A  
           __size_of_INTERRUPT_Initialize 0004          ??_INTERRUPT_InterruptManagerHigh 0008  
         ?_INTERRUPT_InterruptManagerHigh 0007                         _SYSTEM_Initialize 011E  
                              __accesstop 0060                   __end_of__initialization 0130  
                               ?_INT0_ISR 0007                        ?_SYSTEM_Initialize 0007  
                           ___rparam_used 000001                            __pcstackCOMRAM 0007  
                     ??_SYSTEM_Initialize 000C               __size_of_EXT_INT_Initialize 0014  
               __end_of_SYSTEM_Initialize 0130                     _INT0_InterruptHandler 0005  
                              ??_INT0_ISR 0008                                __pnvCOMRAM 0001  
                                 _OSCTUNE 000F9B         __size_of_INT0_SetInterruptHandler 000A  
               ?_INT0_SetInterruptHandler 000A                                   __Hparam 0000  
                                 __Lparam 0000                                   __pcinit 0130  
                                 __ramtop 1000                                   __ptext0 0042  
                                 __ptext1 011E                                   __ptext2 0088  
                                 __ptext3 013E                                   __ptext4 015A  
                                 __ptext5 010A                                   __ptext6 0148  
                                 __ptext8 0152                                   __ptext9 00B8  
                   _OSCILLATOR_Initialize 013E                  ??_PIN_MANAGER_Initialize 000A  
                                 fp__main 0000                __size_of_SYSTEM_Initialize 0012  
                    end_of_initialization 0130                             __Lmediumconst 0000  
                               _PORTCbits 000F82                         __size_of_INT0_ISR 0008  
            __end_of_INTERRUPT_Initialize 015E      __end_of_INT0_DefaultInterruptHandler 010A  
   __size_of_INT0_DefaultInterruptHandler 0024              _INT0_DefaultInterruptHandler 00E6  
                  ?_OSCILLATOR_Initialize 0007                     __end_of_INT0_CallBack 00E6  
                     start_initialization 0130           __size_of_PIN_MANAGER_Initialize 0030  
                        __CFG_LPT1OSC$OFF 000000                __end_of_EXT_INT_Initialize 011E  
         fp__INT0_DefaultInterruptHandler 0000             ?_INT0_DefaultInterruptHandler 0007  
        __end_of_INT0_SetInterruptHandler 0152                    _PIN_MANAGER_Initialize 0088  
                       __CFG_CCP2MX$PORTC 000000                                 __pintcode 0008  
               _INT0_InterruptHandler_ptr 0003                      _INTERRUPT_Initialize 015A  
                                _INT0_ISR 0152                                  _RCONbits 000FD0  
                        __CFG_WDTPS$32768 000000            ??_INT0_DefaultInterruptHandler 0007  
                             _INTCON2bits 000FF1                     ?_INTERRUPT_Initialize 0007  
                _INT0_SetInterruptHandler 0148                                  __Hrparam 0000  
                                __Lrparam 0000                        __CFG_BOREN$SBORDIS 000000  
                 ??_OSCILLATOR_Initialize 000A                                  __ptext10 00E6  
                                __ptext11 0000                                  _main_ptr 0001  
                           __size_of_main 0046                                  int$flags 000D  
                              _INTCONbits 000FF2                    ??_INTERRUPT_Initialize 000A  
                      _EXT_INT_Initialize 010A                                  intlevel2 0000  
                 ?_PIN_MANAGER_Initialize 0007                       ?_EXT_INT_Initialize 0007  
                  __size_of_INT0_CallBack 002E    __end_of_INTERRUPT_InterruptManagerHigh 003E  
 __size_of_INTERRUPT_InterruptManagerHigh 0036            _INTERRUPT_InterruptManagerHigh 0008  
                    ??_EXT_INT_Initialize 000C            __end_of_PIN_MANAGER_Initialize 00B8  
