

Microchip MPLAB XC8 Assembler V2.10 build 88905656 
                                                                                               Sat Sep 26 16:57:34 2020

Microchip MPLAB XC8 C Compiler v2.10 (Free license) build 20190730164152 Og1 
     1                           	processor	18F46K20
     2                           	fnconf	rparam,??,?,0
     3                           	opt	pw 120
     4                           	opt	flic
     5                           	psect	cinit,global,reloc=2,class=CODE,delta=1
     6                           	psect	bssCOMRAM,global,class=COMRAM,space=1,delta=1,noexec
     7                           	psect	cstackCOMRAM,global,class=COMRAM,space=1,delta=1,noexec
     8                           	psect	text0,global,reloc=2,class=CODE,delta=1
     9                           	psect	text1,global,reloc=2,class=CODE,delta=1
    10                           	psect	text2,global,reloc=2,class=CODE,delta=1
    11                           	psect	text3,global,reloc=2,class=CODE,delta=1
    12                           	psect	text4,global,reloc=2,class=CODE,delta=1
    13                           	psect	text5,global,reloc=2,class=CODE,delta=1
    14                           	psect	intsave_regs,global,class=BIGRAM,space=1,delta=1,noexec
    15                           	psect	rparam,global,class=COMRAM,space=1,delta=1,noexec
    16  0000                     
    17                           ; Version 2.10
    18                           ; Generated 31/07/2019 GMT
    19                           ; 
    20                           ; Copyright © 2019, Microchip Technology Inc. and its subsidiaries ("Microchip")
    21                           ; All rights reserved.
    22                           ; 
    23                           ; This software is developed by Microchip Technology Inc. and its subsidiaries ("Microch
      +                          ip").
    24                           ; 
    25                           ; Redistribution and use in source and binary forms, with or without modification, are
    26                           ; permitted provided that the following conditions are met:
    27                           ; 
    28                           ;     1. Redistributions of source code must retain the above copyright notice, this lis
      +                          t of
    29                           ;        conditions and the following disclaimer.
    30                           ; 
    31                           ;     2. Redistributions in binary form must reproduce the above copyright notice, this 
      +                          list
    32                           ;        of conditions and the following disclaimer in the documentation and/or other
    33                           ;        materials provided with the distribution.
    34                           ; 
    35                           ;     3. Microchip's name may not be used to endorse or promote products derived from th
      +                          is
    36                           ;        software without specific prior written permission.
    37                           ; 
    38                           ; THIS SOFTWARE IS PROVIDED BY MICROCHIP "AS IS" AND ANY EXPRESS OR IMPLIED WARRANTIES,
    39                           ; INCLUDING, BUT NOT LIMITED TO, THE IMPLIED WARRANTIES OF MERCHANTABILITY AND FITNESS F
      +                          OR
    40                           ; PURPOSE ARE DISCLAIMED.  IN NO EVENT SHALL MICROCHIP BE LIABLE FOR ANY DIRECT, INDIREC
      +                          T,
    41                           ; INCIDENTAL, SPECIAL, EXEMPLARY, OR CONSEQUENTIAL DAMAGES (INCLUDING BUT NOT LIMITED TO
    42                           ; PROCUREMENT OF SUBSTITUTE GOODS OR SERVICES; LOSS OF USE, DATA OR PROFITS; OR BUSINESS
    43                           ; INTERRUPTION) HOWSOEVER CAUSED AND ON ANY THEORY OF LIABILITY, WHETHER IN CONTRACT, ST
      +                          RICT
    44                           ; LIABILITY, OR TORT (INCLUDING NEGLIGENCE OR OTHERWISE) ARISING IN ANY WAY OUT OF THE U
      +                          SE OF
    45                           ; THIS SOFTWARE, EVEN IF ADVISED OF THE POSSIBILITY OF SUCH DAMAGE.
    46                           ; 
    47                           ; 
    48                           ; Code-generator required, PIC18F46K20 Definitions
    49                           ; 
    50                           ; SFR Addresses
    51  0000                     _PIR2bits	set	4001
    52  0000                     _EEDATA	set	4008
    53  0000                     _EEADR	set	4009
    54  0000                     _EEADRH	set	4010
    55  0000                     _EECON2	set	4007
    56  0000                     _EECON1bits	set	4006
    57  0000                     _TABLAT	set	4085
    58  0000                     _TBLPTRL	set	4086
    59  0000                     _TBLPTRH	set	4087
    60  0000                     _TBLPTRU	set	4088
    61  0000                     _PORTCbits	set	3970
    62  0000                     _OSCTUNE	set	3995
    63  0000                     _OSCCON	set	4051
    64  0000                     _INTCONbits	set	4082
    65  0000                     _INTCON2bits	set	4081
    66  0000                     _WPUB	set	3964
    67  0000                     _ANSELH	set	3967
    68  0000                     _ANSEL	set	3966
    69  0000                     _TRISD	set	3989
    70  0000                     _TRISC	set	3988
    71  0000                     _TRISB	set	3987
    72  0000                     _TRISA	set	3986
    73  0000                     _TRISE	set	3990
    74  0000                     _LATC	set	3979
    75  0000                     _LATB	set	3978
    76  0000                     _LATA	set	3977
    77  0000                     _LATD	set	3980
    78  0000                     _LATE	set	3981
    79                           
    80                           ; #config settings
    81  0000                     
    82                           	psect	cinit
    83  00FF0E                     __pcinit:
    84                           	opt callstack 0
    85  00FF0E                     start_initialization:
    86                           	opt callstack 0
    87  00FF0E                     __initialization:
    88                           	opt callstack 0
    89                           
    90                           ; Clear objects allocated to COMRAM (2 bytes)
    91  00FF0E  6A08               	clrf	(__pbssCOMRAM+1)& (0+255),c
    92  00FF10  6A07               	clrf	__pbssCOMRAM& (0+255),c
    93  00FF12                     end_of_initialization:
    94                           	opt callstack 0
    95  00FF12                     __end_of__initialization:
    96                           	opt callstack 0
    97  00FF12  0100               	movlb	0
    98  00FF14  EFD2  F07F         	goto	_main	;jump to C main() function
    99                           
   100                           	psect	bssCOMRAM
   101  000007                     __pbssCOMRAM:
   102                           	opt callstack 0
   103  000007                     _read_value:
   104                           	opt callstack 0
   105  000007                     	ds	1
   106  000008                     _counter:
   107                           	opt callstack 0
   108  000008                     	ds	1
   109                           
   110                           	psect	cstackCOMRAM
   111  000001                     __pcstackCOMRAM:
   112                           	opt callstack 0
   113  000001                     DATAEE_WriteByte@bAdd:
   114                           	opt callstack 0
   115  000001                     DATAEE_ReadByte@bAdd:
   116                           	opt callstack 0
   117                           
   118                           ; 2 bytes @ 0x0
   119  000001                     	ds	2
   120  000003                     DATAEE_WriteByte@bData:
   121                           	opt callstack 0
   122                           
   123                           ; 1 bytes @ 0x2
   124  000003                     	ds	1
   125  000004                     DATAEE_WriteByte@GIEBitValue:
   126                           	opt callstack 0
   127                           
   128                           ; 1 bytes @ 0x3
   129  000004                     	ds	1
   130  000005                     ??_main:
   131                           
   132                           ; 1 bytes @ 0x4
   133  000005                     	ds	2
   134                           
   135 ;;
   136 ;;Main: autosize = 0, tempsize = 2, incstack = 0, save=0
   137 ;;
   138 ;; *************** function _main *****************
   139 ;; Defined at:
   140 ;;		line 6 in file "main.c"
   141 ;; Parameters:    Size  Location     Type
   142 ;;		None
   143 ;; Auto vars:     Size  Location     Type
   144 ;;		None
   145 ;; Return value:  Size  Location     Type
   146 ;;                  1    wreg      void 
   147 ;; Registers used:
   148 ;;		wreg, status,2, status,0, cstack
   149 ;; Tracked objects:
   150 ;;		On entry : 0/0
   151 ;;		On exit  : 0/0
   152 ;;		Unchanged: 0/0
   153 ;; Data sizes:     COMRAM   BANK0   BANK1   BANK2   BANK3   BANK4   BANK5   BANK6   BANK7   BANK8   BANK9  BANK10  BANK1
      +1  BANK12  BANK13  BANK14  BANK15
   154 ;;      Params:         0       0       0       0       0       0       0       0       0       0       0       0       
      +0       0       0       0       0
   155 ;;      Locals:         0       0       0       0       0       0       0       0       0       0       0       0       
      +0       0       0       0       0
   156 ;;      Temps:          2       0       0       0       0       0       0       0       0       0       0       0       
      +0       0       0       0       0
   157 ;;      Totals:         2       0       0       0       0       0       0       0       0       0       0       0       
      +0       0       0       0       0
   158 ;;Total ram usage:        2 bytes
   159 ;; Hardware stack levels required when called:    2
   160 ;; This function calls:
   161 ;;		_DATAEE_ReadByte
   162 ;;		_DATAEE_WriteByte
   163 ;;		_SYSTEM_Initialize
   164 ;; This function is called by:
   165 ;;		Startup code after reset
   166 ;; This function uses a non-reentrant model
   167 ;;
   168                           
   169                           	psect	text0
   170  00FFA4                     __ptext0:
   171                           	opt callstack 0
   172  00FFA4                     _main:
   173                           	opt callstack 29
   174  00FFA4                     
   175                           ;main.c: 9:     SYSTEM_Initialize();
   176  00FFA4  EC82  F07F         	call	_SYSTEM_Initialize	;wreg free
   177  00FFA8                     l1031:
   178                           
   179                           ;main.c: 11:     {;main.c: 13:         DATAEE_WriteByte(0x88, counter);
   180  00FFA8  0E00               	movlw	0
   181  00FFAA  6E02               	movwf	(DATAEE_WriteByte@bAdd+1)^0,c
   182  00FFAC  0E88               	movlw	136
   183  00FFAE  6E01               	movwf	DATAEE_WriteByte@bAdd^0,c
   184  00FFB0  C008  F003         	movff	_counter,DATAEE_WriteByte@bData
   185  00FFB4  ECB0  F07F         	call	_DATAEE_WriteByte	;wreg free
   186  00FFB8                     
   187                           ;main.c: 14:         counter++;
   188  00FFB8  2A08               	incf	_counter^0,f,c
   189  00FFBA                     
   190                           ;main.c: 15:         _delay((unsigned long)((1000)*(8000000/4000.0)));
   191  00FFBA  0E0B               	movlw	11
   192  00FFBC  6E06               	movwf	(??_main+1)^0,c
   193  00FFBE  0E26               	movlw	38
   194  00FFC0  6E05               	movwf	??_main^0,c
   195  00FFC2  0E5E               	movlw	94
   196  00FFC4                     u167:
   197  00FFC4  2EE8               	decfsz	wreg,f,c
   198  00FFC6  D7FE               	bra	u167
   199  00FFC8  2E05               	decfsz	??_main^0,f,c
   200  00FFCA  D7FC               	bra	u167
   201  00FFCC  2E06               	decfsz	(??_main+1)^0,f,c
   202  00FFCE  D7FA               	bra	u167
   203  00FFD0                     
   204                           ;main.c: 16:         read_value = DATAEE_ReadByte(0x88);
   205  00FFD0  0E00               	movlw	0
   206  00FFD2  6E02               	movwf	(DATAEE_ReadByte@bAdd+1)^0,c
   207  00FFD4  0E88               	movlw	136
   208  00FFD6  6E01               	movwf	DATAEE_ReadByte@bAdd^0,c
   209  00FFD8  EC8C  F07F         	call	_DATAEE_ReadByte	;wreg free
   210  00FFDC  6E07               	movwf	_read_value^0,c
   211  00FFDE                     
   212                           ;main.c: 17:         if(10 == read_value){
   213  00FFDE  0E0A               	movlw	10
   214  00FFE0  1807               	xorwf	_read_value^0,w,c
   215  00FFE2  A4D8               	btfss	status,2,c
   216  00FFE4  EFF6  F07F         	goto	u151
   217  00FFE8  EFF8  F07F         	goto	u150
   218  00FFEC                     u151:
   219  00FFEC  EFFB  F07F         	goto	l70
   220  00FFF0                     u150:
   221  00FFF0                     
   222                           ;main.c: 18:             PORTCbits.RC0 = 1;
   223  00FFF0  8082               	bsf	130,0,c	;volatile
   224                           
   225                           ;main.c: 19:         }
   226  00FFF2  EFD4  F07F         	goto	l1031
   227  00FFF6                     l70:
   228                           
   229                           ;main.c: 21:             PORTCbits.RC0 = 0;
   230  00FFF6  9082               	bcf	130,0,c	;volatile
   231  00FFF8  EFD4  F07F         	goto	l1031
   232  00FFFC  EF00  F000         	goto	start
   233  010000                     __end_of_main:
   234                           	opt callstack 0
   235                           
   236 ;; *************** function _SYSTEM_Initialize *****************
   237 ;; Defined at:
   238 ;;		line 50 in file "mcc_generated_files/mcc.c"
   239 ;; Parameters:    Size  Location     Type
   240 ;;		None
   241 ;; Auto vars:     Size  Location     Type
   242 ;;		None
   243 ;; Return value:  Size  Location     Type
   244 ;;                  1    wreg      void 
   245 ;; Registers used:
   246 ;;		wreg, status,2, cstack
   247 ;; Tracked objects:
   248 ;;		On entry : 0/0
   249 ;;		On exit  : 0/0
   250 ;;		Unchanged: 0/0
   251 ;; Data sizes:     COMRAM   BANK0   BANK1   BANK2   BANK3   BANK4   BANK5   BANK6   BANK7   BANK8   BANK9  BANK10  BANK1
      +1  BANK12  BANK13  BANK14  BANK15
   252 ;;      Params:         0       0       0       0       0       0       0       0       0       0       0       0       
      +0       0       0       0       0
   253 ;;      Locals:         0       0       0       0       0       0       0       0       0       0       0       0       
      +0       0       0       0       0
   254 ;;      Temps:          0       0       0       0       0       0       0       0       0       0       0       0       
      +0       0       0       0       0
   255 ;;      Totals:         0       0       0       0       0       0       0       0       0       0       0       0       
      +0       0       0       0       0
   256 ;;Total ram usage:        0 bytes
   257 ;; Hardware stack levels used:    1
   258 ;; Hardware stack levels required when called:    1
   259 ;; This function calls:
   260 ;;		_OSCILLATOR_Initialize
   261 ;;		_PIN_MANAGER_Initialize
   262 ;; This function is called by:
   263 ;;		_main
   264 ;; This function uses a non-reentrant model
   265 ;;
   266                           
   267                           	psect	text1
   268  00FF04                     __ptext1:
   269                           	opt callstack 0
   270  00FF04                     _SYSTEM_Initialize:
   271                           	opt callstack 29
   272  00FF04                     
   273                           ;mcc_generated_files/mcc.c: 53:     PIN_MANAGER_Initialize();
   274  00FF04  EC98  F07F         	call	_PIN_MANAGER_Initialize	;wreg free
   275                           
   276                           ;mcc_generated_files/mcc.c: 54:     OSCILLATOR_Initialize();
   277  00FF08  EC7D  F07F         	call	_OSCILLATOR_Initialize	;wreg free
   278  00FF0C  0012               	return		;funcret
   279  00FF0E                     __end_of_SYSTEM_Initialize:
   280                           	opt callstack 0
   281                           
   282 ;; *************** function _PIN_MANAGER_Initialize *****************
   283 ;; Defined at:
   284 ;;		line 55 in file "mcc_generated_files/pin_manager.c"
   285 ;; Parameters:    Size  Location     Type
   286 ;;		None
   287 ;; Auto vars:     Size  Location     Type
   288 ;;		None
   289 ;; Return value:  Size  Location     Type
   290 ;;                  1    wreg      void 
   291 ;; Registers used:
   292 ;;		wreg, status,2
   293 ;; Tracked objects:
   294 ;;		On entry : 0/0
   295 ;;		On exit  : 0/0
   296 ;;		Unchanged: 0/0
   297 ;; Data sizes:     COMRAM   BANK0   BANK1   BANK2   BANK3   BANK4   BANK5   BANK6   BANK7   BANK8   BANK9  BANK10  BANK1
      +1  BANK12  BANK13  BANK14  BANK15
   298 ;;      Params:         0       0       0       0       0       0       0       0       0       0       0       0       
      +0       0       0       0       0
   299 ;;      Locals:         0       0       0       0       0       0       0       0       0       0       0       0       
      +0       0       0       0       0
   300 ;;      Temps:          0       0       0       0       0       0       0       0       0       0       0       0       
      +0       0       0       0       0
   301 ;;      Totals:         0       0       0       0       0       0       0       0       0       0       0       0       
      +0       0       0       0       0
   302 ;;Total ram usage:        0 bytes
   303 ;; Hardware stack levels used:    1
   304 ;; This function calls:
   305 ;;		Nothing
   306 ;; This function is called by:
   307 ;;		_SYSTEM_Initialize
   308 ;; This function uses a non-reentrant model
   309 ;;
   310                           
   311                           	psect	text2
   312  00FF30                     __ptext2:
   313                           	opt callstack 0
   314  00FF30                     _PIN_MANAGER_Initialize:
   315                           	opt callstack 29
   316  00FF30                     
   317                           ;mcc_generated_files/pin_manager.c: 60:     LATE = 0x00;
   318  00FF30  0E00               	movlw	0
   319  00FF32  6E8D               	movwf	141,c	;volatile
   320                           
   321                           ;mcc_generated_files/pin_manager.c: 61:     LATD = 0x00;
   322  00FF34  0E00               	movlw	0
   323  00FF36  6E8C               	movwf	140,c	;volatile
   324                           
   325                           ;mcc_generated_files/pin_manager.c: 62:     LATA = 0x00;
   326  00FF38  0E00               	movlw	0
   327  00FF3A  6E89               	movwf	137,c	;volatile
   328                           
   329                           ;mcc_generated_files/pin_manager.c: 63:     LATB = 0x00;
   330  00FF3C  0E00               	movlw	0
   331  00FF3E  6E8A               	movwf	138,c	;volatile
   332                           
   333                           ;mcc_generated_files/pin_manager.c: 64:     LATC = 0x00;
   334  00FF40  0E00               	movlw	0
   335  00FF42  6E8B               	movwf	139,c	;volatile
   336                           
   337                           ;mcc_generated_files/pin_manager.c: 69:     TRISE = 0x07;
   338  00FF44  0E07               	movlw	7
   339  00FF46  6E96               	movwf	150,c	;volatile
   340  00FF48                     
   341                           ;mcc_generated_files/pin_manager.c: 70:     TRISA = 0xFF;
   342  00FF48  6892               	setf	146,c	;volatile
   343  00FF4A                     
   344                           ;mcc_generated_files/pin_manager.c: 71:     TRISB = 0xFF;
   345  00FF4A  6893               	setf	147,c	;volatile
   346                           
   347                           ;mcc_generated_files/pin_manager.c: 72:     TRISC = 0x00;
   348  00FF4C  0E00               	movlw	0
   349  00FF4E  6E94               	movwf	148,c	;volatile
   350  00FF50                     
   351                           ;mcc_generated_files/pin_manager.c: 73:     TRISD = 0xFF;
   352  00FF50  6895               	setf	149,c	;volatile
   353  00FF52                     
   354                           ;mcc_generated_files/pin_manager.c: 78:     ANSEL = 0xFF;
   355  00FF52  687E               	setf	126,c	;volatile
   356                           
   357                           ;mcc_generated_files/pin_manager.c: 79:     ANSELH = 0x1F;
   358  00FF54  0E1F               	movlw	31
   359  00FF56  6E7F               	movwf	127,c	;volatile
   360                           
   361                           ;mcc_generated_files/pin_manager.c: 84:     WPUB = 0x00;
   362  00FF58  0E00               	movlw	0
   363  00FF5A  6E7C               	movwf	124,c	;volatile
   364  00FF5C                     
   365                           ;mcc_generated_files/pin_manager.c: 85:     INTCON2bits.nRBPU = 1;
   366  00FF5C  8EF1               	bsf	241,7,c	;volatile
   367  00FF5E  0012               	return		;funcret
   368  00FF60                     __end_of_PIN_MANAGER_Initialize:
   369                           	opt callstack 0
   370                           
   371 ;; *************** function _OSCILLATOR_Initialize *****************
   372 ;; Defined at:
   373 ;;		line 57 in file "mcc_generated_files/mcc.c"
   374 ;; Parameters:    Size  Location     Type
   375 ;;		None
   376 ;; Auto vars:     Size  Location     Type
   377 ;;		None
   378 ;; Return value:  Size  Location     Type
   379 ;;                  1    wreg      void 
   380 ;; Registers used:
   381 ;;		wreg, status,2
   382 ;; Tracked objects:
   383 ;;		On entry : 0/0
   384 ;;		On exit  : 0/0
   385 ;;		Unchanged: 0/0
   386 ;; Data sizes:     COMRAM   BANK0   BANK1   BANK2   BANK3   BANK4   BANK5   BANK6   BANK7   BANK8   BANK9  BANK10  BANK1
      +1  BANK12  BANK13  BANK14  BANK15
   387 ;;      Params:         0       0       0       0       0       0       0       0       0       0       0       0       
      +0       0       0       0       0
   388 ;;      Locals:         0       0       0       0       0       0       0       0       0       0       0       0       
      +0       0       0       0       0
   389 ;;      Temps:          0       0       0       0       0       0       0       0       0       0       0       0       
      +0       0       0       0       0
   390 ;;      Totals:         0       0       0       0       0       0       0       0       0       0       0       0       
      +0       0       0       0       0
   391 ;;Total ram usage:        0 bytes
   392 ;; Hardware stack levels used:    1
   393 ;; This function calls:
   394 ;;		Nothing
   395 ;; This function is called by:
   396 ;;		_SYSTEM_Initialize
   397 ;; This function uses a non-reentrant model
   398 ;;
   399                           
   400                           	psect	text3
   401  00FEFA                     __ptext3:
   402                           	opt callstack 0
   403  00FEFA                     _OSCILLATOR_Initialize:
   404                           	opt callstack 29
   405  00FEFA                     
   406                           ;mcc_generated_files/mcc.c: 60:     OSCCON = 0x30;
   407  00FEFA  0E30               	movlw	48
   408  00FEFC  6ED3               	movwf	211,c	;volatile
   409                           
   410                           ;mcc_generated_files/mcc.c: 62:     OSCTUNE = 0x00;
   411  00FEFE  0E00               	movlw	0
   412  00FF00  6E9B               	movwf	155,c	;volatile
   413  00FF02  0012               	return		;funcret
   414  00FF04                     __end_of_OSCILLATOR_Initialize:
   415                           	opt callstack 0
   416                           
   417 ;; *************** function _DATAEE_WriteByte *****************
   418 ;; Defined at:
   419 ;;		line 173 in file "mcc_generated_files/memory.c"
   420 ;; Parameters:    Size  Location     Type
   421 ;;  bAdd            2    0[COMRAM] unsigned short 
   422 ;;  bData           1    2[COMRAM] unsigned char 
   423 ;; Auto vars:     Size  Location     Type
   424 ;;  GIEBitValue     1    3[COMRAM] unsigned char 
   425 ;; Return value:  Size  Location     Type
   426 ;;                  1    wreg      void 
   427 ;; Registers used:
   428 ;;		wreg, status,2, status,0
   429 ;; Tracked objects:
   430 ;;		On entry : 0/0
   431 ;;		On exit  : 0/0
   432 ;;		Unchanged: 0/0
   433 ;; Data sizes:     COMRAM   BANK0   BANK1   BANK2   BANK3   BANK4   BANK5   BANK6   BANK7   BANK8   BANK9  BANK10  BANK1
      +1  BANK12  BANK13  BANK14  BANK15
   434 ;;      Params:         3       0       0       0       0       0       0       0       0       0       0       0       
      +0       0       0       0       0
   435 ;;      Locals:         1       0       0       0       0       0       0       0       0       0       0       0       
      +0       0       0       0       0
   436 ;;      Temps:          0       0       0       0       0       0       0       0       0       0       0       0       
      +0       0       0       0       0
   437 ;;      Totals:         4       0       0       0       0       0       0       0       0       0       0       0       
      +0       0       0       0       0
   438 ;;Total ram usage:        4 bytes
   439 ;; Hardware stack levels used:    1
   440 ;; This function calls:
   441 ;;		Nothing
   442 ;; This function is called by:
   443 ;;		_main
   444 ;; This function uses a non-reentrant model
   445 ;;
   446                           
   447                           	psect	text4
   448  00FF60                     __ptext4:
   449                           	opt callstack 0
   450  00FF60                     _DATAEE_WriteByte:
   451                           	opt callstack 30
   452  00FF60                     
   453                           ;mcc_generated_files/memory.c: 173: void DATAEE_WriteByte(uint16_t bAdd, uint8_t bData);
      +                          mcc_generated_files/memory.c: 174: {;mcc_generated_files/memory.c: 175:     uint8_t GIEB
      +                          itValue = INTCONbits.GIE;
   454  00FF60  0E00               	movlw	0
   455  00FF62  BEF2               	btfsc	242,7,c	;volatile
   456  00FF64  0E01               	movlw	1
   457  00FF66  6E04               	movwf	DATAEE_WriteByte@GIEBitValue^0,c
   458  00FF68                     
   459                           ;mcc_generated_files/memory.c: 177:     EEADRH = ((bAdd >> 8) & 0x03);
   460  00FF68  5002               	movf	(DATAEE_WriteByte@bAdd+1)^0,w,c
   461  00FF6A  0B03               	andlw	3
   462  00FF6C  6EAA               	movwf	170,c	;volatile
   463  00FF6E                     
   464                           ;mcc_generated_files/memory.c: 178:     EEADR = (bAdd & 0xFF);
   465  00FF6E  C001  FFA9         	movff	DATAEE_WriteByte@bAdd,4009	;volatile
   466  00FF72                     
   467                           ;mcc_generated_files/memory.c: 179:     EEDATA = bData;
   468  00FF72  C003  FFA8         	movff	DATAEE_WriteByte@bData,4008	;volatile
   469  00FF76                     
   470                           ;mcc_generated_files/memory.c: 180:     EECON1bits.EEPGD = 0;
   471  00FF76  9EA6               	bcf	166,7,c	;volsfr
   472  00FF78                     
   473                           ;mcc_generated_files/memory.c: 181:     EECON1bits.CFGS = 0;
   474  00FF78  9CA6               	bcf	166,6,c	;volsfr
   475  00FF7A                     
   476                           ;mcc_generated_files/memory.c: 182:     EECON1bits.WREN = 1;
   477  00FF7A  84A6               	bsf	166,2,c	;volsfr
   478  00FF7C                     
   479                           ;mcc_generated_files/memory.c: 183:     INTCONbits.GIE = 0;
   480  00FF7C  9EF2               	bcf	242,7,c	;volatile
   481  00FF7E                     
   482                           ;mcc_generated_files/memory.c: 184:     EECON2 = 0x55;
   483  00FF7E  0E55               	movlw	85
   484  00FF80  6EA7               	movwf	167,c	;volsfr
   485  00FF82                     
   486                           ;mcc_generated_files/memory.c: 185:     EECON2 = 0xAA;
   487  00FF82  0EAA               	movlw	170
   488  00FF84  6EA7               	movwf	167,c	;volsfr
   489  00FF86                     
   490                           ;mcc_generated_files/memory.c: 186:     EECON1bits.WR = 1;
   491  00FF86  82A6               	bsf	166,1,c	;volsfr
   492  00FF88                     l130:
   493                           
   494                           ;mcc_generated_files/memory.c: 188:     while (EECON1bits.WR)
   495  00FF88  B2A6               	btfsc	166,1,c	;volsfr
   496  00FF8A  EFC9  F07F         	goto	u131
   497  00FF8E  EFCB  F07F         	goto	u130
   498  00FF92                     u131:
   499  00FF92  EFC4  F07F         	goto	l130
   500  00FF96                     u130:
   501  00FF96                     
   502                           ;mcc_generated_files/memory.c: 192:     EECON1bits.WREN = 0;
   503  00FF96  94A6               	bcf	166,2,c	;volsfr
   504                           
   505                           ;mcc_generated_files/memory.c: 193:     INTCONbits.GIE = GIEBitValue;
   506  00FF98  B004               	btfsc	DATAEE_WriteByte@GIEBitValue^0,0,c
   507  00FF9A  D002               	bra	u145
   508  00FF9C  9EF2               	bcf	242,7,c	;volatile
   509  00FF9E  D001               	bra	u146
   510  00FFA0                     u145:
   511  00FFA0  8EF2               	bsf	242,7,c	;volatile
   512  00FFA2                     u146:
   513  00FFA2  0012               	return		;funcret
   514  00FFA4                     __end_of_DATAEE_WriteByte:
   515                           	opt callstack 0
   516                           
   517 ;; *************** function _DATAEE_ReadByte *****************
   518 ;; Defined at:
   519 ;;		line 196 in file "mcc_generated_files/memory.c"
   520 ;; Parameters:    Size  Location     Type
   521 ;;  bAdd            2    0[COMRAM] unsigned short 
   522 ;; Auto vars:     Size  Location     Type
   523 ;;		None
   524 ;; Return value:  Size  Location     Type
   525 ;;                  1    wreg      unsigned char 
   526 ;; Registers used:
   527 ;;		wreg, status,2, status,0
   528 ;; Tracked objects:
   529 ;;		On entry : 0/0
   530 ;;		On exit  : 0/0
   531 ;;		Unchanged: 0/0
   532 ;; Data sizes:     COMRAM   BANK0   BANK1   BANK2   BANK3   BANK4   BANK5   BANK6   BANK7   BANK8   BANK9  BANK10  BANK1
      +1  BANK12  BANK13  BANK14  BANK15
   533 ;;      Params:         2       0       0       0       0       0       0       0       0       0       0       0       
      +0       0       0       0       0
   534 ;;      Locals:         0       0       0       0       0       0       0       0       0       0       0       0       
      +0       0       0       0       0
   535 ;;      Temps:          0       0       0       0       0       0       0       0       0       0       0       0       
      +0       0       0       0       0
   536 ;;      Totals:         2       0       0       0       0       0       0       0       0       0       0       0       
      +0       0       0       0       0
   537 ;;Total ram usage:        2 bytes
   538 ;; Hardware stack levels used:    1
   539 ;; This function calls:
   540 ;;		Nothing
   541 ;; This function is called by:
   542 ;;		_main
   543 ;; This function uses a non-reentrant model
   544 ;;
   545                           
   546                           	psect	text5
   547  00FF18                     __ptext5:
   548                           	opt callstack 0
   549  00FF18                     _DATAEE_ReadByte:
   550                           	opt callstack 30
   551  00FF18                     
   552                           ;mcc_generated_files/memory.c: 196: uint8_t DATAEE_ReadByte(uint16_t bAdd);mcc_generated
      +                          _files/memory.c: 197: {;mcc_generated_files/memory.c: 198:     EEADRH = ((bAdd >> 8) & 0
      +                          x03);
   553  00FF18  5002               	movf	(DATAEE_ReadByte@bAdd+1)^0,w,c
   554  00FF1A  0B03               	andlw	3
   555  00FF1C  6EAA               	movwf	170,c	;volatile
   556  00FF1E                     
   557                           ;mcc_generated_files/memory.c: 199:     EEADR = (bAdd & 0xFF);
   558  00FF1E  C001  FFA9         	movff	DATAEE_ReadByte@bAdd,4009	;volatile
   559  00FF22                     
   560                           ;mcc_generated_files/memory.c: 200:     EECON1bits.CFGS = 0;
   561  00FF22  9CA6               	bcf	166,6,c	;volsfr
   562  00FF24                     
   563                           ;mcc_generated_files/memory.c: 201:     EECON1bits.EEPGD = 0;
   564  00FF24  9EA6               	bcf	166,7,c	;volsfr
   565  00FF26                     
   566                           ;mcc_generated_files/memory.c: 202:     EECON1bits.RD = 1;
   567  00FF26  80A6               	bsf	166,0,c	;volsfr
   568  00FF28                     
   569                           ;mcc_generated_files/memory.c: 203:     __nop();
   570  00FF28  F000               	nop	
   571  00FF2A                     
   572                           ;mcc_generated_files/memory.c: 204:     __nop();
   573  00FF2A  F000               	nop	
   574  00FF2C                     
   575                           ;mcc_generated_files/memory.c: 206:     return (EEDATA);
   576  00FF2C  50A8               	movf	168,w,c	;volatile
   577  00FF2E  0012               	return		;funcret
   578  00FF30                     __end_of_DATAEE_ReadByte:
   579                           	opt callstack 0
   580  0000                     
   581                           	psect	rparam
   582  0000                     tosu	equ	0xFFF
   583                           tosh	equ	0xFFE
   584                           tosl	equ	0xFFD
   585                           stkptr	equ	0xFFC
   586                           pclatu	equ	0xFFB
   587                           pclath	equ	0xFFA
   588                           pcl	equ	0xFF9
   589                           tblptru	equ	0xFF8
   590                           tblptrh	equ	0xFF7
   591                           tblptrl	equ	0xFF6
   592                           tablat	equ	0xFF5
   593                           prodh	equ	0xFF4
   594                           prodl	equ	0xFF3
   595                           indf0	equ	0xFEF
   596                           postinc0	equ	0xFEE
   597                           postdec0	equ	0xFED
   598                           preinc0	equ	0xFEC
   599                           plusw0	equ	0xFEB
   600                           fsr0h	equ	0xFEA
   601                           fsr0l	equ	0xFE9
   602                           wreg	equ	0xFE8
   603                           indf1	equ	0xFE7
   604                           postinc1	equ	0xFE6
   605                           postdec1	equ	0xFE5
   606                           preinc1	equ	0xFE4
   607                           plusw1	equ	0xFE3
   608                           fsr1h	equ	0xFE2
   609                           fsr1l	equ	0xFE1
   610                           bsr	equ	0xFE0
   611                           indf2	equ	0xFDF
   612                           postinc2	equ	0xFDE
   613                           postdec2	equ	0xFDD
   614                           preinc2	equ	0xFDC
   615                           plusw2	equ	0xFDB
   616                           fsr2h	equ	0xFDA
   617                           fsr2l	equ	0xFD9
   618                           status	equ	0xFD8


Data Sizes:
    Strings     0
    Constant    0
    Data        0
    BSS         2
    Persistent  0
    Stack       0

Auto Spaces:
    Space          Size  Autos    Used
    COMRAM           95      6       8
    BANK0           160      0       0
    BANK1           256      0       0
    BANK2           256      0       0
    BANK3           256      0       0
    BANK4           256      0       0
    BANK5           256      0       0
    BANK6           256      0       0
    BANK7           256      0       0
    BANK8           256      0       0
    BANK9           256      0       0
    BANK10          256      0       0
    BANK11          256      0       0
    BANK12          256      0       0
    BANK13          256      0       0
    BANK14          256      0       0
    BANK15           96      0       0

Pointer List with Targets:

    None.

Critical Paths under _main in COMRAM

    _main->_DATAEE_WriteByte

Critical Paths under _main in BANK0

    None.

Critical Paths under _main in BANK1

    None.

Critical Paths under _main in BANK2

    None.

Critical Paths under _main in BANK3

    None.

Critical Paths under _main in BANK4

    None.

Critical Paths under _main in BANK5

    None.

Critical Paths under _main in BANK6

    None.

Critical Paths under _main in BANK7

    None.

Critical Paths under _main in BANK8

    None.

Critical Paths under _main in BANK9

    None.

Critical Paths under _main in BANK10

    None.

Critical Paths under _main in BANK11

    None.

Critical Paths under _main in BANK12

    None.

Critical Paths under _main in BANK13

    None.

Critical Paths under _main in BANK14

    None.

Critical Paths under _main in BANK15

    None.

Call Graph Tables:

 ---------------------------------------------------------------------------------
 (Depth) Function   	        Calls       Base Space   Used Autos Params    Refs
 ---------------------------------------------------------------------------------
 (0) _main                                                 2     2      0     361
                                              4 COMRAM     2     2      0
                    _DATAEE_ReadByte
                   _DATAEE_WriteByte
                  _SYSTEM_Initialize
 ---------------------------------------------------------------------------------
 (1) _SYSTEM_Initialize                                    0     0      0       0
              _OSCILLATOR_Initialize
             _PIN_MANAGER_Initialize
 ---------------------------------------------------------------------------------
 (2) _PIN_MANAGER_Initialize                               0     0      0       0
 ---------------------------------------------------------------------------------
 (2) _OSCILLATOR_Initialize                                0     0      0       0
 ---------------------------------------------------------------------------------
 (1) _DATAEE_WriteByte                                     4     1      3     241
                                              0 COMRAM     4     1      3
 ---------------------------------------------------------------------------------
 (1) _DATAEE_ReadByte                                      2     0      2     120
                                              0 COMRAM     2     0      2
 ---------------------------------------------------------------------------------
 Estimated maximum stack depth 2
 ---------------------------------------------------------------------------------

 Call Graph Graphs:

 _main (ROOT)
   _DATAEE_ReadByte
   _DATAEE_WriteByte
   _SYSTEM_Initialize
     _OSCILLATOR_Initialize
     _PIN_MANAGER_Initialize

 Address spaces:
Name               Size   Autos  Total    Cost      Usage
BIGRAM             F5F      0       0      37        0.0%
EEDATA             400      0       0       0        0.0%
BITBANK14          100      0       0      33        0.0%
BANK14             100      0       0      34        0.0%
BITBANK13          100      0       0      30        0.0%
BANK13             100      0       0      31        0.0%
BITBANK12          100      0       0      28        0.0%
BANK12             100      0       0      29        0.0%
BITBANK11          100      0       0      26        0.0%
BANK11             100      0       0      27        0.0%
BITBANK10          100      0       0      24        0.0%
BANK10             100      0       0      25        0.0%
BITBANK9           100      0       0      22        0.0%
BANK9              100      0       0      23        0.0%
BITBANK8           100      0       0      20        0.0%
BANK8              100      0       0      21        0.0%
BITBANK7           100      0       0      18        0.0%
BANK7              100      0       0      19        0.0%
BITBANK6           100      0       0      16        0.0%
BANK6              100      0       0      17        0.0%
BITBANK5           100      0       0      14        0.0%
BANK5              100      0       0      15        0.0%
BITBANK4           100      0       0      12        0.0%
BANK4              100      0       0      13        0.0%
BITBANK3           100      0       0      10        0.0%
BANK3              100      0       0      11        0.0%
BITBANK2           100      0       0       8        0.0%
BANK2              100      0       0       9        0.0%
BITBANK1           100      0       0       6        0.0%
BANK1              100      0       0       7        0.0%
BITBANK0            A0      0       0       4        0.0%
BANK0               A0      0       0       5        0.0%
BITBANK15           60      0       0      35        0.0%
BANK15              60      0       0      36        0.0%
BITCOMRAM           5F      0       0       0        0.0%
COMRAM              5F      6       8       1        8.4%
BITSFR               0      0       0     200        0.0%
SFR                  0      0       0     200        0.0%
STACK                0      0       0       2        0.0%
NULL                 0      0       0       0        0.0%
ABS                  0      0       8      32        0.0%
DATA                 0      0       8       3        0.0%
CODE                 0      0       0       0        0.0%


Microchip Technology PIC18 Macro Assembler V2.10 build 88905656 
Symbol Table                                                                                   Sat Sep 26 16:57:34 2020

                             l33 FF5E                               l50 FF02  
                             l70 FFF6                               l47 FF0C  
                   __CFG_CP0$OFF 000000                     __CFG_CP1$OFF 000000  
                   __CFG_CP2$OFF 000000                     __CFG_CP3$OFF 000000  
                    __CFG_LVP$ON 000000                              l130 FF88  
                            l132 FF96                              l133 FFA2  
                            l136 FF2E                              l821 FF50  
                            l823 FF52                              l815 FF30  
                            l825 FF5C                              l817 FF48  
                            l827 FEFA                              l819 FF4A  
                            l829 FF04                              l991 FF68  
                            l993 FF6E                              l995 FF72  
                            l997 FF76                              l989 FF60  
                            l999 FF78                     __CFG_CPB$OFF 000000  
                            u130 FF96                              u131 FF92  
                            u150 FFF0                              u151 FFEC  
                            u145 FFA0                              u146 FFA2  
                            u167 FFC4                     __CFG_CPD$OFF 000000  
                   __CFG_BORV$18 000000                              wreg 000FE8  
                   __CFG_FOSC$HS 000000                             l1001 FF7A  
                           l1011 FF18                             l1003 FF7C  
                           l1021 FF28                             l1013 FF1E  
                           l1005 FF7E                             l1023 FF2A  
                           l1015 FF22                             l1007 FF82  
                           l1031 FFA8                             l1025 FF2C  
                           l1017 FF24                             l1009 FF86  
                           l1041 FFF0                             l1033 FFB8  
                           l1019 FF26                             l1035 FFBA  
                           l1037 FFD0                             l1029 FFA4  
                           l1039 FFDE                             _LATA 000F89  
                           _LATB 000F8A                             _LATC 000F8B  
                           _LATD 000F8C                             _LATE 000F8D  
                           _WPUB 000F7C                             _main FFA4  
                           start 0000                    __CFG_IESO$OFF 000000  
                  __CFG_MCLRE$ON 000000                     ___param_bank 000000  
      __size_of_DATAEE_WriteByte 0044   __size_of_OSCILLATOR_Initialize 000A  
  __end_of_OSCILLATOR_Initialize FF04                            ?_main 0001  
                          _EEADR 000FA9                            _ANSEL 000F7E  
                 __CFG_DEBUG$OFF 000000                            _TRISA 000F92  
                          _TRISB 000F93                            _TRISC 000F94  
                          _TRISD 000F95                            _TRISE 000F96  
                  __CFG_PWRT$OFF 000000                    __CFG_WRT0$OFF 000000  
                  __CFG_WRT1$OFF 000000                    __CFG_WRT2$OFF 000000  
                  __CFG_WRT3$OFF 000000                   __CFG_EBTR0$OFF 000000  
                 __CFG_FCMEN$OFF 000000                   __CFG_EBTR1$OFF 000000  
                 __CFG_EBTR2$OFF 000000                   __CFG_EBTR3$OFF 000000  
                  __CFG_WRTB$OFF 000000                    __CFG_WRTC$OFF 000000  
                  __CFG_WRTD$OFF 000000                  _DATAEE_ReadByte FF18  
                 __CFG_EBTRB$OFF 000000                            status 000FD8  
                 __CFG_HFOFST$ON 000000                   __CFG_PBADEN$ON 000000  
                __initialization FF0E                     __end_of_main 0000  
                         ??_main 0005                    __activetblptr 000000  
                         _EEADRH 000FAA                           _EEDATA 000FA8  
                         _EECON2 000FA7                           _ANSELH 000F7F  
                 __CFG_WDTEN$OFF 000000                           _TABLAT 000FF5  
                         _OSCCON 000FD3                   __CFG_XINST$OFF 000000  
                 __CFG_STVREN$ON 000000          __end_of_DATAEE_ReadByte FF30  
              _SYSTEM_Initialize FF04                       __accesstop 0060  
        __end_of__initialization FF12               ?_SYSTEM_Initialize 0001  
                  ___rparam_used 000001                   __pcstackCOMRAM 0001  
            ??_SYSTEM_Initialize 0001                 _DATAEE_WriteByte FF60  
      __end_of_SYSTEM_Initialize FF0E                 ?_DATAEE_ReadByte 0001  
                        _TBLPTRH 000FF7                          _TBLPTRL 000FF6  
                        _TBLPTRU 000FF8                          _OSCTUNE 000F9B  
           DATAEE_WriteByte@bAdd 0001                          __Hparam 0000  
                        __Lparam 0000                          __pcinit FF0E  
                        __ramtop 1000                          __ptext0 FFA4  
                        __ptext1 FF04                          __ptext2 FF30  
                        __ptext3 FEFA                          __ptext4 FF60  
                        __ptext5 FF18                       _read_value 0007  
                        _counter 0008            _OSCILLATOR_Initialize FEFA  
       ??_PIN_MANAGER_Initialize 0001       __size_of_SYSTEM_Initialize 000A  
           end_of_initialization FF12                        _PORTCbits 000F82  
       __end_of_DATAEE_WriteByte FFA4           ?_OSCILLATOR_Initialize 0001  
            start_initialization FF0E  __size_of_PIN_MANAGER_Initialize 0030  
            DATAEE_ReadByte@bAdd 0001                 __CFG_LPT1OSC$OFF 000000  
                    __pbssCOMRAM 0007           _PIN_MANAGER_Initialize FF30  
              __CFG_CCP2MX$PORTC 000000         __size_of_DATAEE_ReadByte 0018  
                       _PIR2bits 000FA1                 __CFG_WDTPS$32768 000000  
          DATAEE_WriteByte@bData 0003                      _INTCON2bits 000FF1  
              ?_DATAEE_WriteByte 0001               ??_DATAEE_WriteByte 0004  
                     _EECON1bits 000FA6                         __Hrparam 0000  
                       __Lrparam 0000               __CFG_BOREN$SBORDIS 000000  
        ??_OSCILLATOR_Initialize 0001      DATAEE_WriteByte@GIEBitValue 0004  
                  __size_of_main 005C                ??_DATAEE_ReadByte 0003  
                     _INTCONbits 000FF2          ?_PIN_MANAGER_Initialize 0001  
 __end_of_PIN_MANAGER_Initialize FF60  
