

Microchip MPLAB XC8 Assembler V2.10 build 88905656 
                                                                                               Sat Sep 12 18:03:21 2020

Microchip MPLAB XC8 C Compiler v2.10 (Free license) build 20190730164152 Og1 
     1                           	processor	18F46K20
     2                           	fnconf	rparam,??,?,0
     3                           	opt	pw 120
     4                           	opt	flic
     5                           	psect	cinit,global,reloc=2,class=CODE,delta=1
     6                           	psect	cstackCOMRAM,global,class=COMRAM,space=1,delta=1,noexec
     7                           	psect	text0,global,reloc=2,class=CODE,delta=1
     8                           	psect	intsave_regs,global,class=BIGRAM,space=1,delta=1,noexec
     9                           	psect	rparam,global,class=COMRAM,space=1,delta=1,noexec
    10  0000                     
    11                           ; Version 2.10
    12                           ; Generated 31/07/2019 GMT
    13                           ; 
    14                           ; Copyright © 2019, Microchip Technology Inc. and its subsidiaries ("Microchip")
    15                           ; All rights reserved.
    16                           ; 
    17                           ; This software is developed by Microchip Technology Inc. and its subsidiaries ("Microch
      +                          ip").
    18                           ; 
    19                           ; Redistribution and use in source and binary forms, with or without modification, are
    20                           ; permitted provided that the following conditions are met:
    21                           ; 
    22                           ;     1. Redistributions of source code must retain the above copyright notice, this lis
      +                          t of
    23                           ;        conditions and the following disclaimer.
    24                           ; 
    25                           ;     2. Redistributions in binary form must reproduce the above copyright notice, this 
      +                          list
    26                           ;        of conditions and the following disclaimer in the documentation and/or other
    27                           ;        materials provided with the distribution.
    28                           ; 
    29                           ;     3. Microchip's name may not be used to endorse or promote products derived from th
      +                          is
    30                           ;        software without specific prior written permission.
    31                           ; 
    32                           ; THIS SOFTWARE IS PROVIDED BY MICROCHIP "AS IS" AND ANY EXPRESS OR IMPLIED WARRANTIES,
    33                           ; INCLUDING, BUT NOT LIMITED TO, THE IMPLIED WARRANTIES OF MERCHANTABILITY AND FITNESS F
      +                          OR
    34                           ; PURPOSE ARE DISCLAIMED.  IN NO EVENT SHALL MICROCHIP BE LIABLE FOR ANY DIRECT, INDIREC
      +                          T,
    35                           ; INCIDENTAL, SPECIAL, EXEMPLARY, OR CONSEQUENTIAL DAMAGES (INCLUDING BUT NOT LIMITED TO
    36                           ; PROCUREMENT OF SUBSTITUTE GOODS OR SERVICES; LOSS OF USE, DATA OR PROFITS; OR BUSINESS
    37                           ; INTERRUPTION) HOWSOEVER CAUSED AND ON ANY THEORY OF LIABILITY, WHETHER IN CONTRACT, ST
      +                          RICT
    38                           ; LIABILITY, OR TORT (INCLUDING NEGLIGENCE OR OTHERWISE) ARISING IN ANY WAY OUT OF THE U
      +                          SE OF
    39                           ; THIS SOFTWARE, EVEN IF ADVISED OF THE POSSIBILITY OF SUCH DAMAGE.
    40                           ; 
    41                           ; 
    42                           ; Code-generator required, PIC18F46K20 Definitions
    43                           ; 
    44                           ; SFR Addresses
    45  0000                     _PORTCbits	set	3970
    46  0000                     _TRISCbits	set	3988
    47                           
    48                           ; #config settings
    49  0000                     
    50                           	psect	cinit
    51  00FFB8                     __pcinit:
    52                           	opt callstack 0
    53  00FFB8                     start_initialization:
    54                           	opt callstack 0
    55  00FFB8                     __initialization:
    56                           	opt callstack 0
    57  00FFB8                     end_of_initialization:
    58                           	opt callstack 0
    59  00FFB8                     __end_of__initialization:
    60                           	opt callstack 0
    61  00FFB8  0100               	movlb	0
    62  00FFBA  EFDF  F07F         	goto	_main	;jump to C main() function
    63                           
    64                           	psect	cstackCOMRAM
    65  000001                     __pcstackCOMRAM:
    66                           	opt callstack 0
    67  000001                     ??_main:
    68                           
    69                           ; 1 bytes @ 0x0
    70  000001                     	ds	2
    71                           
    72 ;;
    73 ;;Main: autosize = 0, tempsize = 2, incstack = 0, save=0
    74 ;;
    75 ;; *************** function _main *****************
    76 ;; Defined at:
    77 ;;		line 12 in file "application.c"
    78 ;; Parameters:    Size  Location     Type
    79 ;;		None
    80 ;; Auto vars:     Size  Location     Type
    81 ;;		None
    82 ;; Return value:  Size  Location     Type
    83 ;;                  1    wreg      void 
    84 ;; Registers used:
    85 ;;		wreg, status,2, status,0
    86 ;; Tracked objects:
    87 ;;		On entry : 0/0
    88 ;;		On exit  : 0/0
    89 ;;		Unchanged: 0/0
    90 ;; Data sizes:     COMRAM   BANK0   BANK1   BANK2   BANK3   BANK4   BANK5   BANK6   BANK7   BANK8   BANK9  BANK10  BANK1
      +1  BANK12  BANK13  BANK14  BANK15
    91 ;;      Params:         0       0       0       0       0       0       0       0       0       0       0       0       
      +0       0       0       0       0
    92 ;;      Locals:         0       0       0       0       0       0       0       0       0       0       0       0       
      +0       0       0       0       0
    93 ;;      Temps:          2       0       0       0       0       0       0       0       0       0       0       0       
      +0       0       0       0       0
    94 ;;      Totals:         2       0       0       0       0       0       0       0       0       0       0       0       
      +0       0       0       0       0
    95 ;;Total ram usage:        2 bytes
    96 ;; This function calls:
    97 ;;		Nothing
    98 ;; This function is called by:
    99 ;;		Startup code after reset
   100 ;; This function uses a non-reentrant model
   101 ;;
   102                           
   103                           	psect	text0
   104  00FFBE                     __ptext0:
   105                           	opt callstack 0
   106  00FFBE                     _main:
   107                           	opt callstack 31
   108  00FFBE                     
   109                           ;application.c: 13:     TRISCbits.RC0 = 0;
   110  00FFBE  9094               	bcf	148,0,c	;volatile
   111                           
   112                           ;application.c: 14:     PORTCbits.RC0 = 0;
   113  00FFC0  9082               	bcf	130,0,c	;volatile
   114  00FFC2                     l692:
   115                           
   116                           ;application.c: 16:         PORTCbits.RC0 =~ PORTCbits.RC0;
   117  00FFC2  B082               	btfsc	130,0,c	;volatile
   118  00FFC4  EFE6  F07F         	goto	u11
   119  00FFC8  EFE9  F07F         	goto	u10
   120  00FFCC                     u11:
   121  00FFCC  0E01               	movlw	1
   122  00FFCE  EFEA  F07F         	goto	u16
   123  00FFD2                     u10:
   124  00FFD2  0E00               	movlw	0
   125  00FFD4                     u16:
   126  00FFD4  0AFF               	xorlw	255
   127  00FFD6  6E01               	movwf	??_main^0,c
   128  00FFD8  5082               	movf	130,w,c	;volatile
   129  00FFDA  1801               	xorwf	??_main^0,w,c
   130  00FFDC  0BFE               	andlw	-2
   131  00FFDE  1801               	xorwf	??_main^0,w,c
   132  00FFE0  6E82               	movwf	130,c	;volatile
   133  00FFE2                     
   134                           ;application.c: 17:         _delay((unsigned long)((250)*(4000000UL/4000.0)));
   135  00FFE2  0E02               	movlw	2
   136  00FFE4  6E02               	movwf	(??_main+1)^0,c
   137  00FFE6  0E45               	movlw	69
   138  00FFE8  6E01               	movwf	??_main^0,c
   139  00FFEA  0EAA               	movlw	170
   140  00FFEC                     u27:
   141  00FFEC  2EE8               	decfsz	wreg,f,c
   142  00FFEE  D7FE               	bra	u27
   143  00FFF0  2E01               	decfsz	??_main^0,f,c
   144  00FFF2  D7FC               	bra	u27
   145  00FFF4  2E02               	decfsz	(??_main+1)^0,f,c
   146  00FFF6  D7FA               	bra	u27
   147  00FFF8  EFE1  F07F         	goto	l692
   148  00FFFC  EF00  F000         	goto	start
   149  010000                     __end_of_main:
   150                           	opt callstack 0
   151  0000                     
   152                           	psect	rparam
   153  0000                     tosu	equ	0xFFF
   154                           tosh	equ	0xFFE
   155                           tosl	equ	0xFFD
   156                           stkptr	equ	0xFFC
   157                           pclatu	equ	0xFFB
   158                           pclath	equ	0xFFA
   159                           pcl	equ	0xFF9
   160                           tblptru	equ	0xFF8
   161                           tblptrh	equ	0xFF7
   162                           tblptrl	equ	0xFF6
   163                           tablat	equ	0xFF5
   164                           prodh	equ	0xFF4
   165                           prodl	equ	0xFF3
   166                           indf0	equ	0xFEF
   167                           postinc0	equ	0xFEE
   168                           postdec0	equ	0xFED
   169                           preinc0	equ	0xFEC
   170                           plusw0	equ	0xFEB
   171                           fsr0h	equ	0xFEA
   172                           fsr0l	equ	0xFE9
   173                           wreg	equ	0xFE8
   174                           indf1	equ	0xFE7
   175                           postinc1	equ	0xFE6
   176                           postdec1	equ	0xFE5
   177                           preinc1	equ	0xFE4
   178                           plusw1	equ	0xFE3
   179                           fsr1h	equ	0xFE2
   180                           fsr1l	equ	0xFE1
   181                           bsr	equ	0xFE0
   182                           indf2	equ	0xFDF
   183                           postinc2	equ	0xFDE
   184                           postdec2	equ	0xFDD
   185                           preinc2	equ	0xFDC
   186                           plusw2	equ	0xFDB
   187                           fsr2h	equ	0xFDA
   188                           fsr2l	equ	0xFD9
   189                           status	equ	0xFD8


Data Sizes:
    Strings     0
    Constant    0
    Data        0
    BSS         0
    Persistent  0
    Stack       0

Auto Spaces:
    Space          Size  Autos    Used
    COMRAM           95      2       2
    BANK0           160      0       0
    BANK1           256      0       0
    BANK2           256      0       0
    BANK3           256      0       0
    BANK4           256      0       0
    BANK5           256      0       0
    BANK6           256      0       0
    BANK7           256      0       0
    BANK8           256      0       0
    BANK9           256      0       0
    BANK10          256      0       0
    BANK11          256      0       0
    BANK12          256      0       0
    BANK13          256      0       0
    BANK14          256      0       0
    BANK15           96      0       0

Pointer List with Targets:

    None.

Critical Paths under _main in COMRAM

    None.

Critical Paths under _main in BANK0

    None.

Critical Paths under _main in BANK1

    None.

Critical Paths under _main in BANK2

    None.

Critical Paths under _main in BANK3

    None.

Critical Paths under _main in BANK4

    None.

Critical Paths under _main in BANK5

    None.

Critical Paths under _main in BANK6

    None.

Critical Paths under _main in BANK7

    None.

Critical Paths under _main in BANK8

    None.

Critical Paths under _main in BANK9

    None.

Critical Paths under _main in BANK10

    None.

Critical Paths under _main in BANK11

    None.

Critical Paths under _main in BANK12

    None.

Critical Paths under _main in BANK13

    None.

Critical Paths under _main in BANK14

    None.

Critical Paths under _main in BANK15

    None.

Call Graph Tables:

 ---------------------------------------------------------------------------------
 (Depth) Function   	        Calls       Base Space   Used Autos Params    Refs
 ---------------------------------------------------------------------------------
 (0) _main                                                 2     2      0       0
                                              0 COMRAM     2     2      0
 ---------------------------------------------------------------------------------
 Estimated maximum stack depth 0
 ---------------------------------------------------------------------------------

 Call Graph Graphs:

 _main (ROOT)

 Address spaces:
Name               Size   Autos  Total    Cost      Usage
BITCOMRAM           5F      0       0       0        0.0%
EEDATA             400      0       0       0        0.0%
NULL                 0      0       0       0        0.0%
CODE                 0      0       0       0        0.0%
COMRAM              5F      2       2       1        2.1%
STACK                0      0       0       2        0.0%
DATA                 0      0       0       3        0.0%
BITBANK0            A0      0       0       4        0.0%
BANK0               A0      0       0       5        0.0%
BITBANK1           100      0       0       6        0.0%
BANK1              100      0       0       7        0.0%
BITBANK2           100      0       0       8        0.0%
BANK2              100      0       0       9        0.0%
BITBANK3           100      0       0      10        0.0%
BANK3              100      0       0      11        0.0%
BITBANK4           100      0       0      12        0.0%
BANK4              100      0       0      13        0.0%
BITBANK5           100      0       0      14        0.0%
BANK5              100      0       0      15        0.0%
BITBANK6           100      0       0      16        0.0%
BANK6              100      0       0      17        0.0%
BITBANK7           100      0       0      18        0.0%
BANK7              100      0       0      19        0.0%
BITBANK8           100      0       0      20        0.0%
BANK8              100      0       0      21        0.0%
BITBANK9           100      0       0      22        0.0%
BANK9              100      0       0      23        0.0%
BITBANK10          100      0       0      24        0.0%
BANK10             100      0       0      25        0.0%
BITBANK11          100      0       0      26        0.0%
BANK11             100      0       0      27        0.0%
BITBANK12          100      0       0      28        0.0%
BANK12             100      0       0      29        0.0%
BITBANK13          100      0       0      30        0.0%
BANK13             100      0       0      31        0.0%
ABS                  0      0       0      32        0.0%
BITBANK14          100      0       0      33        0.0%
BANK14             100      0       0      34        0.0%
BITBANK15           60      0       0      35        0.0%
BANK15              60      0       0      36        0.0%
BIGRAM             F5F      0       0      37        0.0%
BITSFR               0      0       0     200        0.0%
SFR                  0      0       0     200        0.0%


Microchip Technology PIC18 Macro Assembler V2.10 build 88905656 
Symbol Table                                                                                   Sat Sep 12 18:03:21 2020

                     u10 FFD2                       u11 FFCC                       u16 FFD4  
                     u27 FFEC             __CFG_CP0$OFF 000000             __CFG_CP1$OFF 000000  
           __CFG_CP2$OFF 000000             __CFG_CP3$OFF 000000              __CFG_LVP$ON 000000  
                    l690 FFBE                      l692 FFC2                      l694 FFE2  
           __CFG_CPB$OFF 000000             __CFG_CPD$OFF 000000             __CFG_BORV$18 000000  
                    wreg 000FE8             __CFG_FOSC$HS 000000                     _main FFBE  
                   start 0000            __CFG_IESO$OFF 000000            __CFG_MCLRE$ON 000000  
           ___param_bank 000000                    ?_main 0001            __CFG_PWRT$OFF 000000  
          __CFG_WRT0$OFF 000000            __CFG_WRT1$OFF 000000            __CFG_WRT2$OFF 000000  
          __CFG_WRT3$OFF 000000           __CFG_EBTR0$OFF 000000           __CFG_FCMEN$OFF 000000  
         __CFG_EBTR1$OFF 000000           __CFG_EBTR2$OFF 000000           __CFG_EBTR3$OFF 000000  
          __CFG_WRTB$OFF 000000            __CFG_WRTC$OFF 000000            __CFG_WRTD$OFF 000000  
         __CFG_EBTRB$OFF 000000           __CFG_BOREN$OFF 000000           __CFG_HFOFST$ON 000000  
         __CFG_PBADEN$ON 000000          __initialization FFB8             __end_of_main 0000  
                 ??_main 0001            __activetblptr 000000           __CFG_WDTEN$OFF 000000  
         __CFG_XINST$OFF 000000           __CFG_STVREN$ON 000000               __accesstop 0060  
__end_of__initialization FFB8            ___rparam_used 000001           __pcstackCOMRAM 0001  
                __Hparam 0000                  __Lparam 0000                  __pcinit FFB8  
                __ramtop 1000                  __ptext0 FFBE     end_of_initialization FFB8  
              _PORTCbits 000F82                _TRISCbits 000F94      start_initialization FFB8  
       __CFG_LPT1OSC$OFF 000000        __CFG_CCP2MX$PORTC 000000         __CFG_WDTPS$32768 000000  
               __Hrparam 0000                 __Lrparam 0000            __size_of_main 0042  
