

Microchip MPLAB XC8 Assembler V2.10 build 88905656 
                                                                                               Sat Nov 14 23:55:56 2020

Microchip MPLAB XC8 C Compiler v2.10 (Free license) build 20190730164152 Og1 
     1                           	processor	18F4620
     2                           	fnconf	rparam,??,?,0
     3                           	opt	pw 120
     4                           	opt	flic
     5                           	psect	idataCOMRAM,global,class=CODE,delta=1,noexec
     6                           	psect	nvCOMRAM,global,class=COMRAM,space=1,delta=1,noexec
     7                           	psect	smallconst,global,reloc=2,class=SMALLCONST,delta=1,noexec
     8                           	psect	cinit,global,reloc=2,class=CODE,delta=1
     9                           	psect	bssCOMRAM,global,class=COMRAM,space=1,delta=1,noexec
    10                           	psect	dataCOMRAM,global,class=COMRAM,space=1,delta=1,noexec
    11                           	psect	cstackCOMRAM,global,class=COMRAM,space=1,delta=1,noexec
    12                           	psect	text0,global,reloc=2,class=CODE,delta=1
    13                           	psect	text1,global,reloc=2,class=CODE,delta=1
    14                           	psect	text2,global,reloc=2,class=CODE,delta=1
    15                           	psect	text3,global,reloc=2,class=CODE,delta=1
    16                           	psect	text4,global,reloc=2,class=CODE,delta=1
    17                           	psect	text5,global,reloc=2,class=CODE,delta=1
    18                           	psect	intsave_regs,global,class=BIGRAM,space=1,delta=1,noexec
    19                           	psect	text6,global,reloc=2,class=CODE,delta=1
    20                           	psect	rparam,global,class=COMRAM,space=1,delta=1,noexec
    21  0000                     
    22                           ; Version 2.10
    23                           ; Generated 31/07/2019 GMT
    24                           ; 
    25                           ; Copyright © 2019, Microchip Technology Inc. and its subsidiaries ("Microchip")
    26                           ; All rights reserved.
    27                           ; 
    28                           ; This software is developed by Microchip Technology Inc. and its subsidiaries ("Microch
      +                          ip").
    29                           ; 
    30                           ; Redistribution and use in source and binary forms, with or without modification, are
    31                           ; permitted provided that the following conditions are met:
    32                           ; 
    33                           ;     1. Redistributions of source code must retain the above copyright notice, this lis
      +                          t of
    34                           ;        conditions and the following disclaimer.
    35                           ; 
    36                           ;     2. Redistributions in binary form must reproduce the above copyright notice, this 
      +                          list
    37                           ;        of conditions and the following disclaimer in the documentation and/or other
    38                           ;        materials provided with the distribution.
    39                           ; 
    40                           ;     3. Microchip's name may not be used to endorse or promote products derived from th
      +                          is
    41                           ;        software without specific prior written permission.
    42                           ; 
    43                           ; THIS SOFTWARE IS PROVIDED BY MICROCHIP "AS IS" AND ANY EXPRESS OR IMPLIED WARRANTIES,
    44                           ; INCLUDING, BUT NOT LIMITED TO, THE IMPLIED WARRANTIES OF MERCHANTABILITY AND FITNESS F
      +                          OR
    45                           ; PURPOSE ARE DISCLAIMED.  IN NO EVENT SHALL MICROCHIP BE LIABLE FOR ANY DIRECT, INDIREC
      +                          T,
    46                           ; INCIDENTAL, SPECIAL, EXEMPLARY, OR CONSEQUENTIAL DAMAGES (INCLUDING BUT NOT LIMITED TO
    47                           ; PROCUREMENT OF SUBSTITUTE GOODS OR SERVICES; LOSS OF USE, DATA OR PROFITS; OR BUSINESS
    48                           ; INTERRUPTION) HOWSOEVER CAUSED AND ON ANY THEORY OF LIABILITY, WHETHER IN CONTRACT, ST
      +                          RICT
    49                           ; LIABILITY, OR TORT (INCLUDING NEGLIGENCE OR OTHERWISE) ARISING IN ANY WAY OUT OF THE U
      +                          SE OF
    50                           ; THIS SOFTWARE, EVEN IF ADVISED OF THE POSSIBILITY OF SUCH DAMAGE.
    51                           ; 
    52                           ; 
    53                           ; Code-generator required, PIC18F4620 Definitions
    54                           ; 
    55                           ; SFR Addresses
    56  0000                     
    57                           	psect	idataCOMRAM
    58  00116C                     __pidataCOMRAM:
    59                           	opt callstack 0
    60                           
    61                           ;initializer for _btn_values
    62  00116C  37                 	db	55
    63  00116D  38                 	db	56
    64  00116E  39                 	db	57
    65  00116F  2F                 	db	47
    66  001170  34                 	db	52
    67  001171  35                 	db	53
    68  001172  36                 	db	54
    69  001173  2A                 	db	42
    70  001174  31                 	db	49
    71  001175  32                 	db	50
    72  001176  33                 	db	51
    73  001177  2D                 	db	45
    74  001178  2A                 	db	42
    75  001179  30                 	db	48
    76  00117A  3D                 	db	61
    77  00117B  2B                 	db	43
    78                           
    79                           ;initializer for _common_cathode_values
    80  00117C  3F                 	db	63
    81  00117D  06                 	db	6
    82  00117E  5B                 	db	91
    83  00117F  4F                 	db	79
    84  001180  66                 	db	102
    85  001181  6D                 	db	109
    86  001182  7D                 	db	125
    87  001183  07                 	db	7
    88  001184  7F                 	db	127
    89  001185  6F                 	db	111
    90                           
    91                           ;initializer for _common_anode_values
    92  001186  C0                 	db	192
    93  001187  F9                 	db	249
    94  001188  A4                 	db	164
    95  001189  B0                 	db	176
    96  00118A  99                 	db	153
    97  00118B  92                 	db	146
    98  00118C  82                 	db	130
    99  00118D  F8                 	db	248
   100  00118E  80                 	db	128
   101  00118F  90                 	db	144
   102                           
   103                           ;initializer for _port_register
   104  001190  80                 	db	128
   105  001191  0F                 	db	15
   106  001192  81                 	db	129
   107  001193  0F                 	db	15
   108  001194  82                 	db	130
   109  001195  0F                 	db	15
   110  001196  83                 	db	131
   111  001197  0F                 	db	15
   112  001198  84                 	db	132
   113  001199  0F                 	db	15
   114                           
   115                           ;initializer for _lat_register
   116  00119A  89                 	db	137
   117  00119B  0F                 	db	15
   118  00119C  8A                 	db	138
   119  00119D  0F                 	db	15
   120  00119E  8B                 	db	139
   121  00119F  0F                 	db	15
   122  0011A0  8C                 	db	140
   123  0011A1  0F                 	db	15
   124  0011A2  8D                 	db	141
   125  0011A3  0F                 	db	15
   126                           
   127                           ;initializer for _tris_register
   128  0011A4  92                 	db	146
   129  0011A5  0F                 	db	15
   130  0011A6  93                 	db	147
   131  0011A7  0F                 	db	15
   132  0011A8  94                 	db	148
   133  0011A9  0F                 	db	15
   134  0011AA  95                 	db	149
   135  0011AB  0F                 	db	15
   136  0011AC  96                 	db	150
   137  0011AD  0F                 	db	15
   138                           
   139                           ;initializer for _seg_2
   140  0011AE  03                 	db	3
   141  0011AF  00                 	db	0
   142                           
   143                           ;initializer for _seg_1
   144  0011B0  02                 	db	2
   145  0011B1  00                 	db	0
   146                           
   147                           	psect	nvCOMRAM
   148  000051                     __pnvCOMRAM:
   149                           	opt callstack 0
   150  000051                     _ptr:
   151                           	opt callstack 0
   152  000051                     	ds	2
   153  0000                     _PORTE	set	3972
   154  0000                     _PORTD	set	3971
   155  0000                     _PORTC	set	3970
   156  0000                     _PORTB	set	3969
   157  0000                     _PORTA	set	3968
   158  0000                     _LATE	set	3981
   159  0000                     _LATD	set	3980
   160  0000                     _LATC	set	3979
   161  0000                     _LATB	set	3978
   162  0000                     _LATA	set	3977
   163  0000                     _TRISE	set	3990
   164  0000                     _TRISD	set	3989
   165  0000                     _TRISC	set	3988
   166  0000                     _TRISB	set	3987
   167  0000                     _TRISA	set	3986
   168                           
   169                           	psect	smallconst
   170  001000                     __psmallconst:
   171                           	opt callstack 0
   172  001000  00                 	db	0
   173  001001                     STR_1:
   174  001001  25                 	db	37
   175  001002  69                 	db	105	;'i'
   176  001003  00                 	db	0
   177  0000                     
   178                           ; #config settings
   179  001004  00                 	db	0	; dummy byte at the end
   180  0000                     
   181                           	psect	cinit
   182  0011EE                     __pcinit:
   183                           	opt callstack 0
   184  0011EE                     start_initialization:
   185                           	opt callstack 0
   186  0011EE                     __initialization:
   187                           	opt callstack 0
   188                           
   189                           ; Initialize objects allocated to COMRAM (70 bytes)
   190                           ; load TBLPTR registers with __pidataCOMRAM
   191  0011EE  0E6C               	movlw	low __pidataCOMRAM
   192  0011F0  6EF6               	movwf	tblptrl,c
   193  0011F2  0E11               	movlw	high __pidataCOMRAM
   194  0011F4  6EF7               	movwf	tblptrh,c
   195  0011F6  0E00               	movlw	low (__pidataCOMRAM shr (0+16))
   196  0011F8  6EF8               	movwf	tblptru,c
   197  0011FA  EE00  F001         	lfsr	0,__pdataCOMRAM
   198  0011FE  EE10 F046          	lfsr	1,70
   199  001202                     copy_data0:
   200  001202  0009               	tblrd		*+
   201  001204  CFF5 FFEE          	movff	tablat,postinc0
   202  001208  50E5               	movf	postdec1,w,c
   203  00120A  50E1               	movf	fsr1l,w,c
   204  00120C  E1FA               	bnz	copy_data0
   205                           
   206                           ; Clear objects allocated to COMRAM (2 bytes)
   207  00120E  6A54               	clrf	(__pbssCOMRAM+1)& (0+255),c
   208  001210  6A53               	clrf	__pbssCOMRAM& (0+255),c
   209  001212                     end_of_initialization:
   210                           	opt callstack 0
   211  001212                     __end_of__initialization:
   212                           	opt callstack 0
   213  001212  0100               	movlb	0
   214  001214  EF4C  F008         	goto	_main	;jump to C main() function
   215                           
   216                           	psect	bssCOMRAM
   217  000053                     __pbssCOMRAM:
   218                           	opt callstack 0
   219  000053                     _tens:
   220                           	opt callstack 0
   221  000053                     	ds	1
   222  000054                     _ones:
   223                           	opt callstack 0
   224  000054                     	ds	1
   225                           
   226                           	psect	dataCOMRAM
   227  000001                     __pdataCOMRAM:
   228                           	opt callstack 0
   229  000001                     	ds	16
   230  000011                     _common_cathode_values:
   231                           	opt callstack 0
   232  000011                     	ds	10
   233  00001B                     _common_anode_values:
   234                           	opt callstack 0
   235  00001B                     	ds	10
   236  000025                     _port_register:
   237                           	opt callstack 0
   238  000025                     	ds	10
   239  00002F                     _lat_register:
   240                           	opt callstack 0
   241  00002F                     	ds	10
   242  000039                     _tris_register:
   243                           	opt callstack 0
   244  000039                     	ds	10
   245  000043                     _seg_2:
   246                           	opt callstack 0
   247  000043                     	ds	2
   248  000045                     _seg_1:
   249                           	opt callstack 0
   250  000045                     	ds	2
   251                           
   252                           	psect	cstackCOMRAM
   253  000047                     __pcstackCOMRAM:
   254                           	opt callstack 0
   255  000047                     gpio_port_direction_intialize@direction:
   256                           	opt callstack 0
   257  000047                     gpio_port_write_value@value:
   258                           	opt callstack 0
   259                           
   260                           ; 1 bytes @ 0x0
   261  000047                     	ds	1
   262  000048                     ??_gpio_port_direction_intialize:
   263  000048                     ??_gpio_port_write_value:
   264                           
   265                           ; 1 bytes @ 0x1
   266  000048                     	ds	3
   267  00004B                     gpio_port_direction_intialize@port:
   268                           	opt callstack 0
   269  00004B                     gpio_port_write_value@port:
   270                           	opt callstack 0
   271                           
   272                           ; 1 bytes @ 0x4
   273  00004B                     	ds	1
   274  00004C                     seven_segment_direct_connection_initialize@_seg:
   275                           	opt callstack 0
   276  00004C                     seven_segment_direct_connection_write_number@_seg:
   277                           	opt callstack 0
   278                           
   279                           ; 2 bytes @ 0x5
   280  00004C                     	ds	2
   281  00004E                     seven_segment_direct_connection_write_number@value:
   282                           	opt callstack 0
   283                           
   284                           ; 1 bytes @ 0x7
   285  00004E                     	ds	1
   286  00004F                     ??_main:
   287                           
   288                           ; 1 bytes @ 0x8
   289  00004F                     	ds	2
   290                           
   291 ;;
   292 ;;Main: autosize = 0, tempsize = 2, incstack = 0, save=0
   293 ;;
   294 ;; *************** function _main *****************
   295 ;; Defined at:
   296 ;;		line 24 in file "application.c"
   297 ;; Parameters:    Size  Location     Type
   298 ;;		None
   299 ;; Auto vars:     Size  Location     Type
   300 ;;		None
   301 ;; Return value:  Size  Location     Type
   302 ;;                  2  361[None  ] int 
   303 ;; Registers used:
   304 ;;		wreg, fsr2l, fsr2h, status,2, status,0, prodl, prodh, cstack
   305 ;; Tracked objects:
   306 ;;		On entry : 0/0
   307 ;;		On exit  : 0/0
   308 ;;		Unchanged: 0/0
   309 ;; Data sizes:     COMRAM   BANK0   BANK1   BANK2   BANK3   BANK4   BANK5   BANK6   BANK7   BANK8   BANK9  BANK10  BANK1
      +1  BANK12  BANK13  BANK14  BANK15
   310 ;;      Params:         0       0       0       0       0       0       0       0       0       0       0       0       
      +0       0       0       0       0
   311 ;;      Locals:         0       0       0       0       0       0       0       0       0       0       0       0       
      +0       0       0       0       0
   312 ;;      Temps:          2       0       0       0       0       0       0       0       0       0       0       0       
      +0       0       0       0       0
   313 ;;      Totals:         2       0       0       0       0       0       0       0       0       0       0       0       
      +0       0       0       0       0
   314 ;;Total ram usage:        2 bytes
   315 ;; Hardware stack levels required when called:    3
   316 ;; This function calls:
   317 ;;		_application_init
   318 ;;		_seven_segment_direct_connection_write_number
   319 ;; This function is called by:
   320 ;; This function uses a non-reentrant model
   321 ;;
   322                           
   323                           	psect	text0
   324  001098                     __ptext0:
   325                           	opt callstack 0
   326  001098                     _main:
   327                           	opt callstack 28
   328  001098                     
   329                           ;application.c: 25:     ptr = main;
   330  001098  0E98               	movlw	low _main
   331  00109A  6E51               	movwf	_ptr^0,c
   332  00109C  0E10               	movlw	high _main
   333  00109E  6E52               	movwf	(_ptr+1)^0,c
   334  0010A0                     
   335                           ;application.c: 26:     application_init();
   336  0010A0  EC1F  F009         	call	_application_init	;wreg free
   337  0010A4                     l1803:
   338                           
   339                           ;application.c: 28:         for(tens=0; tens<= 9; tens++){
   340  0010A4  0E00               	movlw	0
   341  0010A6  6E53               	movwf	_tens^0,c
   342  0010A8                     l1809:
   343                           
   344                           ;application.c: 29:             seven_segment_direct_connection_write_number(&seg_2, ten
      +                          s);
   345  0010A8  0E43               	movlw	low _seg_2
   346  0010AA  6E4C               	movwf	seven_segment_direct_connection_write_number@_seg^0,c
   347  0010AC  0E00               	movlw	high _seg_2
   348  0010AE  6E4D               	movwf	(seven_segment_direct_connection_write_number@_seg+1)^0,c
   349  0010B0  C053  F04E         	movff	_tens,seven_segment_direct_connection_write_number@value
   350  0010B4  EC87  F008         	call	_seven_segment_direct_connection_write_number	;wreg free
   351  0010B8                     
   352                           ;application.c: 30:             for(ones=0; ones<= 9; ones++){
   353  0010B8  0E00               	movlw	0
   354  0010BA  6E54               	movwf	_ones^0,c
   355  0010BC                     l1817:
   356                           
   357                           ;application.c: 31:                 seven_segment_direct_connection_write_number(&seg_1,
      +                           ones);
   358  0010BC  0E45               	movlw	low _seg_1
   359  0010BE  6E4C               	movwf	seven_segment_direct_connection_write_number@_seg^0,c
   360  0010C0  0E00               	movlw	high _seg_1
   361  0010C2  6E4D               	movwf	(seven_segment_direct_connection_write_number@_seg+1)^0,c
   362  0010C4  C054  F04E         	movff	_ones,seven_segment_direct_connection_write_number@value
   363  0010C8  EC87  F008         	call	_seven_segment_direct_connection_write_number	;wreg free
   364  0010CC                     
   365                           ;application.c: 32:                 _delay((unsigned long)((500)*(4000000UL/4000.0)));
   366  0010CC  0E03               	movlw	3
   367  0010CE  6E50               	movwf	(??_main+1)^0,c
   368  0010D0  0E8A               	movlw	138
   369  0010D2  6E4F               	movwf	??_main^0,c
   370  0010D4  0E56               	movlw	86
   371  0010D6                     u807:
   372  0010D6  2EE8               	decfsz	wreg,f,c
   373  0010D8  D7FE               	bra	u807
   374  0010DA  2E4F               	decfsz	??_main^0,f,c
   375  0010DC  D7FC               	bra	u807
   376  0010DE  2E50               	decfsz	(??_main+1)^0,f,c
   377  0010E0  D7FA               	bra	u807
   378  0010E2                     
   379                           ;application.c: 33:             }
   380  0010E2  2A54               	incf	_ones^0,f,c
   381  0010E4  0E09               	movlw	9
   382  0010E6  6454               	cpfsgt	_ones^0,c
   383  0010E8  EF78  F008         	goto	u781
   384  0010EC  EF7A  F008         	goto	u780
   385  0010F0                     u781:
   386  0010F0  EF5E  F008         	goto	l1817
   387  0010F4                     u780:
   388  0010F4                     
   389                           ;application.c: 34:         }
   390  0010F4  2A53               	incf	_tens^0,f,c
   391  0010F6  0E09               	movlw	9
   392  0010F8  6453               	cpfsgt	_tens^0,c
   393  0010FA  EF81  F008         	goto	u791
   394  0010FE  EF83  F008         	goto	u790
   395  001102                     u791:
   396  001102  EF54  F008         	goto	l1809
   397  001106                     u790:
   398  001106  EF52  F008         	goto	l1803
   399  00110A  EF00  F000         	goto	start
   400  00110E                     __end_of_main:
   401                           	opt callstack 0
   402                           
   403 ;; *************** function _seven_segment_direct_connection_write_number *****************
   404 ;; Defined at:
   405 ;;		line 18 in file "ecu/seven_segment/ecu_seven_segment.c"
   406 ;; Parameters:    Size  Location     Type
   407 ;;  _seg            2    5[COMRAM] PTR const struct .
   408 ;;		 -> seg_2(2), seg_1(2), 
   409 ;;  value           1    7[COMRAM] unsigned char 
   410 ;; Auto vars:     Size  Location     Type
   411 ;;		None
   412 ;; Return value:  Size  Location     Type
   413 ;;                  1    wreg      void 
   414 ;; Registers used:
   415 ;;		wreg, fsr2l, fsr2h, status,2, status,0, prodl, prodh, cstack
   416 ;; Tracked objects:
   417 ;;		On entry : 0/0
   418 ;;		On exit  : 0/0
   419 ;;		Unchanged: 0/0
   420 ;; Data sizes:     COMRAM   BANK0   BANK1   BANK2   BANK3   BANK4   BANK5   BANK6   BANK7   BANK8   BANK9  BANK10  BANK1
      +1  BANK12  BANK13  BANK14  BANK15
   421 ;;      Params:         3       0       0       0       0       0       0       0       0       0       0       0       
      +0       0       0       0       0
   422 ;;      Locals:         0       0       0       0       0       0       0       0       0       0       0       0       
      +0       0       0       0       0
   423 ;;      Temps:          0       0       0       0       0       0       0       0       0       0       0       0       
      +0       0       0       0       0
   424 ;;      Totals:         3       0       0       0       0       0       0       0       0       0       0       0       
      +0       0       0       0       0
   425 ;;Total ram usage:        3 bytes
   426 ;; Hardware stack levels used:    1
   427 ;; Hardware stack levels required when called:    1
   428 ;; This function calls:
   429 ;;		_gpio_port_write_value
   430 ;; This function is called by:
   431 ;;		_main
   432 ;; This function uses a non-reentrant model
   433 ;;
   434                           
   435                           	psect	text1
   436  00110E                     __ptext1:
   437                           	opt callstack 0
   438  00110E                     _seven_segment_direct_connection_write_number:
   439                           	opt callstack 29
   440  00110E                     
   441                           ;ecu/seven_segment/ecu_seven_segment.c: 19:     if(_seg->type == COMMON_ANODE){
   442  00110E  EE20 F001          	lfsr	2,1
   443  001112  504C               	movf	seven_segment_direct_connection_write_number@_seg^0,w,c
   444  001114  26D9               	addwf	fsr2l,f,c
   445  001116  504D               	movf	(seven_segment_direct_connection_write_number@_seg+1)^0,w,c
   446  001118  22DA               	addwfc	fsr2h,f,c
   447  00111A  50DF               	movf	indf2,w,c
   448  00111C  A4D8               	btfss	status,2,c
   449  00111E  EF93  F008         	goto	u771
   450  001122  EF95  F008         	goto	u770
   451  001126                     u771:
   452  001126  EFA6  F008         	goto	l1797
   453  00112A                     u770:
   454  00112A                     
   455                           ;ecu/seven_segment/ecu_seven_segment.c: 20:         gpio_port_write_value(_seg->port, co
      +                          mmon_anode_values[value]);
   456  00112A  0E1B               	movlw	low _common_anode_values
   457  00112C  244E               	addwf	seven_segment_direct_connection_write_number@value^0,w,c
   458  00112E  6ED9               	movwf	fsr2l,c
   459  001130  6ADA               	clrf	fsr2h,c
   460  001132  0E00               	movlw	high _common_anode_values
   461  001134  22DA               	addwfc	fsr2h,f,c
   462  001136  50DF               	movf	indf2,w,c
   463  001138  6E47               	movwf	gpio_port_write_value@value^0,c
   464  00113A  C04C  FFD9         	movff	seven_segment_direct_connection_write_number@_seg,fsr2l
   465  00113E  C04D  FFDA         	movff	seven_segment_direct_connection_write_number@_seg+1,fsr2h
   466  001142  50DF               	movf	indf2,w,c
   467  001144  ECD9  F008         	call	_gpio_port_write_value
   468                           
   469                           ;ecu/seven_segment/ecu_seven_segment.c: 21:     }
   470  001148  EFB5  F008         	goto	l388
   471  00114C                     l1797:
   472                           
   473                           ;ecu/seven_segment/ecu_seven_segment.c: 23:         gpio_port_write_value(_seg->port, co
      +                          mmon_cathode_values[value]);
   474  00114C  0E11               	movlw	low _common_cathode_values
   475  00114E  244E               	addwf	seven_segment_direct_connection_write_number@value^0,w,c
   476  001150  6ED9               	movwf	fsr2l,c
   477  001152  6ADA               	clrf	fsr2h,c
   478  001154  0E00               	movlw	high _common_cathode_values
   479  001156  22DA               	addwfc	fsr2h,f,c
   480  001158  50DF               	movf	indf2,w,c
   481  00115A  6E47               	movwf	gpio_port_write_value@value^0,c
   482  00115C  C04C  FFD9         	movff	seven_segment_direct_connection_write_number@_seg,fsr2l
   483  001160  C04D  FFDA         	movff	seven_segment_direct_connection_write_number@_seg+1,fsr2h
   484  001164  50DF               	movf	indf2,w,c
   485  001166  ECD9  F008         	call	_gpio_port_write_value
   486  00116A                     l388:
   487  00116A  0012               	return		;funcret
   488  00116C                     __end_of_seven_segment_direct_connection_write_number:
   489                           	opt callstack 0
   490                           
   491 ;; *************** function _application_init *****************
   492 ;; Defined at:
   493 ;;		line 39 in file "application.c"
   494 ;; Parameters:    Size  Location     Type
   495 ;;		None
   496 ;; Auto vars:     Size  Location     Type
   497 ;;		None
   498 ;; Return value:  Size  Location     Type
   499 ;;                  1    wreg      void 
   500 ;; Registers used:
   501 ;;		wreg, fsr2l, fsr2h, status,2, status,0, prodl, prodh, cstack
   502 ;; Tracked objects:
   503 ;;		On entry : 0/0
   504 ;;		On exit  : 0/0
   505 ;;		Unchanged: 0/0
   506 ;; Data sizes:     COMRAM   BANK0   BANK1   BANK2   BANK3   BANK4   BANK5   BANK6   BANK7   BANK8   BANK9  BANK10  BANK1
      +1  BANK12  BANK13  BANK14  BANK15
   507 ;;      Params:         0       0       0       0       0       0       0       0       0       0       0       0       
      +0       0       0       0       0
   508 ;;      Locals:         0       0       0       0       0       0       0       0       0       0       0       0       
      +0       0       0       0       0
   509 ;;      Temps:          0       0       0       0       0       0       0       0       0       0       0       0       
      +0       0       0       0       0
   510 ;;      Totals:         0       0       0       0       0       0       0       0       0       0       0       0       
      +0       0       0       0       0
   511 ;;Total ram usage:        0 bytes
   512 ;; Hardware stack levels used:    1
   513 ;; Hardware stack levels required when called:    2
   514 ;; This function calls:
   515 ;;		_seven_segment_direct_connection_initialize
   516 ;; This function is called by:
   517 ;;		_main
   518 ;; This function uses a non-reentrant model
   519 ;;
   520                           
   521                           	psect	text2
   522  00123E                     __ptext2:
   523                           	opt callstack 0
   524  00123E                     _application_init:
   525                           	opt callstack 28
   526  00123E                     
   527                           ;application.c: 40:    seven_segment_direct_connection_initialize(&seg_1);
   528  00123E  0E45               	movlw	low _seg_1
   529  001240  6E4C               	movwf	seven_segment_direct_connection_initialize@_seg^0,c
   530  001242  0E00               	movlw	high _seg_1
   531  001244  6E4D               	movwf	(seven_segment_direct_connection_initialize@_seg+1)^0,c
   532  001246  EC0C  F009         	call	_seven_segment_direct_connection_initialize	;wreg free
   533                           
   534                           ;application.c: 41:    seven_segment_direct_connection_initialize(&seg_2);
   535  00124A  0E43               	movlw	low _seg_2
   536  00124C  6E4C               	movwf	seven_segment_direct_connection_initialize@_seg^0,c
   537  00124E  0E00               	movlw	high _seg_2
   538  001250  6E4D               	movwf	(seven_segment_direct_connection_initialize@_seg+1)^0,c
   539  001252  EC0C  F009         	call	_seven_segment_direct_connection_initialize	;wreg free
   540  001256  0012               	return		;funcret
   541  001258                     __end_of_application_init:
   542                           	opt callstack 0
   543                           
   544 ;; *************** function _seven_segment_direct_connection_initialize *****************
   545 ;; Defined at:
   546 ;;		line 13 in file "ecu/seven_segment/ecu_seven_segment.c"
   547 ;; Parameters:    Size  Location     Type
   548 ;;  _seg            2    5[COMRAM] PTR const struct .
   549 ;;		 -> seg_2(2), seg_1(2), 
   550 ;; Auto vars:     Size  Location     Type
   551 ;;		None
   552 ;; Return value:  Size  Location     Type
   553 ;;                  1    wreg      void 
   554 ;; Registers used:
   555 ;;		wreg, fsr2l, fsr2h, status,2, status,0, prodl, prodh, cstack
   556 ;; Tracked objects:
   557 ;;		On entry : 0/0
   558 ;;		On exit  : 0/0
   559 ;;		Unchanged: 0/0
   560 ;; Data sizes:     COMRAM   BANK0   BANK1   BANK2   BANK3   BANK4   BANK5   BANK6   BANK7   BANK8   BANK9  BANK10  BANK1
      +1  BANK12  BANK13  BANK14  BANK15
   561 ;;      Params:         2       0       0       0       0       0       0       0       0       0       0       0       
      +0       0       0       0       0
   562 ;;      Locals:         0       0       0       0       0       0       0       0       0       0       0       0       
      +0       0       0       0       0
   563 ;;      Temps:          0       0       0       0       0       0       0       0       0       0       0       0       
      +0       0       0       0       0
   564 ;;      Totals:         2       0       0       0       0       0       0       0       0       0       0       0       
      +0       0       0       0       0
   565 ;;Total ram usage:        2 bytes
   566 ;; Hardware stack levels used:    1
   567 ;; Hardware stack levels required when called:    1
   568 ;; This function calls:
   569 ;;		_gpio_port_direction_intialize
   570 ;;		_gpio_port_write_value
   571 ;; This function is called by:
   572 ;;		_application_init
   573 ;; This function uses a non-reentrant model
   574 ;;
   575                           
   576                           	psect	text3
   577  001218                     __ptext3:
   578                           	opt callstack 0
   579  001218                     _seven_segment_direct_connection_initialize:
   580                           	opt callstack 28
   581  001218                     
   582                           ;ecu/seven_segment/ecu_seven_segment.c: 14:     gpio_port_direction_intialize(_seg->port
      +                          , 0x00U);
   583  001218  0E00               	movlw	0
   584  00121A  6E47               	movwf	gpio_port_direction_intialize@direction^0,c
   585  00121C  C04C  FFD9         	movff	seven_segment_direct_connection_initialize@_seg,fsr2l
   586  001220  C04D  FFDA         	movff	seven_segment_direct_connection_initialize@_seg+1,fsr2h
   587  001224  50DF               	movf	indf2,w,c
   588  001226  EC03  F008         	call	_gpio_port_direction_intialize
   589                           
   590                           ;ecu/seven_segment/ecu_seven_segment.c: 15:     gpio_port_write_value(_seg->port, 0X00);
   591  00122A  0E00               	movlw	0
   592  00122C  6E47               	movwf	gpio_port_write_value@value^0,c
   593  00122E  C04C  FFD9         	movff	seven_segment_direct_connection_initialize@_seg,fsr2l
   594  001232  C04D  FFDA         	movff	seven_segment_direct_connection_initialize@_seg+1,fsr2h
   595  001236  50DF               	movf	indf2,w,c
   596  001238  ECD9  F008         	call	_gpio_port_write_value
   597  00123C  0012               	return		;funcret
   598  00123E                     __end_of_seven_segment_direct_connection_initialize:
   599                           	opt callstack 0
   600                           
   601 ;; *************** function _gpio_port_write_value *****************
   602 ;; Defined at:
   603 ;;		line 206 in file "mcal/gpio/mcal_gpio.c"
   604 ;; Parameters:    Size  Location     Type
   605 ;;  port            1    wreg     enum E2460
   606 ;;  value           1    0[COMRAM] unsigned char 
   607 ;; Auto vars:     Size  Location     Type
   608 ;;  port            1    4[COMRAM] enum E2460
   609 ;;  ret             1    0        enum E2438
   610 ;; Return value:  Size  Location     Type
   611 ;;                  1    wreg      enum E2438
   612 ;; Registers used:
   613 ;;		wreg, fsr2l, fsr2h, status,2, status,0, prodl, prodh
   614 ;; Tracked objects:
   615 ;;		On entry : 0/0
   616 ;;		On exit  : 0/0
   617 ;;		Unchanged: 0/0
   618 ;; Data sizes:     COMRAM   BANK0   BANK1   BANK2   BANK3   BANK4   BANK5   BANK6   BANK7   BANK8   BANK9  BANK10  BANK1
      +1  BANK12  BANK13  BANK14  BANK15
   619 ;;      Params:         1       0       0       0       0       0       0       0       0       0       0       0       
      +0       0       0       0       0
   620 ;;      Locals:         2       0       0       0       0       0       0       0       0       0       0       0       
      +0       0       0       0       0
   621 ;;      Temps:          2       0       0       0       0       0       0       0       0       0       0       0       
      +0       0       0       0       0
   622 ;;      Totals:         5       0       0       0       0       0       0       0       0       0       0       0       
      +0       0       0       0       0
   623 ;;Total ram usage:        5 bytes
   624 ;; Hardware stack levels used:    1
   625 ;; This function calls:
   626 ;;		Nothing
   627 ;; This function is called by:
   628 ;;		_seven_segment_direct_connection_initialize
   629 ;;		_seven_segment_direct_connection_write_number
   630 ;; This function uses a non-reentrant model
   631 ;;
   632                           
   633                           	psect	text4
   634  0011B2                     __ptext4:
   635                           	opt callstack 0
   636  0011B2                     _gpio_port_write_value:
   637                           	opt callstack 29
   638                           
   639                           ;incstack = 0
   640                           ;gpio_port_write_value@port stored from wreg
   641  0011B2  6E4B               	movwf	gpio_port_write_value@port^0,c
   642  0011B4                     
   643                           ;mcal/gpio/mcal_gpio.c: 208:     if(port > 5U -1){
   644  0011B4  0E04               	movlw	4
   645  0011B6  644B               	cpfsgt	gpio_port_write_value@port^0,c
   646  0011B8  EFE0  F008         	goto	u761
   647  0011BC  EFE2  F008         	goto	u760
   648  0011C0                     u761:
   649  0011C0  EFE4  F008         	goto	l1783
   650  0011C4                     u760:
   651  0011C4  EFF6  F008         	goto	l326
   652  0011C8                     l1783:
   653                           
   654                           ;mcal/gpio/mcal_gpio.c: 212:         *lat_register[port] = value;
   655  0011C8  504B               	movf	gpio_port_write_value@port^0,w,c
   656  0011CA  0D02               	mullw	2
   657  0011CC  0E2F               	movlw	low _lat_register
   658  0011CE  24F3               	addwf	243,w,c
   659  0011D0  6ED9               	movwf	fsr2l,c
   660  0011D2  0E00               	movlw	high _lat_register
   661  0011D4  20F4               	addwfc	prodh,w,c
   662  0011D6  6EDA               	movwf	fsr2h,c
   663  0011D8  CFDE F048          	movff	postinc2,??_gpio_port_write_value
   664  0011DC  CFDD F049          	movff	postdec2,??_gpio_port_write_value+1
   665  0011E0  C048  FFD9         	movff	??_gpio_port_write_value,fsr2l
   666  0011E4  C049  FFDA         	movff	??_gpio_port_write_value+1,fsr2h
   667  0011E8  C047  FFDF         	movff	gpio_port_write_value@value,indf2
   668  0011EC                     l326:
   669  0011EC  0012               	return		;funcret
   670  0011EE                     __end_of_gpio_port_write_value:
   671                           	opt callstack 0
   672                           
   673 ;; *************** function _gpio_port_direction_intialize *****************
   674 ;; Defined at:
   675 ;;		line 160 in file "mcal/gpio/mcal_gpio.c"
   676 ;; Parameters:    Size  Location     Type
   677 ;;  port            1    wreg     enum E2460
   678 ;;  direction       1    0[COMRAM] enum E2446
   679 ;; Auto vars:     Size  Location     Type
   680 ;;  port            1    4[COMRAM] enum E2460
   681 ;;  ret             1    0        enum E2438
   682 ;; Return value:  Size  Location     Type
   683 ;;                  1    wreg      enum E2438
   684 ;; Registers used:
   685 ;;		wreg, fsr2l, fsr2h, status,2, status,0, prodl, prodh
   686 ;; Tracked objects:
   687 ;;		On entry : 0/0
   688 ;;		On exit  : 0/0
   689 ;;		Unchanged: 0/0
   690 ;; Data sizes:     COMRAM   BANK0   BANK1   BANK2   BANK3   BANK4   BANK5   BANK6   BANK7   BANK8   BANK9  BANK10  BANK1
      +1  BANK12  BANK13  BANK14  BANK15
   691 ;;      Params:         1       0       0       0       0       0       0       0       0       0       0       0       
      +0       0       0       0       0
   692 ;;      Locals:         2       0       0       0       0       0       0       0       0       0       0       0       
      +0       0       0       0       0
   693 ;;      Temps:          2       0       0       0       0       0       0       0       0       0       0       0       
      +0       0       0       0       0
   694 ;;      Totals:         5       0       0       0       0       0       0       0       0       0       0       0       
      +0       0       0       0       0
   695 ;;Total ram usage:        5 bytes
   696 ;; Hardware stack levels used:    1
   697 ;; This function calls:
   698 ;;		Nothing
   699 ;; This function is called by:
   700 ;;		_seven_segment_direct_connection_initialize
   701 ;; This function uses a non-reentrant model
   702 ;;
   703                           
   704                           	psect	text5
   705  001006                     __ptext5:
   706                           	opt callstack 0
   707  001006                     _gpio_port_direction_intialize:
   708                           	opt callstack 28
   709                           
   710                           ;incstack = 0
   711                           ;gpio_port_direction_intialize@port stored from wreg
   712  001006  6E4B               	movwf	gpio_port_direction_intialize@port^0,c
   713  001008                     
   714                           ;mcal/gpio/mcal_gpio.c: 162:     if(port > 5U -1){
   715  001008  0E04               	movlw	4
   716  00100A  644B               	cpfsgt	gpio_port_direction_intialize@port^0,c
   717  00100C  EF0A  F008         	goto	u751
   718  001010  EF0C  F008         	goto	u750
   719  001014                     u751:
   720  001014  EF36  F008         	goto	l1765
   721  001018                     u750:
   722  001018  EF4B  F008         	goto	l309
   723  00101C                     l1759:
   724                           
   725                           ;mcal/gpio/mcal_gpio.c: 168:                 *tris_register[port] = 0x00U;
   726  00101C  504B               	movf	gpio_port_direction_intialize@port^0,w,c
   727  00101E  0D02               	mullw	2
   728  001020  0E39               	movlw	low _tris_register
   729  001022  24F3               	addwf	243,w,c
   730  001024  6ED9               	movwf	fsr2l,c
   731  001026  0E00               	movlw	high _tris_register
   732  001028  20F4               	addwfc	prodh,w,c
   733  00102A  6EDA               	movwf	fsr2h,c
   734  00102C  CFDE F048          	movff	postinc2,??_gpio_port_direction_intialize
   735  001030  CFDD F049          	movff	postdec2,??_gpio_port_direction_intialize+1
   736  001034  C048  FFD9         	movff	??_gpio_port_direction_intialize,fsr2l
   737  001038  C049  FFDA         	movff	??_gpio_port_direction_intialize+1,fsr2h
   738  00103C  0E00               	movlw	0
   739  00103E  6EDF               	movwf	indf2,c
   740                           
   741                           ;mcal/gpio/mcal_gpio.c: 169:                 break;
   742  001040  EF4B  F008         	goto	l1767
   743  001044                     l1761:
   744                           
   745                           ;mcal/gpio/mcal_gpio.c: 171:                 *tris_register[port] = 0xFFU;
   746  001044  504B               	movf	gpio_port_direction_intialize@port^0,w,c
   747  001046  0D02               	mullw	2
   748  001048  0E39               	movlw	low _tris_register
   749  00104A  24F3               	addwf	243,w,c
   750  00104C  6ED9               	movwf	fsr2l,c
   751  00104E  0E00               	movlw	high _tris_register
   752  001050  20F4               	addwfc	prodh,w,c
   753  001052  6EDA               	movwf	fsr2h,c
   754  001054  CFDE F048          	movff	postinc2,??_gpio_port_direction_intialize
   755  001058  CFDD F049          	movff	postdec2,??_gpio_port_direction_intialize+1
   756  00105C  C048  FFD9         	movff	??_gpio_port_direction_intialize,fsr2l
   757  001060  C049  FFDA         	movff	??_gpio_port_direction_intialize+1,fsr2h
   758  001064  0EFF               	movlw	255
   759  001066  6EDF               	movwf	indf2,c
   760                           
   761                           ;mcal/gpio/mcal_gpio.c: 172:                 break;
   762  001068  EF4B  F008         	goto	l1767
   763  00106C                     l1765:
   764  00106C  5047               	movf	gpio_port_direction_intialize@direction^0,w,c
   765  00106E  6E48               	movwf	??_gpio_port_direction_intialize^0,c
   766  001070  6A49               	clrf	(??_gpio_port_direction_intialize+1)^0,c
   767                           
   768                           ; Switch on 2 bytes has been partitioned into a top level switch of size 1, and 1 sub-sw
      +                          itches
   769                           ; Switch size 1, requested type "simple"
   770                           ; Number of cases is 1, Range of values is 0 to 0
   771                           ; switch strategies available:
   772                           ; Name         Instructions Cycles
   773                           ; simple_byte            4     3 (average)
   774                           ;	Chosen strategy is simple_byte
   775  001072  5049               	movf	(??_gpio_port_direction_intialize+1)^0,w,c
   776  001074  0A00               	xorlw	0	; case 0
   777  001076  B4D8               	btfsc	status,2,c
   778  001078  EF40  F008         	goto	l1833
   779  00107C  EF4B  F008         	goto	l309
   780  001080                     l1833:
   781                           
   782                           ; Switch size 1, requested type "simple"
   783                           ; Number of cases is 2, Range of values is 0 to 1
   784                           ; switch strategies available:
   785                           ; Name         Instructions Cycles
   786                           ; simple_byte            7     4 (average)
   787                           ;	Chosen strategy is simple_byte
   788  001080  5048               	movf	??_gpio_port_direction_intialize^0,w,c
   789  001082  0A00               	xorlw	0	; case 0
   790  001084  B4D8               	btfsc	status,2,c
   791  001086  EF0E  F008         	goto	l1759
   792  00108A  0A01               	xorlw	1	; case 1
   793  00108C  B4D8               	btfsc	status,2,c
   794  00108E  EF22  F008         	goto	l1761
   795  001092  EF4B  F008         	goto	l309
   796  001096                     l1767:
   797  001096                     l309:
   798  001096  0012               	return		;funcret
   799  001098                     __end_of_gpio_port_direction_intialize:
   800                           	opt callstack 0
   801                           
   802                           	psect	text6
   803  000000                     __ptext6:
   804                           	opt callstack 0
   805  000000                     
   806                           	psect	rparam
   807  0000                     tosu	equ	0xFFF
   808                           tosh	equ	0xFFE
   809                           tosl	equ	0xFFD
   810                           stkptr	equ	0xFFC
   811                           pclatu	equ	0xFFB
   812                           pclath	equ	0xFFA
   813                           pcl	equ	0xFF9
   814                           tblptru	equ	0xFF8
   815                           tblptrh	equ	0xFF7
   816                           tblptrl	equ	0xFF6
   817                           tablat	equ	0xFF5
   818                           prodh	equ	0xFF4
   819                           prodl	equ	0xFF3
   820                           indf0	equ	0xFEF
   821                           postinc0	equ	0xFEE
   822                           postdec0	equ	0xFED
   823                           preinc0	equ	0xFEC
   824                           plusw0	equ	0xFEB
   825                           fsr0h	equ	0xFEA
   826                           fsr0l	equ	0xFE9
   827                           wreg	equ	0xFE8
   828                           indf1	equ	0xFE7
   829                           postinc1	equ	0xFE6
   830                           postdec1	equ	0xFE5
   831                           preinc1	equ	0xFE4
   832                           plusw1	equ	0xFE3
   833                           fsr1h	equ	0xFE2
   834                           fsr1l	equ	0xFE1
   835                           bsr	equ	0xFE0
   836                           indf2	equ	0xFDF
   837                           postinc2	equ	0xFDE
   838                           postdec2	equ	0xFDD
   839                           preinc2	equ	0xFDC
   840                           plusw2	equ	0xFDB
   841                           fsr2h	equ	0xFDA
   842                           fsr2l	equ	0xFD9
   843                           status	equ	0xFD8


Data Sizes:
    Strings     3
    Constant    0
    Data        70
    BSS         2
    Persistent  2
    Stack       0

Auto Spaces:
    Space          Size  Autos    Used
    COMRAM          127     10      84
    BANK0           128      0       0
    BANK1           256      0       0
    BANK2           256      0       0
    BANK3           256      0       0
    BANK4           256      0       0
    BANK5           256      0       0
    BANK6           256      0       0
    BANK7           256      0       0
    BANK8           256      0       0
    BANK9           256      0       0
    BANK10          256      0       0
    BANK11          256      0       0
    BANK12          256      0       0
    BANK13          256      0       0
    BANK14          256      0       0
    BANK15          128      0       0

Pointer List with Targets:

    vfprintf$2	PTR PTR void  size(2) Largest target is 2
		 -> sprintf@ap(COMRAM[2]), 

    vfprintf$1	PTR const unsigned char  size(2) Largest target is 3
		 -> STR_3(CODE[3]), STR_2(CODE[3]), STR_1(CODE[3]), 

    vfprintf$0	PTR struct _IO_FILE size(2) Largest target is 7
		 -> sprintf@f(COMRAM[6]), 

    S1088_IO_FILE$buffer	PTR unsigned char  size(2) Largest target is 0

    f.buffer	PTR unsigned char  size(2) Largest target is 0

    seven_segment_direct_connection_write_number@_seg	PTR const struct . size(2) Largest target is 2
		 -> seg_2(COMRAM[2]), seg_1(COMRAM[2]), 

    seven_segment_direct_connection_initialize@_seg	PTR const struct . size(2) Largest target is 2
		 -> seg_2(COMRAM[2]), seg_1(COMRAM[2]), 

    ptr	PTR FTN()int  size(2) Largest target is 2
		 -> Absolute function(), main(), 

    port_register	PTR volatile unsigned char [5] size(2) Largest target is 1
		 -> PORTE(SFR[1]), PORTD(SFR[1]), PORTC(SFR[1]), PORTB(SFR[1]), 
		 -> PORTA(SFR[1]), 

    lat_register	PTR volatile unsigned char [5] size(2) Largest target is 1
		 -> LATE(SFR[1]), LATD(SFR[1]), LATC(SFR[1]), LATB(SFR[1]), 
		 -> LATA(SFR[1]), 

    tris_register	PTR volatile unsigned char [5] size(2) Largest target is 1
		 -> TRISE(SFR[1]), TRISD(SFR[1]), TRISC(SFR[1]), TRISB(SFR[1]), 
		 -> TRISA(SFR[1]), 


Critical Paths under _main in COMRAM

    _main->_seven_segment_direct_connection_write_number
    _seven_segment_direct_connection_write_number->_gpio_port_write_value
    _application_init->_seven_segment_direct_connection_initialize
    _seven_segment_direct_connection_initialize->_gpio_port_direction_intialize
    _seven_segment_direct_connection_initialize->_gpio_port_write_value

Critical Paths under _main in BANK0

    None.

Critical Paths under _main in BANK1

    None.

Critical Paths under _main in BANK2

    None.

Critical Paths under _main in BANK3

    None.

Critical Paths under _main in BANK4

    None.

Critical Paths under _main in BANK5

    None.

Critical Paths under _main in BANK6

    None.

Critical Paths under _main in BANK7

    None.

Critical Paths under _main in BANK8

    None.

Critical Paths under _main in BANK9

    None.

Critical Paths under _main in BANK10

    None.

Critical Paths under _main in BANK11

    None.

Critical Paths under _main in BANK12

    None.

Critical Paths under _main in BANK13

    None.

Critical Paths under _main in BANK14

    None.

Critical Paths under _main in BANK15

    None.

Call Graph Tables:

 ---------------------------------------------------------------------------------
 (Depth) Function   	        Calls       Base Space   Used Autos Params    Refs
 ---------------------------------------------------------------------------------
 (0) _main                                                 2     2      0    1398
                                              8 COMRAM     2     2      0
                   _application_init
_seven_segment_direct_connection_wri
 ---------------------------------------------------------------------------------
 (1) _seven_segment_direct_connection_write_number         3     0      3     716
                                              5 COMRAM     3     0      3
              _gpio_port_write_value
 ---------------------------------------------------------------------------------
 (1) _application_init                                     0     0      0     682
_seven_segment_direct_connection_ini
 ---------------------------------------------------------------------------------
 (2) _seven_segment_direct_connection_initialize           2     0      2     682
                                              5 COMRAM     2     0      2
      _gpio_port_direction_intialize
              _gpio_port_write_value
 ---------------------------------------------------------------------------------
 (2) _gpio_port_write_value                                5     4      1     302
                                              0 COMRAM     5     4      1
 ---------------------------------------------------------------------------------
 (3) _gpio_port_direction_intialize                        5     4      1     184
                                              0 COMRAM     5     4      1
 ---------------------------------------------------------------------------------
 Estimated maximum stack depth 3
 ---------------------------------------------------------------------------------

 Call Graph Graphs:

 _main (ROOT)
   _application_init
     _seven_segment_direct_connection_initialize
       _gpio_port_direction_intialize
       _gpio_port_write_value
   _seven_segment_direct_connection_write_number
     _gpio_port_write_value

 Address spaces:
Name               Size   Autos  Total    Cost      Usage
BIGRAM             F7F      0       0      37        0.0%
EEDATA             400      0       0       0        0.0%
BITBANK14          100      0       0      32        0.0%
BANK14             100      0       0      33        0.0%
BITBANK13          100      0       0      30        0.0%
BANK13             100      0       0      31        0.0%
BITBANK12          100      0       0      28        0.0%
BANK12             100      0       0      29        0.0%
BITBANK11          100      0       0      26        0.0%
BANK11             100      0       0      27        0.0%
BITBANK10          100      0       0      24        0.0%
BANK10             100      0       0      25        0.0%
BITBANK9           100      0       0      22        0.0%
BANK9              100      0       0      23        0.0%
BITBANK8           100      0       0      20        0.0%
BANK8              100      0       0      21        0.0%
BITBANK7           100      0       0      18        0.0%
BANK7              100      0       0      19        0.0%
BITBANK6           100      0       0      16        0.0%
BANK6              100      0       0      17        0.0%
BITBANK5           100      0       0      14        0.0%
BANK5              100      0       0      15        0.0%
BITBANK4           100      0       0      12        0.0%
BANK4              100      0       0      13        0.0%
BITBANK3           100      0       0      10        0.0%
BANK3              100      0       0      11        0.0%
BITBANK2           100      0       0       8        0.0%
BANK2              100      0       0       9        0.0%
BITBANK1           100      0       0       6        0.0%
BANK1              100      0       0       7        0.0%
BITBANK15           80      0       0      35        0.0%
BANK15              80      0       0      36        0.0%
BITBANK0            80      0       0       4        0.0%
BANK0               80      0       0       5        0.0%
BITCOMRAM           7F      0       0       0        0.0%
COMRAM              7F      A      54       1       66.1%
BITSFR               0      0       0     200        0.0%
SFR                  0      0       0     200        0.0%
STACK                0      0       0       2        0.0%
NULL                 0      0       0       0        0.0%
ABS                  0      0      54      34        0.0%
DATA                 0      0      54       3        0.0%
CODE                 0      0       0       0        0.0%


Microchip Technology PIC18 Macro Assembler V2.10 build 88905656 
Symbol Table                                                                                   Sat Nov 14 23:55:56 2020

                                          __CFG_BORV$1 000000  
                                         __CFG_CP0$OFF 000000  
                                         __CFG_CP1$OFF 000000  
                                         __CFG_CP2$OFF 000000  
                                         __CFG_CP3$OFF 000000  
                                          __CFG_OSC$HS 000000  
                                                  l309 1096  
                                                  l326 11EC  
                                                  l372 1256  
                                                  l383 123C  
                                                  l388 116A  
                                         __CFG_CPB$OFF 000000  
                                         __CFG_CPD$OFF 000000  
                                                  u750 1018  
                                                  u751 1014  
                                                  u807 10D6  
                                                  u760 11C4  
                                                  u761 11C0  
                                                  u770 112A  
                                                  u771 1126  
                                                  u780 10F4  
                                                  u781 10F0  
                                                  u790 1106  
                                                  u791 1102  
                                                  _ptr 0051  
                                                  prod 000FF3  
                                                  wreg 000FE8  
                                         __CFG_LVP$OFF 000000  
                                         __CFG_WDT$OFF 000000  
                                                 l1801 10A0  
                                                 l1811 10B8  
                                                 l1803 10A4  
                                                 l1821 10E2  
                                                 l1751 1008  
                                                 l1823 10E4  
                                                 l1833 1080  
                                                 l1761 1044  
                                                 l1753 1008  
                                                 l1825 10F4  
                                                 l1817 10BC  
                                                 l1809 10A8  
                                                 l1827 10F6  
                                                 l1819 10CC  
                                                 l1765 106C  
                                                 l1767 1096  
                                                 l1759 101C  
                                                 l1783 11C8  
                                                 l1775 11B4  
                                                 l1791 123E  
                                                 l1785 11EC  
                                                 l1777 11B4  
                                                 l1793 110E  
                                                 l1795 112A  
                                                 l1789 1218  
                                                 l1797 114C  
                                                 l1799 1098  
                                                 STR_1 1001  
                                                 _LATA 000F89  
                                                 _LATB 000F8A  
                                                 _LATC 000F8B  
                                                 _LATD 000F8C  
                                                 _LATE 000F8D  
                                                 _main 1098  
                                _common_cathode_values 0011  
                                                 _ones 0054  
                                                 _tens 0053  
                                                 fsr2h 000FDA  
                                                 indf2 000FDF  
                                                 fsr1l 000FE1  
                                                 fsr2l 000FD9  
                                                 prodl 000FF3  
                                                 start 0000  
                                        __CFG_IESO$OFF 000000  
    seven_segment_direct_connection_write_number@value 004E  
                                        __CFG_MCLRE$ON 000000  
                                         ___param_bank 000000  
                            __size_of_application_init 001A  
                           gpio_port_write_value@value 0047  
                                _gpio_port_write_value 11B2  
                                                ?_main 0047  
                                                _PORTA 000F80  
                                                _PORTB 000F81  
                                                _PORTC 000F82  
                                                _PORTD 000F83  
                                                _PORTE 000F84  
                                                _TRISA 000F92  
                                                _TRISB 000F93  
                                                _TRISC 000F94  
                                                _TRISD 000F95  
                                                _TRISE 000F96  
                                        __CFG_PWRT$OFF 000000  
                                        __CFG_WRT0$OFF 000000  
                                        __CFG_WRT1$OFF 000000  
                                        __CFG_WRT2$OFF 000000  
                                        __CFG_WRT3$OFF 000000  
                                       __CFG_EBTR0$OFF 000000  
                                       __CFG_FCMEN$OFF 000000  
                                       __CFG_EBTR1$OFF 000000  
                                       __CFG_EBTR2$OFF 000000  
                                       __CFG_EBTR3$OFF 000000  
                                        __CFG_WRTB$OFF 000000  
                                        __CFG_WRTC$OFF 000000  
                                        __CFG_WRTD$OFF 000000  
                                       __CFG_EBTRB$OFF 000000  
                                                _seg_1 0045  
                                                _seg_2 0043  
                                       __CFG_BOREN$OFF 000000  
                                                tablat 000FF5  
                                                status 000FD8  
                                       __CFG_PBADEN$ON 000000  
               gpio_port_direction_intialize@direction 0047  
                                      __initialization 11EE  
                                         __end_of_main 110E  
                                               ??_main 004F  
                                        __activetblptr 000003  
                       ?_gpio_port_direction_intialize 0047  
                                        _tris_register 0039  
                                       __CFG_XINST$OFF 000000  
                               ?_gpio_port_write_value 0047  
                                       __CFG_STVREN$ON 000000  
                                         __pdataCOMRAM 0001  
                                         __mediumconst 0000  
                                               tblptrh 000FF7  
                                               tblptrl 000FF6  
                                               tblptru 000FF8  
                            gpio_port_write_value@port 004B  
                                           __accesstop 0080  
                              __end_of__initialization 1212  
                                        ___rparam_used 000001  
                                       __pcstackCOMRAM 0047  
                                     _application_init 123E  
                                           __pnvCOMRAM 0051  
                                  _common_anode_values 001B  
                                           _btn_values 0001  
                                              __Hparam 0000  
                                              __Lparam 0000  
                                         __psmallconst 1000  
                                              __pcinit 11EE  
                                              __ramtop 1000  
                                              __ptext0 1098  
                                              __ptext1 110E  
                                              __ptext2 123E  
                                              __ptext3 1218  
                                              __ptext4 11B2  
                                              __ptext5 1006  
                                              __ptext6 0000  
                                              fp__main 0000  
                                 end_of_initialization 1212  
                      ??_gpio_port_direction_intialize 0048  
                              ??_gpio_port_write_value 0048  
                                              postdec1 000FE5  
                                              postdec2 000FDD  
                                              postinc0 000FEE  
                                              postinc2 000FDE  
                             __end_of_application_init 1258  
     seven_segment_direct_connection_write_number@_seg 004C  
                                        __pidataCOMRAM 116C  
                                  start_initialization 11EE  
                                         _lat_register 002F  
                __end_of_gpio_port_direction_intialize 1098  
               __size_of_gpio_port_direction_intialize 0092  
                        _gpio_port_direction_intialize 1006  
                                     __CFG_LPT1OSC$OFF 000000  
                    gpio_port_direction_intialize@port 004B  
                                          __pbssCOMRAM 0053  
                                    __CFG_CCP2MX$PORTC 000000  
                                          __smallconst 1000  
 __end_of_seven_segment_direct_connection_write_number 116C  
__size_of_seven_segment_direct_connection_write_number 005E  
       ??_seven_segment_direct_connection_write_number 004F  
        ?_seven_segment_direct_connection_write_number 004C  
         _seven_segment_direct_connection_write_number 110E  
                       __size_of_gpio_port_write_value 003C  
                        __end_of_gpio_port_write_value 11EE  
                                     __CFG_WDTPS$32768 000000  
                                    ?_application_init 0047  
                                            copy_data0 1202  
                                   ??_application_init 004E  
                                             __Hrparam 0000  
                                             __Lrparam 0000  
       seven_segment_direct_connection_initialize@_seg 004C  
   __end_of_seven_segment_direct_connection_initialize 123E  
  __size_of_seven_segment_direct_connection_initialize 0026  
         ??_seven_segment_direct_connection_initialize 004E  
          ?_seven_segment_direct_connection_initialize 004C  
           _seven_segment_direct_connection_initialize 1218  
                                        __size_of_main 0076  
                                        _port_register 0025  
